Linux 6.14.0-36-generic (legion) 	04/11/2026 	_x86_64_	(12 CPU)

01:39:14 PM   UID       PID    %usr %system  %guest   %wait    %CPU   CPU  Command
01:39:15 PM  1000    205890    0.00    2.00    0.00    0.00    2.00    10  component_conta
01:39:16 PM  1000    205890    0.00    1.00    0.00    0.00    1.00     8  component_conta
01:39:17 PM  1000    205890    0.00    2.00    0.00    0.00    2.00     8  component_conta
01:39:18 PM  1000    205890    1.00    1.00    0.00    0.00    2.00     8  component_conta
01:39:19 PM  1000    205890    0.00    2.00    0.00    0.00    2.00     0  component_conta
01:39:20 PM  1000    205890    0.00    1.00    0.00    0.00    1.00     8  component_conta
01:39:21 PM  1000    205890    1.00    2.00    0.00    0.00    3.00     8  component_conta
01:39:22 PM  1000    205890    0.00    2.00    0.00    0.00    2.00     8  component_conta
01:39:23 PM  1000    205890    0.00    1.00    0.00    0.00    1.00     7  component_conta
01:39:24 PM  1000    205890    0.00    2.00    0.00    0.00    2.00     7  component_conta
01:39:25 PM  1000    205890    0.00    1.00    0.00    0.00    1.00     7  component_conta
01:39:26 PM  1000    205890    1.00    2.00    0.00    0.00    3.00     7  component_conta
01:39:27 PM  1000    205890    0.00    1.00    0.00    0.00    1.00     8  component_conta
01:39:28 PM  1000    205890    0.00    2.00    0.00    0.00    2.00    10  component_conta
01:39:29 PM  1000    205890    0.00    2.00    0.00    0.00    2.00    10  component_conta
01:39:30 PM  1000    205890    0.00    2.00    0.00    0.00    2.00    10  component_conta
01:39:31 PM  1000    205890    1.00    1.00    0.00    0.00    2.00    10  component_conta
01:39:32 PM  1000    205890    0.00    1.98    0.00    0.00    1.98    10  component_conta
01:39:33 PM  1000    205890    0.00    1.00    0.00    0.00    1.00    10  component_conta
01:39:34 PM  1000    205890    1.00    2.00    0.00    0.00    3.00    10  component_conta
01:39:35 PM  1000    205890    0.00    1.00    0.00    0.00    1.00     0  component_conta
01:39:36 PM  1000    205890    1.00    1.00    0.00    0.00    2.00     0  component_conta
01:39:37 PM  1000    205890    0.00    1.00    0.00    0.00    1.00    11  component_conta
01:39:38 PM  1000    205890    1.00    2.00    0.00    0.00    3.00    11  component_conta
01:39:39 PM  1000    205890    0.00    1.00    0.00    0.00    1.00    11  component_conta
01:39:40 PM  1000    205890    0.00    1.00    0.00    0.00    1.00    11  component_conta
01:39:41 PM  1000    205890    0.00    2.00    0.00    0.00    2.00    11  component_conta
01:39:42 PM  1000    205890    1.00    2.00    0.00    0.00    3.00     4  component_conta
01:39:43 PM  1000    205890    0.00    1.00    0.00    0.00    1.00     2  component_conta
01:39:44 PM  1000    205890    1.00    1.00    0.00    0.00    2.00     8  component_conta
01:39:45 PM  1000    205890    0.00    2.00    0.00    0.00    2.00     8  component_conta
01:39:46 PM  1000    205890    0.00    1.00    0.00    0.00    1.00     8  component_conta
01:39:47 PM  1000    205890    1.00    2.00    0.00    0.00    3.00     8  component_conta
01:39:48 PM  1000    205890    0.00    1.00    0.00    0.00    1.00     8  component_conta
01:39:49 PM  1000    205890    1.00    1.00    0.00    0.00    2.00     8  component_conta
01:39:50 PM  1000    205890    1.00    1.00    0.00    0.00    2.00     8  component_conta
01:39:51 PM  1000    205890    0.00    2.00    0.00    0.00    2.00     8  component_conta
01:39:52 PM  1000    205890    0.00    1.00    0.00    0.00    1.00     6  component_conta
01:39:53 PM  1000    205890    0.00    2.00    0.00    0.00    2.00     6  component_conta
01:39:54 PM  1000    205890    0.00    1.00    0.00    0.00    1.00     6  component_conta
01:39:55 PM  1000    205890    1.00    1.00    0.00    0.00    2.00     6  component_conta
01:39:56 PM  1000    205890    0.00    1.00    0.00    0.00    1.00     6  component_conta
01:39:57 PM  1000    205890    1.00    2.00    0.00    0.00    3.00     6  component_conta
01:39:58 PM  1000    205890    0.00    1.00    0.00    0.00    1.00     6  component_conta
01:39:59 PM  1000    205890    1.00    1.00    0.00    0.00    2.00     8  component_conta
01:40:00 PM  1000    205890    0.00    1.00    0.00    0.00    1.00     8  component_conta
01:40:01 PM  1000    205890    0.00    2.00    0.00    0.00    2.00     8  component_conta
01:40:02 PM  1000    205890    1.00    1.00    0.00    0.00    2.00     8  component_conta
01:40:03 PM  1000    205890    0.00    1.00    0.00    0.00    1.00     8  component_conta
01:40:04 PM  1000    205890    1.00    2.00    0.00    0.00    3.00     8  component_conta
01:40:05 PM  1000    205890    0.00    1.00    0.00    0.00    1.00    10  component_conta
01:40:06 PM  1000    205890    0.00    2.00    0.00    0.00    2.00    10  component_conta
01:40:07 PM  1000    205890    1.00    1.00    0.00    0.00    2.00    10  component_conta
01:40:08 PM  1000    205890    0.00    1.00    0.00    0.00    1.00    10  component_conta
01:40:09 PM  1000    205890    0.00    2.00    0.00    0.00    2.00    10  component_conta
01:40:10 PM  1000    205890    1.00    1.00    0.00    0.00    2.00     2  component_conta
01:40:11 PM  1000    205890    0.00    1.00    0.00    0.00    1.00     2  component_conta
01:40:12 PM  1000    205890    1.00    1.00    0.00    0.00    2.00     2  component_conta
01:40:13 PM  1000    205890    0.00    1.00    0.00    0.00    1.00     2  component_conta
01:40:14 PM  1000    205890    0.00    2.00    0.00    0.00    2.00     2  component_conta
01:40:15 PM  1000    205890    0.00    1.00    0.00    0.00    1.00     2  component_conta
01:40:16 PM  1000    205890    1.00    2.00    0.00    0.00    3.00     4  component_conta
01:40:17 PM  1000    205890    0.00    1.00    0.00    0.00    1.00     8  component_conta
01:40:18 PM  1000    205890    1.00    2.00    0.00    0.00    3.00     8  component_conta
01:40:19 PM  1000    205890    0.00    1.00    0.00    0.00    1.00     8  component_conta
01:40:20 PM  1000    205890    0.00    2.00    0.00    0.00    2.00     8  component_conta
01:40:21 PM  1000    205890    1.00    1.00    0.00    0.00    2.00     8  component_conta
01:40:22 PM  1000    205890    0.00    2.00    0.00    0.00    2.00     6  component_conta
01:40:23 PM  1000    205890    1.00    1.00    0.00    0.00    2.00     6  component_conta
01:40:24 PM  1000    205890    0.00    1.00    0.00    0.00    1.00    10  component_conta
01:40:25 PM  1000    205890    0.00    2.00    0.00    0.00    2.00     6  component_conta
01:40:26 PM  1000    205890    1.00    1.00    0.00    0.00    2.00     0  component_conta
01:40:27 PM  1000    205890    0.00    1.00    0.00    0.00    1.00    10  component_conta
01:40:28 PM  1000    205890    0.00    2.00    0.00    0.00    2.00    10  component_conta
01:40:29 PM  1000    205890    0.00    2.00    0.00    0.00    2.00     0  component_conta
01:40:30 PM  1000    205890    1.00    1.00    0.00    0.00    2.00     0  component_conta
01:40:31 PM  1000    205890    0.00    2.00    0.00    0.00    2.00     0  component_conta
01:40:32 PM  1000    205890    0.00    2.00    0.00    0.00    2.00     0  component_conta
01:40:33 PM  1000    205890    1.00    1.00    0.00    0.00    2.00     0  component_conta
01:40:34 PM  1000    205890    0.00    2.00    0.00    0.00    2.00     2  component_conta
01:40:35 PM  1000    205890    1.00    1.00    0.00    0.00    2.00     6  component_conta
01:40:36 PM  1000    205890    0.00    1.00    0.00    0.00    1.00     6  component_conta
01:40:37 PM  1000    205890    1.00    2.00    0.00    0.00    3.00     6  component_conta
01:40:38 PM  1000    205890    0.00    1.00    0.00    0.00    1.00     8  component_conta
01:40:39 PM  1000    205890    0.00    2.00    0.00    0.00    2.00     8  component_conta
01:40:40 PM  1000    205890    1.00    1.00    0.00    0.00    2.00    10  component_conta
01:40:41 PM  1000    205890    0.00    2.00    0.00    0.00    2.00    10  component_conta
01:40:42 PM  1000    205890    0.99    0.99    0.00    0.00    1.98    10  component_conta
01:40:43 PM  1000    205890    0.00    1.00    0.00    0.00    1.00     8  component_conta
01:40:44 PM  1000    205890    0.00    2.00    0.00    0.00    2.00     8  component_conta
01:40:45 PM  1000    205890    0.00    2.00    0.00    0.00    2.00    10  component_conta
01:40:46 PM  1000    205890    1.00    1.00    0.00    0.00    2.00    10  component_conta
01:40:47 PM  1000    205890    1.00    1.00    0.00    0.00    2.00    10  component_conta
01:40:48 PM  1000    205890    1.00    1.00    0.00    0.00    2.00    10  component_conta
01:40:49 PM  1000    205890    0.00    1.00    0.00    0.00    1.00    10  component_conta
01:40:50 PM  1000    205890    0.00    2.00    0.00    0.00    2.00     0  component_conta
01:40:51 PM  1000    205890    1.00    1.00    0.00    0.00    2.00     8  component_conta
01:40:52 PM  1000    205890    0.00    1.00    0.00    0.00    1.00     8  component_conta
01:40:53 PM  1000    205890    0.00    2.00    0.00    0.00    2.00     8  component_conta
01:40:54 PM  1000    205890    1.00    1.00    0.00    0.00    2.00    10  component_conta
01:40:55 PM  1000    205890    0.00    1.00    0.00    0.00    1.00     8  component_conta
01:40:56 PM  1000    205890    0.00    2.00    0.00    0.00    2.00     8  component_conta
01:40:57 PM  1000    205890    1.00    2.00    0.00    0.00    3.00     7  component_conta
01:40:58 PM  1000    205890    0.00    1.00    0.00    0.00    1.00     4  component_conta
01:40:59 PM  1000    205890    0.00    2.00    0.00    0.00    2.00     7  component_conta
01:41:00 PM  1000    205890    1.00    1.00    0.00    0.00    2.00     7  component_conta
01:41:01 PM  1000    205890    0.00    2.00    0.00    0.00    2.00     7  component_conta
01:41:02 PM  1000    205890    0.00    1.00    0.00    0.00    1.00     7  component_conta
01:41:03 PM  1000    205890    0.00    2.00    0.00    0.00    2.00     7  component_conta
01:41:04 PM  1000    205890    1.00    1.00    0.00    0.00    2.00     7  component_conta
01:41:05 PM  1000    205890    0.00    1.00    0.00    0.00    1.00     7  component_conta
01:41:06 PM  1000    205890    1.00    2.00    0.00    0.00    3.00     7  component_conta
01:41:07 PM  1000    205890    0.00    1.00    0.00    0.00    1.00     7  component_conta
01:41:08 PM  1000    205890    0.00    2.00    0.00    0.00    2.00    10  component_conta
01:41:09 PM  1000    205890    0.00    1.00    0.00    0.00    1.00     4  component_conta
01:41:10 PM  1000    205890    1.00    2.00    0.00    0.00    3.00    10  component_conta
01:41:11 PM  1000    205890    0.00    1.00    0.00    0.00    1.00    10  component_conta
01:41:12 PM  1000    205890    0.00    2.00    0.00    0.00    2.00     4  component_conta
01:41:13 PM  1000    205890    0.00    2.00    0.00    0.00    2.00    10  component_conta
01:41:14 PM  1000    205890    1.00    1.00    0.00    0.00    2.00    10  component_conta
01:41:15 PM  1000    205890    0.00    1.00    0.00    0.00    1.00     6  component_conta
01:41:16 PM  1000    205890    1.00    2.00    0.00    0.00    3.00     8  component_conta
01:41:17 PM  1000    205890    0.00    1.00    0.00    0.00    1.00     8  component_conta
01:41:18 PM  1000    205890    0.00    2.00    0.00    0.00    2.00     6  component_conta
01:41:19 PM  1000    205890    0.00    2.00    0.00    0.00    2.00     8  component_conta
01:41:20 PM  1000    205890    0.00    1.00    0.00    0.00    1.00     6  component_conta
01:41:21 PM  1000    205890    0.00    2.00    0.00    0.00    2.00     6  component_conta
01:41:22 PM  1000    205890    1.00    1.00    0.00    0.00    2.00     6  component_conta
01:41:23 PM  1000    205890    0.00    2.00    0.00    0.00    2.00     6  component_conta
01:41:24 PM  1000    205890    0.00    2.00    0.00    0.00    2.00     6  component_conta
01:41:25 PM  1000    205890    0.00    1.00    0.00    0.00    1.00     0  component_conta
01:41:26 PM  1000    205890    1.00    2.00    0.00    0.00    3.00     1  component_conta
01:41:27 PM  1000    205890    0.00    1.00    0.00    0.00    1.00     1  component_conta
01:41:28 PM  1000    205890    1.00    2.00    0.00    0.00    3.00    10  component_conta
01:41:29 PM  1000    205890    0.00    1.00    0.00    0.00    1.00    10  component_conta
01:41:30 PM  1000    205890    0.00    2.00    0.00    0.00    2.00     0  component_conta
01:41:31 PM  1000    205890    0.00    1.00    0.00    0.00    1.00     0  component_conta
01:41:32 PM  1000    205890    1.00    2.00    0.00    0.00    3.00     0  component_conta
01:41:33 PM  1000    205890    0.00    1.00    0.00    0.00    1.00     0  component_conta
01:41:34 PM  1000    205890    0.00    2.00    0.00    0.00    2.00     0  component_conta
01:41:35 PM  1000    205890    1.00    1.00    0.00    0.00    2.00     0  component_conta
01:41:36 PM  1000    205890    0.00    2.00    0.00    0.00    2.00     0  component_conta
01:41:37 PM  1000    205890    0.00    2.00    0.00    0.00    2.00     0  component_conta
01:41:38 PM  1000    205890    0.00    1.00    0.00    0.00    1.00     0  component_conta
01:41:39 PM  1000    205890    1.00    1.00    0.00    0.00    2.00     0  component_conta
01:41:40 PM  1000    205890    0.00    2.00    0.00    0.00    2.00     0  component_conta
01:41:41 PM  1000    205890    1.00    1.00    0.00    0.00    2.00     0  component_conta
01:41:42 PM  1000    205890    0.00    2.00    0.00    0.00    2.00     3  component_conta
01:41:43 PM  1000    205890    1.00    1.00    0.00    0.00    2.00     3  component_conta
01:41:44 PM  1000    205890    0.00    2.00    0.00    0.00    2.00     6  component_conta
01:41:45 PM  1000    205890    0.00    2.00    0.00    0.00    2.00     6  component_conta
01:41:46 PM  1000    205890    1.00    1.00    0.00    0.00    2.00     6  component_conta
01:41:47 PM  1000    205890    0.00    2.00    0.00    0.00    2.00     6  component_conta
01:41:48 PM  1000    205890    0.00    1.00    0.00    0.00    1.00     6  component_conta
01:41:49 PM  1000    205890    0.00    2.00    0.00    0.00    2.00     2  component_conta
01:41:50 PM  1000    205890    0.00    1.00    0.00    0.00    1.00     2  component_conta
01:41:51 PM  1000    205890    1.00    2.00    0.00    0.00    3.00     4  component_conta
01:41:52 PM  1000    205890    0.00    2.00    0.00    0.00    2.00     4  component_conta
01:41:53 PM  1000    205890    0.00    1.00    0.00    0.00    1.00     4  component_conta
01:41:54 PM  1000    205890    0.00    2.00    0.00    0.00    2.00     4  component_conta
01:41:55 PM  1000    205890    1.00    1.00    0.00    0.00    2.00     4  component_conta
01:41:56 PM  1000    205890    0.00    2.00    0.00    0.00    2.00     3  component_conta
01:41:57 PM  1000    205890    0.00    1.00    0.00    0.00    1.00     3  component_conta
01:41:58 PM  1000    205890    0.00    2.00    0.00    0.00    2.00     3  component_conta
01:41:59 PM  1000    205890    0.00    2.00    0.00    0.00    2.00     3  component_conta
01:42:00 PM  1000    205890    1.00    1.00    0.00    0.00    2.00     3  component_conta
01:42:01 PM  1000    205890    1.00    2.00    0.00    0.00    3.00     3  component_conta
01:42:02 PM  1000    205890    0.00    1.00    0.00    0.00    1.00     3  component_conta
01:42:03 PM  1000    205890    0.00    1.00    0.00    0.00    1.00     3  component_conta
01:42:04 PM  1000    205890    1.00    2.00    0.00    0.00    3.00     8  component_conta
01:42:05 PM  1000    205890    0.00    2.00    0.00    0.00    2.00     3  component_conta
01:42:06 PM  1000    205890    0.00    1.00    0.00    0.00    1.00     3  component_conta
01:42:07 PM  1000    205890    1.00    2.00    0.00    0.00    3.00     3  component_conta
01:42:08 PM  1000    205890    0.00    1.00    0.00    0.00    1.00     8  component_conta
01:42:09 PM  1000    205890    0.00    2.00    0.00    0.00    2.00     3  component_conta
01:42:10 PM  1000    205890    1.00    1.00    0.00    0.00    2.00     3  component_conta
01:42:11 PM  1000    205890    0.00    2.00    0.00    0.00    2.00     3  component_conta
01:42:12 PM  1000    205890    1.00    1.00    0.00    0.00    2.00     3  component_conta
01:42:13 PM  1000    205890    0.00    2.00    0.00    0.00    2.00     3  component_conta
01:42:14 PM  1000    205890    1.00    1.00    0.00    0.00    2.00     3  component_conta
01:42:15 PM  1000    205890    0.00    2.00    0.00    0.00    2.00     8  component_conta
01:42:16 PM  1000    205890    0.00    2.00    0.00    0.00    2.00    10  component_conta
01:42:17 PM  1000    205890    1.00    1.00    0.00    0.00    2.00     8  component_conta
01:42:18 PM  1000    205890    0.00    2.00    0.00    0.00    2.00     0  component_conta
01:42:19 PM  1000    205890    0.00    1.00    0.00    0.00    1.00     0  component_conta
01:42:20 PM  1000    205890    0.00    2.00    0.00    0.00    2.00     0  component_conta
01:42:21 PM  1000    205890    1.00    2.00    0.00    0.00    3.00     3  component_conta
01:42:22 PM  1000    205890    0.00    2.00    0.00    0.00    2.00     3  component_conta
01:42:23 PM  1000    205890    0.00    1.00    0.00    0.00    1.00     3  component_conta
01:42:24 PM  1000    205890    0.00    2.00    0.00    0.00    2.00     3  component_conta
01:42:25 PM  1000    205890    0.00    2.00    0.00    0.00    2.00     0  component_conta
01:42:26 PM  1000    205890    1.00    1.00    0.00    0.00    2.00     3  component_conta
01:42:27 PM  1000    205890    0.00    1.00    0.00    0.00    1.00     0  component_conta
01:42:28 PM  1000    205890    0.00    2.00    0.00    0.00    2.00     0  component_conta
01:42:29 PM  1000    205890    1.00    1.00    0.00    0.00    2.00     3  component_conta
01:42:30 PM  1000    205890    0.00    2.00    0.00    0.00    2.00    10  component_conta
01:42:31 PM  1000    205890    0.00    1.00    0.00    0.00    1.00     3  component_conta
01:42:32 PM  1000    205890    0.00    2.00    0.00    0.00    2.00     2  component_conta
01:42:33 PM  1000    205890    0.00    2.00    0.00    0.00    2.00     2  component_conta
01:42:34 PM  1000    205890    1.00    1.00    0.00    0.00    2.00     6  component_conta
01:42:35 PM  1000    205890    0.00    1.00    0.00    0.00    1.00     6  component_conta
01:42:36 PM  1000    205890    0.00    2.00    0.00    0.00    2.00    10  component_conta
01:42:37 PM  1000    205890    0.00    2.00    0.00    0.00    2.00     7  component_conta
01:42:38 PM  1000    205890    0.00    1.00    0.00    0.00    1.00     2  component_conta
01:42:39 PM  1000    205890    1.00    1.00    0.00    0.00    2.00    10  component_conta
01:42:40 PM  1000    205890    0.00    2.00    0.00    0.00    2.00     4  component_conta
01:42:41 PM  1000    205890    1.00    1.00    0.00    0.00    2.00     0  component_conta
01:42:42 PM  1000    205890    0.00    1.00    0.00    0.00    1.00     0  component_conta
01:42:43 PM  1000    205890    0.00    2.00    0.00    0.00    2.00     4  component_conta
01:42:44 PM  1000    205890    1.00    1.00    0.00    0.00    2.00     4  component_conta
01:42:45 PM  1000    205890    0.00    2.00    0.00    0.00    2.00     4  component_conta
01:42:46 PM  1000    205890    0.00    1.00    0.00    0.00    1.00     4  component_conta
01:42:47 PM  1000    205890    0.00    1.98    0.00    0.00    1.98     0  component_conta
01:42:48 PM  1000    205890    0.00    1.00    0.00    0.00    1.00     0  component_conta
01:42:49 PM  1000    205890    0.00    2.00    0.00    0.00    2.00     0  component_conta
01:42:50 PM  1000    205890    0.00    1.00    0.00    0.00    1.00     4  component_conta
01:42:51 PM  1000    205890    0.00    2.00    0.00    0.00    2.00     6  component_conta
01:42:52 PM  1000    205890    1.00    1.00    0.00    0.00    2.00     6  component_conta
01:42:53 PM  1000    205890    0.00    2.00    0.00    0.00    2.00     6  component_conta
01:42:54 PM  1000    205890    0.00    2.00    0.00    0.00    2.00     4  component_conta
01:42:55 PM  1000    205890    1.00    1.00    0.00    0.00    2.00     4  component_conta
01:42:56 PM  1000    205890    0.00    1.00    0.00    0.00    1.00     2  component_conta
01:42:57 PM  1000    205890    0.00    2.00    0.00    0.00    2.00     3  component_conta
01:42:58 PM  1000    205890    1.00    1.00    0.00    0.00    2.00     2  component_conta
01:42:59 PM  1000    205890    0.00    2.00    0.00    0.00    2.00     3  component_conta
01:43:00 PM  1000    205890    0.00    1.00    0.00    0.00    1.00     3  component_conta
01:43:01 PM  1000    205890    1.00    2.00    0.00    0.00    3.00     3  component_conta
01:43:02 PM  1000    205890    0.00    1.00    0.00    0.00    1.00     3  component_conta
01:43:03 PM  1000    205890    1.00    2.00    0.00    0.00    3.00     3  component_conta
01:43:04 PM  1000    205890    0.00    1.00    0.00    0.00    1.00     3  component_conta
01:43:05 PM  1000    205890    1.00    1.00    0.00    0.00    2.00     3  component_conta
01:43:06 PM  1000    205890    0.00    2.00    0.00    0.00    2.00     2  component_conta
01:43:07 PM  1000    205890    0.00    1.00    0.00    0.00    1.00     3  component_conta
01:43:08 PM  1000    205890    1.00    2.00    0.00    0.00    3.00     3  component_conta
01:43:09 PM  1000    205890    0.00    1.00    0.00    0.00    1.00     3  component_conta
01:43:10 PM  1000    205890    0.00    2.00    0.00    1.00    2.00     3  component_conta
01:43:11 PM  1000    205890    1.00    1.00    0.00    0.00    2.00     3  component_conta
01:43:12 PM  1000    205890    0.00    2.00    0.00    0.00    2.00     3  component_conta
01:43:13 PM  1000    205890    0.00    1.00    0.00    0.00    1.00     3  component_conta
01:43:14 PM  1000    205890    0.00    2.00    0.00    0.00    2.00     0  component_conta
01:43:15 PM  1000    205890    1.00    1.00    0.00    0.00    2.00     0  component_conta
01:43:16 PM  1000    205890    0.00    2.00    0.00    0.00    2.00     0  component_conta
01:43:17 PM  1000    205890    0.00    1.00    0.00    0.00    1.00     3  component_conta
01:43:18 PM  1000    205890    1.00    2.00    0.00    0.00    3.00     3  component_conta
01:43:19 PM  1000    205890    0.00    1.00    0.00    0.00    1.00     3  component_conta
01:43:20 PM  1000    205890    0.00    2.00    0.00    0.00    2.00     7  component_conta
01:43:21 PM  1000    205890    1.00    1.00    0.00    0.00    2.00     7  component_conta
01:43:22 PM  1000    205890    0.00    2.00    0.00    0.00    2.00     7  component_conta
01:43:23 PM  1000    205890    0.00    1.00    0.00    0.00    1.00     7  component_conta
01:43:24 PM  1000    205890    0.00    2.00    0.00    0.00    2.00     7  component_conta
01:43:25 PM  1000    205890    0.00    1.00    0.00    0.00    1.00     7  component_conta
01:43:26 PM  1000    205890    1.00    2.00    0.00    0.00    3.00     3  component_conta
01:43:27 PM  1000    205890    0.00    1.00    0.00    0.00    1.00     4  component_conta
01:43:28 PM  1000    205890    0.00    2.00    0.00    0.00    2.00     6  component_conta
01:43:29 PM  1000    205890    0.00    1.00    0.00    0.00    1.00     6  component_conta
01:43:30 PM  1000    205890    1.00    2.00    0.00    0.00    3.00     4  component_conta
01:43:31 PM  1000    205890    0.00    1.00    0.00    0.00    1.00     6  component_conta
01:43:32 PM  1000    205890    0.00    2.00    0.00    0.00    2.00     4  component_conta
01:43:33 PM  1000    205890    0.00    2.00    0.00    0.00    2.00     6  component_conta
01:43:34 PM  1000    205890    0.00    1.00    0.00    0.00    1.00     0  component_conta
01:43:35 PM  1000    205890    1.00    1.00    0.00    0.00    2.00     2  component_conta
01:43:36 PM  1000    205890    0.00    2.00    0.00    0.00    2.00     2  component_conta
01:43:37 PM  1000    205890    0.00    1.00    0.00    0.00    1.00     0  component_conta
01:43:38 PM  1000    205890    1.00    2.00    0.00    0.00    3.00     0  component_conta
01:43:39 PM  1000    205890    0.00    1.00    0.00    0.00    1.00     2  component_conta
01:43:40 PM  1000    205890    0.00    2.00    0.00    0.00    2.00     2  component_conta
01:43:41 PM  1000    205890    1.00    1.00    0.00    0.00    2.00     4  component_conta
01:43:42 PM  1000    205890    0.00    1.00    0.00    0.00    1.00     2  component_conta
01:43:43 PM  1000    205890    0.00    1.00    0.00    0.00    1.00     4  component_conta
01:43:44 PM  1000    205890    0.00    2.00    0.00    0.00    2.00     9  component_conta
01:43:45 PM  1000    205890    0.00    2.00    0.00    0.00    2.00     4  component_conta
01:43:46 PM  1000    205890    1.00    1.00    0.00    0.00    2.00     4  component_conta
01:43:47 PM  1000    205890    0.00    2.00    0.00    0.00    2.00     8  component_conta
01:43:48 PM  1000    205890    0.00    1.00    0.00    0.00    1.00     0  component_conta
01:43:49 PM  1000    205890    1.00    1.00    0.00    0.00    2.00     0  component_conta
01:43:50 PM  1000    205890    0.00    2.00    0.00    0.00    2.00     0  component_conta
01:43:51 PM  1000    205890    0.00    1.00    0.00    0.00    1.00     8  component_conta
01:43:52 PM  1000    205890    1.00    2.00    0.00    0.00    3.00     0  component_conta
01:43:53 PM  1000    205890    0.00    1.00    0.00    0.00    1.00     0  component_conta
01:43:54 PM  1000    205890    0.00    2.00    0.00    0.00    2.00     0  component_conta
01:43:55 PM  1000    205890    0.00    1.00    0.00    0.00    1.00     0  component_conta
01:43:56 PM  1000    205890    1.00    2.00    0.00    0.00    3.00     0  component_conta
01:43:57 PM  1000    205890    0.00    1.00    0.00    0.00    1.00     0  component_conta
01:43:58 PM  1000    205890    0.00    1.00    0.00    0.00    1.00     0  component_conta
01:43:59 PM  1000    205890    1.00    2.00    0.00    0.00    3.00     6  component_conta
01:44:00 PM  1000    205890    0.00    1.00    0.00    0.00    1.00     8  component_conta
01:44:01 PM  1000    205890    0.00    1.00    0.00    0.00    1.00     4  component_conta
01:44:02 PM  1000    205890    0.00    2.00    0.00    0.00    2.00     6  component_conta
01:44:03 PM  1000    205890    1.00    1.00    0.00    0.00    2.00     4  component_conta
01:44:04 PM  1000    205890    0.00    2.00    0.00    0.00    2.00     6  component_conta
01:44:05 PM  1000    205890    0.00    1.00    0.00    0.00    1.00     4  component_conta
01:44:06 PM  1000    205890    0.00    2.00    0.00    0.00    2.00     6  component_conta
01:44:07 PM  1000    205890    0.00    1.00    0.00    0.00    1.00     6  component_conta
01:44:08 PM  1000    205890    1.00    2.00    0.00    0.00    3.00    10  component_conta
01:44:09 PM  1000    205890    0.00    1.00    0.00    0.00    1.00     4  component_conta
01:44:10 PM  1000    205890    0.00    2.00    0.00    0.00    2.00     4  component_conta
01:44:11 PM  1000    205890    0.00    1.00    0.00    0.00    1.00     4  component_conta
01:44:12 PM  1000    205890    1.00    1.00    0.00    0.00    2.00    10  component_conta
01:44:13 PM  1000    205890    0.00    2.00    0.00    0.00    2.00    10  component_conta
01:44:14 PM  1000    205890    0.00    1.00    0.00    0.00    1.00    10  component_conta
01:44:15 PM  1000    205890    1.00    2.00    0.00    0.00    3.00     0  component_conta
01:44:16 PM  1000    205890    0.00    1.00    0.00    0.00    1.00     0  component_conta
01:44:17 PM  1000    205890    0.00    2.00    0.00    0.00    2.00     8  component_conta

Average:     1000    205890    0.31    1.48    0.00    0.00    1.79     -  component_conta
