Linux 6.14.0-36-generic (legion) 	04/11/2026 	_x86_64_	(12 CPU)

10:47:20 AM   UID       PID    %usr %system  %guest   %wait    %CPU   CPU  Command
10:47:21 AM  1000     60808   29.00   12.00    0.00    0.00   41.00     9  ruby
10:47:22 AM  1000     60808   29.00    9.00    0.00    0.00   38.00     2  ruby
10:47:23 AM  1000     60808   33.00    9.00    0.00    1.00   42.00     2  ruby
10:47:24 AM  1000     60808   36.00    9.00    0.00    1.00   45.00     0  ruby
10:47:25 AM  1000     60808   30.00    9.00    0.00    0.00   39.00     6  ruby
10:47:26 AM  1000     60808   33.00    8.00    0.00    0.00   41.00     7  ruby
10:47:27 AM  1000     60808   32.00    8.00    0.00    0.00   40.00     8  ruby
10:47:28 AM  1000     60808   30.00   10.00    0.00    0.00   40.00     7  ruby
10:47:29 AM  1000     60808   30.00    8.00    0.00    0.00   38.00    10  ruby
10:47:30 AM  1000     60808   28.00   11.00    0.00    0.00   39.00     6  ruby
10:47:31 AM  1000     60808   30.00    9.00    0.00    0.00   39.00    10  ruby
10:47:32 AM  1000     60808   28.00   10.00    0.00    0.00   38.00     8  ruby
10:47:33 AM  1000     60808   30.00    9.00    0.00    0.00   39.00     4  ruby
10:47:34 AM  1000     60808   33.00   10.00    0.00    1.00   43.00     2  ruby
10:47:35 AM  1000     60808   26.00   11.00    0.00    0.00   37.00     9  ruby
10:47:36 AM  1000     60808   12.00   40.00    0.00    0.00   52.00    10  ruby
10:47:37 AM  1000     60808    0.00   46.00    0.00    0.00   46.00    10  ruby
10:47:38 AM  1000     60808    0.00   41.00    0.00    1.00   41.00     1  ruby
10:47:39 AM  1000     60808    0.00   47.00    0.00    0.00   47.00     7  ruby
10:47:40 AM  1000     60808    0.00   43.00    0.00    0.00   43.00     4  ruby
10:47:41 AM  1000     60808    0.00   39.00    0.00    0.00   39.00     3  ruby
10:47:42 AM  1000     60808    0.00   40.00    0.00    0.00   40.00     8  ruby
10:47:43 AM  1000     60808    0.00   40.00    0.00    0.00   40.00     8  ruby
10:47:44 AM  1000     60808    0.00   41.00    0.00    1.00   41.00    10  ruby
10:47:45 AM  1000     60808    0.00   38.00    0.00    0.00   38.00     8  ruby
10:47:46 AM  1000     60808    0.00   40.00    0.00    0.00   40.00     8  ruby
10:47:47 AM  1000     60808    0.00   41.00    0.00    0.00   41.00     7  ruby
10:47:48 AM  1000     60808    0.00   38.00    0.00    1.00   38.00    11  ruby
10:47:49 AM  1000     60808   26.00   13.00    0.00    0.00   39.00    10  ruby
10:47:50 AM  1000     60808   25.00   12.00    0.00    0.00   37.00    10  ruby
10:47:51 AM  1000     60808   34.00   10.00    0.00    0.00   44.00     6  ruby
10:47:52 AM  1000     60808   29.00   10.00    0.00    0.00   39.00     9  ruby
10:47:53 AM  1000     60808   30.00    8.00    0.00    0.00   38.00     0  ruby
10:47:54 AM  1000     60808   33.00   10.00    0.00    0.00   43.00     6  ruby
10:47:55 AM  1000     60808   28.00   11.00    0.00    0.00   39.00     4  ruby
10:47:56 AM  1000     60808   36.00   11.00    0.00    0.00   47.00     6  ruby
10:47:57 AM  1000     60808   40.00    9.00    0.00    1.00   49.00     5  ruby
10:47:58 AM  1000     60808   43.00   10.00    0.00    4.00   53.00     1  ruby
10:47:59 AM  1000     60808   41.00   10.00    0.00    1.00   51.00     7  ruby
10:48:00 AM  1000     60808   38.00   10.00    0.00    0.00   48.00     2  ruby
10:48:01 AM  1000     60808   38.00    9.00    0.00    0.00   47.00     7  ruby
10:48:02 AM  1000     60808   34.00   10.00    0.00    1.00   44.00    10  ruby
10:48:03 AM  1000     60808   31.00    9.00    0.00    0.00   40.00    11  ruby
10:48:04 AM  1000     60808   33.00    8.00    0.00    0.00   41.00    11  ruby
10:48:05 AM  1000     60808   32.00    9.00    0.00    0.00   41.00     9  ruby
10:48:06 AM  1000     60808   30.00   11.00    0.00    0.00   41.00    11  ruby
10:48:07 AM  1000     60808   32.00    9.00    0.00    0.00   41.00     2  ruby
10:48:08 AM  1000     60808   28.00   14.00    0.00    1.00   42.00    10  ruby
10:48:09 AM  1000     60808   12.00   28.00    0.00    0.00   40.00     6  ruby
10:48:10 AM  1000     60808   11.00   30.00    0.00    0.00   41.00     0  ruby
10:48:11 AM  1000     60808   13.00   28.00    0.00    0.00   41.00     8  ruby
10:48:12 AM  1000     60808    9.00   31.00    0.00    0.00   40.00     8  ruby
10:48:13 AM  1000     60808   15.00   37.00    0.00    1.00   52.00     9  ruby
10:48:14 AM  1000     60808   27.00   16.00    0.00    0.00   43.00     0  ruby
10:48:15 AM  1000     60808   38.00   14.00    0.00    1.00   52.00     7  ruby
10:48:16 AM  1000     60808   34.00   10.00    0.00    1.00   44.00     0  ruby
10:48:17 AM  1000     60808   34.00    9.00    0.00    0.00   43.00     6  ruby
10:48:18 AM  1000     60808   32.00   10.00    0.00    0.00   42.00     7  ruby
10:48:19 AM  1000     60808   27.00   13.00    0.00    0.00   40.00     8  ruby
10:48:20 AM  1000     60808   31.00    9.00    0.00    0.00   40.00    11  ruby
10:48:21 AM  1000     60808   32.00    8.00    0.00    0.00   40.00    10  ruby
10:48:22 AM  1000     60808   30.00   10.00    0.00    0.00   40.00     7  ruby
10:48:23 AM  1000     60808   33.66    8.91    0.00    0.99   42.57    10  ruby
10:48:24 AM  1000     60808   32.00    9.00    0.00    0.00   41.00     9  ruby
10:48:25 AM  1000     60808   31.00    9.00    0.00    0.00   40.00     8  ruby
10:48:26 AM  1000     60808   31.00    9.00    0.00    0.00   40.00     9  ruby
10:48:27 AM  1000     60808   31.00    8.00    0.00    0.00   39.00     9  ruby
10:48:28 AM  1000     60808   31.00    8.00    0.00    0.00   39.00     7  ruby
10:48:29 AM  1000     60808   31.00    9.00    0.00    0.00   40.00     2  ruby
10:48:30 AM  1000     60808   29.00   10.00    0.00    1.00   39.00     9  ruby
10:48:31 AM  1000     60808   31.00    9.00    0.00    0.00   40.00     9  ruby
10:48:32 AM  1000     60808   29.00   10.00    0.00    0.00   39.00     4  ruby
10:48:33 AM  1000     60808   30.00   10.00    0.00    0.00   40.00     2  ruby
10:48:34 AM  1000     60808   34.00    9.00    0.00    0.00   43.00    10  ruby
10:48:35 AM  1000     60808   37.00   10.00    0.00    1.00   47.00     6  ruby
10:48:36 AM  1000     60808   46.00   13.00    0.00    2.00   59.00    10  ruby
10:48:37 AM  1000     60808   34.00    9.00    0.00    1.00   43.00     7  ruby
10:48:38 AM  1000     60808   12.00   31.00    0.00    1.00   43.00     8  ruby
10:48:39 AM  1000     60808    4.00   38.00    0.00    0.00   42.00    11  ruby
10:48:40 AM  1000     60808   11.00   27.00    0.00    0.00   38.00     7  ruby
10:48:41 AM  1000     60808   24.00   15.00    0.00    0.00   39.00     8  ruby
10:48:42 AM  1000     60808   24.00   15.00    0.00    0.00   39.00    10  ruby
10:48:43 AM  1000     60808   28.00   11.00    0.00    0.00   39.00     2  ruby
10:48:44 AM  1000     60808   28.00   10.00    0.00    0.00   38.00    11  ruby
10:48:45 AM  1000     60808   28.00   12.00    0.00    0.00   40.00     8  ruby
10:48:46 AM  1000     60808   32.00    8.00    0.00    1.00   40.00    11  ruby
10:48:47 AM  1000     60808    6.00   34.00    0.00    0.00   40.00     9  ruby
10:48:48 AM  1000     60808    3.00   37.00    0.00    0.00   40.00     2  ruby
10:48:49 AM  1000     60808    9.00   31.00    0.00    0.00   40.00    11  ruby
10:48:50 AM  1000     60808    6.00   34.00    0.00    0.00   40.00     9  ruby
10:48:51 AM  1000     60808   10.00   29.00    0.00    1.00   39.00     9  ruby
10:48:52 AM  1000     60808    8.00   31.00    0.00    0.00   39.00     8  ruby
10:48:53 AM  1000     60808   29.00   10.00    0.00    0.00   39.00    10  ruby
10:48:54 AM  1000     60808   29.00   11.00    0.00    0.00   40.00    10  ruby
10:48:55 AM  1000     60808   26.00   12.00    0.00    0.00   38.00     0  ruby
10:48:56 AM  1000     60808   27.00   10.00    0.00    0.00   37.00     8  ruby
10:48:57 AM  1000     60808   29.00   10.00    0.00    0.00   39.00    11  ruby
10:48:58 AM  1000     60808   27.00   10.00    0.00    0.00   37.00     9  ruby
10:48:59 AM  1000     60808   26.00   11.00    0.00    0.00   37.00    10  ruby
10:49:00 AM  1000     60808   30.00    9.00    0.00    0.00   39.00     6  ruby
10:49:01 AM  1000     60808   28.00   10.00    0.00    0.00   38.00    10  ruby
10:49:02 AM  1000     60808   31.00    9.00    0.00    0.00   40.00     7  ruby
10:49:03 AM  1000     60808   30.00    8.00    0.00    0.00   38.00    11  ruby
10:49:04 AM  1000     60808   27.00   12.00    0.00    0.00   39.00     6  ruby
10:49:05 AM  1000     60808   29.00   10.00    0.00    0.00   39.00     8  ruby
10:49:06 AM  1000     60808   26.00   12.00    0.00    0.00   38.00    10  ruby
10:49:07 AM  1000     60808   29.00   10.00    0.00    0.00   39.00     0  ruby
10:49:08 AM  1000     60808   28.00   11.00    0.00    1.00   39.00    10  ruby
10:49:09 AM  1000     60808   28.00   10.00    0.00    0.00   38.00     2  ruby
10:49:10 AM  1000     60808   30.00   10.00    0.00    0.00   40.00    10  ruby
10:49:11 AM  1000     60808   28.00   10.00    0.00    0.00   38.00     6  ruby
10:49:12 AM  1000     60808   30.00    9.00    0.00    0.00   39.00    11  ruby
10:49:13 AM  1000     60808   27.00   12.00    0.00    0.00   39.00     8  ruby
10:49:14 AM  1000     60808   29.00   10.00    0.00    0.00   39.00     8  ruby
10:49:15 AM  1000     60808   28.00   11.00    0.00    0.00   39.00     8  ruby
10:49:16 AM  1000     60808   30.00    9.00    0.00    0.00   39.00    10  ruby
10:49:17 AM  1000     60808   29.00    9.00    0.00    0.00   38.00     9  ruby
10:49:18 AM  1000     60808   32.00   10.00    0.00    1.00   42.00     7  ruby
10:49:19 AM  1000     60808    0.00   43.00    0.00    0.00   43.00     6  ruby
10:49:20 AM  1000     60808   26.00   19.00    0.00    0.00   45.00    10  ruby
10:49:21 AM  1000     60808   37.00    9.00    0.00    3.00   46.00    11  ruby
10:49:22 AM  1000     60808   37.00    9.00    0.00    0.00   46.00     2  ruby
10:49:23 AM  1000     60808   31.00   10.00    0.00    0.00   41.00    10  ruby
10:49:24 AM  1000     60808   31.00    9.00    0.00    0.00   40.00     8  ruby
10:49:25 AM  1000     60808   33.00   10.00    0.00    0.00   43.00    10  ruby
10:49:26 AM  1000     60808   29.00    9.00    0.00    0.00   38.00     8  ruby
10:49:27 AM  1000     60808   29.00   10.00    0.00    0.00   39.00     8  ruby
10:49:28 AM  1000     60808   29.00   10.00    0.00    0.00   39.00    11  ruby
10:49:29 AM  1000     60808   29.00   10.00    0.00    0.00   39.00    10  ruby
10:49:30 AM  1000     60808   30.00    9.00    0.00    0.00   39.00     8  ruby
10:49:31 AM  1000     60808   27.00   11.00    0.00    0.00   38.00    10  ruby
10:49:32 AM  1000     60808   30.00   11.00    0.00    1.00   41.00    10  ruby
10:49:33 AM  1000     60808   29.00    9.00    0.00    0.00   38.00    10  ruby
10:49:34 AM  1000     60808   30.00    9.00    0.00    0.00   39.00    10  ruby
10:49:35 AM  1000     60808   30.00   10.00    0.00    0.00   40.00     2  ruby
10:49:36 AM  1000     60808   30.00    9.00    0.00    0.00   39.00    11  ruby
10:49:37 AM  1000     60808   35.00    9.00    0.00    0.00   44.00     5  ruby
10:49:38 AM  1000     60808   31.00   10.00    0.00    0.00   41.00    10  ruby
10:49:39 AM  1000     60808   31.00    9.00    0.00    1.00   40.00     3  ruby
10:49:40 AM  1000     60808   36.00    8.00    0.00    0.00   44.00     4  ruby
10:49:41 AM  1000     60808   37.00    9.00    0.00    0.00   46.00     7  ruby
10:49:42 AM  1000     60808   30.00   10.00    0.00    0.00   40.00     9  ruby
10:49:43 AM  1000     60808   30.00    9.00    0.00    0.00   39.00     9  ruby
10:49:44 AM  1000     60808   27.00   11.00    0.00    0.00   38.00    11  ruby
10:49:45 AM  1000     60808   29.00   10.00    0.00    0.00   39.00     9  ruby
10:49:46 AM  1000     60808   29.00   11.00    0.00    0.00   40.00     8  ruby
10:49:47 AM  1000     60808   28.00   10.00    0.00    0.00   38.00     8  ruby
10:49:48 AM  1000     60808   28.00   11.00    0.00    0.00   39.00     9  ruby
10:49:49 AM  1000     60808   27.00   10.00    0.00    0.00   37.00    11  ruby
10:49:50 AM  1000     60808   31.00    9.00    0.00    0.00   40.00    11  ruby
10:49:51 AM  1000     60808   29.00   11.00    0.00    0.00   40.00    11  ruby
10:49:52 AM  1000     60808   28.00   10.00    0.00    0.00   38.00     8  ruby
10:49:53 AM  1000     60808   32.00    9.00    0.00    0.00   41.00    10  ruby
10:49:54 AM  1000     60808   32.00    9.00    0.00    1.00   41.00     2  ruby
10:49:55 AM  1000     60808   29.00    8.00    0.00    0.00   37.00     0  ruby
10:49:56 AM  1000     60808   29.00   11.00    0.00    0.00   40.00     8  ruby
10:49:57 AM  1000     60808   32.00    8.00    0.00    0.00   40.00    10  ruby
10:49:58 AM  1000     60808   34.00    8.00    0.00    0.00   42.00     9  ruby
10:49:59 AM  1000     60808   42.00   11.00    0.00    2.00   53.00     9  ruby
10:50:00 AM  1000     60808   47.00   11.00    0.00    4.00   58.00     9  ruby
10:50:01 AM  1000     60808   41.00   10.00    0.00    0.00   51.00     3  ruby
10:50:02 AM  1000     60808   36.00    9.00    0.00    0.00   45.00     6  ruby
10:50:03 AM  1000     60808   22.00   20.00    0.00    1.00   42.00    11  ruby
10:50:04 AM  1000     60808   31.00   10.00    0.00    0.00   41.00     7  ruby
10:50:05 AM  1000     60808   30.00   11.00    0.00    0.00   41.00     0  ruby
10:50:06 AM  1000     60808   30.00   11.00    0.00    1.00   41.00    11  ruby
10:50:07 AM  1000     60808   18.00   24.00    0.00    0.00   42.00    11  ruby
10:50:08 AM  1000     60808   12.00   31.00    0.00    1.00   43.00     3  ruby
10:50:09 AM  1000     60808   30.00   10.00    0.00    0.00   40.00     9  ruby
10:50:10 AM  1000     60808   33.00    8.00    0.00    0.00   41.00    10  ruby
10:50:11 AM  1000     60808   31.00    9.00    0.00    0.00   40.00     8  ruby
10:50:12 AM  1000     60808   35.00    7.00    0.00    1.00   42.00     0  ruby
10:50:13 AM  1000     60808   28.00   12.00    0.00    0.00   40.00    10  ruby
10:50:14 AM  1000     60808   22.00   21.00    0.00    0.00   43.00     5  ruby
10:50:15 AM  1000     60808   28.00   11.00    0.00    1.00   39.00     9  ruby
10:50:16 AM  1000     60808   29.00   11.00    0.00    0.00   40.00     1  ruby
10:50:17 AM  1000     60808   31.00   10.00    0.00    0.00   41.00     9  ruby
10:50:18 AM  1000     60808   34.00    8.00    0.00    1.00   42.00     0  ruby
10:50:19 AM  1000     60808   32.00    9.00    0.00    0.00   41.00     6  ruby
10:50:20 AM  1000     60808   33.00    9.00    0.00    1.00   42.00     9  ruby
10:50:21 AM  1000     60808   31.00   10.00    0.00    0.00   41.00    10  ruby
10:50:22 AM  1000     60808   31.00   12.00    0.00    0.00   43.00     6  ruby
10:50:23 AM  1000     60808   32.00   10.00    0.00    1.00   42.00     8  ruby
10:50:24 AM  1000     60808   33.00    8.00    0.00    0.00   41.00     9  ruby
10:50:25 AM  1000     60808   32.00    8.00    0.00    0.00   40.00     1  ruby
10:50:26 AM  1000     60808   33.00    9.00    0.00    1.00   42.00     9  ruby
10:50:27 AM  1000     60808   32.00    9.00    0.00    0.00   41.00     9  ruby
10:50:28 AM  1000     60808   32.00    9.00    0.00    0.00   41.00     9  ruby
10:50:29 AM  1000     60808   14.00   28.00    0.00    0.00   42.00     9  ruby
10:50:30 AM  1000     60808   31.00    8.00    0.00    0.00   39.00     9  ruby
10:50:31 AM  1000     60808   33.00    9.00    0.00    1.00   42.00     0  ruby
10:50:32 AM  1000     60808   32.00    7.00    0.00    0.00   39.00     4  ruby
10:50:33 AM  1000     60808   30.00   11.00    0.00    0.00   41.00    10  ruby
10:50:34 AM  1000     60808   20.00   22.00    0.00    1.00   42.00     2  ruby
10:50:35 AM  1000     60808    9.00   31.00    0.00    0.00   40.00     2  ruby
10:50:36 AM  1000     60808   28.00   16.00    0.00    1.00   44.00     8  ruby
10:50:37 AM  1000     60808   30.00   11.00    0.00    0.00   41.00    11  ruby
10:50:38 AM  1000     60808   29.00   13.00    0.00    1.00   42.00     9  ruby
10:50:39 AM  1000     60808   30.00   12.00    0.00    0.00   42.00     6  ruby
10:50:40 AM  1000     60808   30.00   11.00    0.00    0.00   41.00     6  ruby
10:50:41 AM  1000     60808   31.00   10.00    0.00    0.00   41.00     9  ruby
10:50:42 AM  1000     60808   32.00    9.00    0.00    1.00   41.00     6  ruby
10:50:43 AM  1000     60808   29.00   13.00    0.00    0.00   42.00     9  ruby
10:50:44 AM  1000     60808   32.00   10.00    0.00    0.00   42.00    10  ruby
10:50:45 AM  1000     60808   33.00    9.00    0.00    1.00   42.00     8  ruby
10:50:46 AM  1000     60808   32.00   10.00    0.00    0.00   42.00    11  ruby
10:50:47 AM  1000     60808   32.00    9.00    0.00    0.00   41.00    11  ruby
10:50:48 AM  1000     60808   31.00   10.00    0.00    1.00   41.00    11  ruby
10:50:49 AM  1000     60808   31.00   11.00    0.00    0.00   42.00     6  ruby
10:50:50 AM  1000     60808   33.00    9.00    0.00    0.00   42.00     7  ruby
10:50:51 AM  1000     60808   23.00   19.00    0.00    1.00   42.00     9  ruby
10:50:52 AM  1000     60808   32.00   10.00    0.00    0.00   42.00     8  ruby
10:50:53 AM  1000     60808   33.00    7.00    0.00    1.00   40.00     2  ruby
10:50:54 AM  1000     60808   35.00    8.00    0.00    0.00   43.00     8  ruby
10:50:55 AM  1000     60808   32.00    9.00    0.00    1.00   41.00     0  ruby
10:50:56 AM  1000     60808   27.00   13.00    0.00    0.00   40.00     9  ruby
10:50:57 AM  1000     60808   33.00    8.00    0.00    1.00   41.00    10  ruby
10:50:58 AM  1000     60808   32.00    9.00    0.00    0.00   41.00    10  ruby
10:50:59 AM  1000     60808   32.00    9.00    0.00    1.00   41.00    10  ruby
10:51:00 AM  1000     60808   29.00   13.00    0.00    0.00   42.00    10  ruby
10:51:01 AM  1000     60808   31.00    9.00    0.00    0.00   40.00    11  ruby
10:51:02 AM  1000     60808   32.00    9.00    0.00    1.00   41.00     0  ruby
10:51:03 AM  1000     60808   29.00   12.00    0.00    0.00   41.00     9  ruby
10:51:04 AM  1000     60808   27.00   14.00    0.00    0.00   41.00     9  ruby
10:51:05 AM  1000     60808   12.00   30.00    0.00    1.00   42.00     2  ruby
10:51:06 AM  1000     60808   11.00   30.00    0.00    0.00   41.00     5  ruby
10:51:07 AM  1000     60808   31.00   10.00    0.00    0.00   41.00     9  ruby
10:51:08 AM  1000     60808   19.00   23.00    0.00    1.00   42.00     7  ruby
10:51:09 AM  1000     60808    4.00   37.00    0.00    0.00   41.00     3  ruby
10:51:10 AM  1000     60808   34.00   10.00    0.00    1.00   44.00     8  ruby
10:51:11 AM  1000     60808   28.00   13.00    0.00    1.00   41.00    10  ruby
10:51:12 AM  1000     60808   32.00   10.00    0.00    0.00   42.00    11  ruby
10:51:13 AM  1000     60808   32.00    8.00    0.00    1.00   40.00     6  ruby
10:51:14 AM  1000     60808   15.00   26.00    0.00    0.00   41.00     6  ruby
10:51:15 AM  1000     60808   27.00   15.00    0.00    0.00   42.00    11  ruby
10:51:16 AM  1000     60808   27.00   14.00    0.00    1.00   41.00     9  ruby
10:51:17 AM  1000     60808   15.00   25.00    0.00    0.00   40.00    11  ruby
10:51:18 AM  1000     60808   23.00   18.00    0.00    0.00   41.00     6  ruby
10:51:19 AM  1000     60808   31.00   10.00    0.00    0.00   41.00     9  ruby
10:51:20 AM  1000     60808   30.00   11.00    0.00    1.00   41.00    11  ruby
10:51:21 AM  1000     60808   32.00    9.00    0.00    0.00   41.00    10  ruby
10:51:22 AM  1000     60808   32.00   10.00    0.00    1.00   42.00     1  ruby
10:51:23 AM  1000     60808   30.00    9.00    0.00    1.00   39.00     6  ruby
10:51:24 AM  1000     60808   32.00   10.00    0.00    0.00   42.00     9  ruby
10:51:25 AM  1000     60808   30.00   10.00    0.00    0.00   40.00     8  ruby
10:51:26 AM  1000     60808   33.00    8.00    0.00    0.00   41.00     3  ruby
10:51:27 AM  1000     60808   30.00   11.00    0.00    1.00   41.00    11  ruby
10:51:28 AM  1000     60808   30.00    9.00    0.00    0.00   39.00     8  ruby
10:51:29 AM  1000     60808   31.00   11.00    0.00    1.00   42.00     0  ruby
10:51:30 AM  1000     60808   32.00    8.00    0.00    0.00   40.00    11  ruby
10:51:31 AM  1000     60808   17.00   24.00    0.00    0.00   41.00     3  ruby
10:51:32 AM  1000     60808   27.00   14.00    0.00    0.00   41.00     3  ruby
10:51:33 AM  1000     60808   33.00    8.00    0.00    1.00   41.00     0  ruby
10:51:34 AM  1000     60808   32.00    9.00    0.00    0.00   41.00     1  ruby
10:51:35 AM  1000     60808   28.00   12.00    0.00    0.00   40.00     8  ruby
10:51:36 AM  1000     60808   32.00    8.00    0.00    1.00   40.00    10  ruby
10:51:37 AM  1000     60808   19.00   23.00    0.00    1.00   42.00    11  ruby
10:51:38 AM  1000     60808   31.00   10.00    0.00    0.00   41.00     2  ruby
10:51:39 AM  1000     60808   31.00   10.00    0.00    0.00   41.00     8  ruby
10:51:40 AM  1000     60808   29.00   12.00    0.00    1.00   41.00     2  ruby
10:51:41 AM  1000     60808   29.00   14.00    0.00    0.00   43.00     8  ruby
10:51:42 AM  1000     60808   31.00    9.00    0.00    0.00   40.00     8  ruby
10:51:43 AM  1000     60808   34.00    8.00    0.00    1.00   42.00     7  ruby
10:51:44 AM  1000     60808   30.00   11.00    0.00    0.00   41.00    10  ruby
10:51:45 AM  1000     60808   31.00    9.00    0.00    0.00   40.00     6  ruby
10:51:46 AM  1000     60808   31.00   11.00    0.00    0.00   42.00    10  ruby
10:51:47 AM  1000     60808   31.00   10.00    0.00    1.00   41.00     9  ruby
10:51:48 AM  1000     60808   32.00    8.00    0.00    0.00   40.00     9  ruby
10:51:49 AM  1000     60808   31.00   10.00    0.00    0.00   41.00    11  ruby
10:51:50 AM  1000     60808   31.00    9.00    0.00    0.00   40.00    10  ruby
10:51:51 AM  1000     60808   23.00   18.00    0.00    1.00   41.00     0  ruby
10:51:52 AM  1000     60808   24.00   18.00    0.00    0.00   42.00     7  ruby
10:51:53 AM  1000     60808   30.00   12.00    0.00    0.00   42.00     0  ruby
10:51:54 AM  1000     60808   32.00   11.00    0.00    1.00   43.00     5  ruby
10:51:55 AM  1000     60808   28.00   12.00    0.00    0.00   40.00     6  ruby
10:51:56 AM  1000     60808   29.00   12.00    0.00    1.00   41.00    11  ruby
10:51:57 AM  1000     60808   31.00   10.00    0.00    1.00   41.00    10  ruby
10:51:58 AM  1000     60808   32.00   10.00    0.00    0.00   42.00     7  ruby
10:51:59 AM  1000     60808   34.00    8.00    0.00    0.00   42.00     9  ruby
10:52:00 AM  1000     60808   32.00   10.00    0.00    0.00   42.00     8  ruby
10:52:01 AM  1000     60808   33.00    8.00    0.00    1.00   41.00     0  ruby
10:52:02 AM  1000     60808   25.00   17.00    0.00    0.00   42.00     2  ruby
10:52:03 AM  1000     60808    6.00   36.00    0.00    0.00   42.00    11  ruby
10:52:04 AM  1000     60808   32.00   10.00    0.00    1.00   42.00     9  ruby
10:52:05 AM  1000     60808   31.00    9.00    0.00    0.00   40.00     5  ruby
10:52:06 AM  1000     60808   23.00   19.00    0.00    0.00   42.00     9  ruby
10:52:07 AM  1000     60808   24.00   18.00    0.00    0.00   42.00     6  ruby
10:52:08 AM  1000     60808   29.00   11.00    0.00    1.00   40.00    11  ruby
10:52:09 AM  1000     60808   34.00    8.00    0.00    0.00   42.00     9  ruby
10:52:10 AM  1000     60808   30.00   12.00    0.00    1.00   42.00     7  ruby
10:52:11 AM  1000     60808    0.00   42.00    0.00    0.00   42.00    10  ruby
10:52:12 AM  1000     60808    3.00   41.00    0.00    0.00   44.00     7  ruby
10:52:13 AM  1000     60808   30.00   11.00    0.00    0.00   41.00     7  ruby
10:52:14 AM  1000     60808   33.00    9.00    0.00    0.00   42.00     1  ruby
10:52:15 AM  1000     60808   32.00   10.00    0.00    1.00   42.00     6  ruby
10:52:16 AM  1000     60808   34.00    9.00    0.00    0.00   43.00    11  ruby
10:52:17 AM  1000     60808   30.69    9.90    0.00    0.00   40.59     9  ruby
10:52:18 AM  1000     60808   23.00   19.00    0.00    1.00   42.00    11  ruby
10:52:19 AM  1000     60808   32.00    9.00    0.00    0.00   41.00    10  ruby
10:52:20 AM  1000     60808   17.00   25.00    0.00    0.00   42.00    10  ruby
10:52:21 AM  1000     60808   32.00   11.00    0.00    1.00   43.00    10  ruby
10:52:22 AM  1000     60808   31.00   11.00    0.00    0.00   42.00    10  ruby
10:52:23 AM  1000     60808   32.00    9.00    0.00    1.00   41.00    11  ruby
10:52:24 AM  1000     60808   32.00   10.00    0.00    0.00   42.00     8  ruby
10:52:25 AM  1000     60808   32.00   10.00    0.00    0.00   42.00    10  ruby
10:52:26 AM  1000     60808   30.00   12.00    0.00    1.00   42.00     4  ruby
10:52:27 AM  1000     60808   25.00   17.00    0.00    0.00   42.00     9  ruby
10:52:28 AM  1000     60808   34.00    8.00    0.00    0.00   42.00     0  ruby
10:52:29 AM  1000     60808   23.00   19.00    0.00    1.00   42.00    11  ruby
10:52:30 AM  1000     60808   25.00   17.00    0.00    0.00   42.00     0  ruby
10:52:31 AM  1000     60808   32.00    8.00    0.00    0.00   40.00     9  ruby
10:52:32 AM  1000     60808   32.00    9.00    0.00    0.00   41.00    10  ruby
10:52:33 AM  1000     60808   32.00   10.00    0.00    1.00   42.00    10  ruby
10:52:34 AM  1000     60808   28.00   14.00    0.00    0.00   42.00     8  ruby
10:52:35 AM  1000     60808   30.00   10.00    0.00    0.00   40.00     8  ruby
10:52:36 AM  1000     60808   32.00   10.00    0.00    0.00   42.00     3  ruby
10:52:37 AM  1000     60808   28.00   15.00    0.00    0.00   43.00     6  ruby
10:52:38 AM  1000     60808   33.00    9.00    0.00    1.00   42.00     7  ruby
10:52:39 AM  1000     60808   31.00   11.00    0.00    0.00   42.00    11  ruby
10:52:40 AM  1000     60808   31.00   10.00    0.00    0.00   41.00     8  ruby
10:52:41 AM  1000     60808   24.00   18.00    0.00    1.00   42.00     8  ruby
10:52:42 AM  1000     60808   25.00   15.00    0.00    0.00   40.00     8  ruby
10:52:43 AM  1000     60808   34.00    7.00    0.00    0.00   41.00    11  ruby
10:52:44 AM  1000     60808   21.00   23.00    0.00    1.00   44.00    10  ruby
10:52:45 AM  1000     60808    2.00   41.00    0.00    0.00   43.00     0  ruby
10:52:46 AM  1000     60808   32.00    8.00    0.00    0.00   40.00     8  ruby
10:52:47 AM  1000     60808   33.00    8.00    0.00    0.00   41.00    11  ruby
10:52:48 AM  1000     60808   32.00    9.00    0.00    0.00   41.00    11  ruby
10:52:49 AM  1000     60808   17.00   25.00    0.00    1.00   42.00     8  ruby
10:52:50 AM  1000     60808   27.00   13.00    0.00    0.00   40.00     9  ruby
10:52:51 AM  1000     60808   34.00   10.00    0.00    0.00   44.00     8  ruby
10:52:52 AM  1000     60808   32.00    9.00    0.00    1.00   41.00     7  ruby
10:52:53 AM  1000     60808   33.00   10.00    0.00    0.00   43.00     6  ruby
10:52:54 AM  1000     60808   32.00    9.00    0.00    0.00   41.00     6  ruby
10:52:55 AM  1000     60808   32.00   10.00    0.00    1.00   42.00    10  ruby
10:52:56 AM  1000     60808   32.00   10.00    0.00    0.00   42.00     3  ruby
10:52:57 AM  1000     60808    1.00   40.00    0.00    0.00   41.00     8  ruby
10:52:58 AM  1000     60808   31.00   10.00    0.00    0.00   41.00     8  ruby
10:52:59 AM  1000     60808   35.00    8.00    0.00    1.00   43.00    10  ruby
10:53:00 AM  1000     60808   31.00   10.00    0.00    1.00   41.00     4  ruby
10:53:01 AM  1000     60808   31.00   10.00    0.00    0.00   41.00     8  ruby
10:53:02 AM  1000     60808   23.00   17.00    0.00    0.00   40.00    11  ruby
10:53:03 AM  1000     60808   31.00   12.00    0.00    1.00   43.00    10  ruby
10:53:04 AM  1000     60808   31.00   10.00    0.00    0.00   41.00     6  ruby
10:53:05 AM  1000     60808   33.00   10.00    0.00    0.00   43.00    10  ruby
10:53:06 AM  1000     60808   30.00   11.00    0.00    0.00   41.00     0  ruby
10:53:07 AM  1000     60808   31.00   10.00    0.00    0.00   41.00     0  ruby
10:53:08 AM  1000     60808   31.00   10.00    0.00    0.00   41.00     6  ruby
10:53:09 AM  1000     60808   30.00   11.00    0.00    1.00   41.00     6  ruby
10:53:10 AM  1000     60808   32.00    9.00    0.00    0.00   41.00    11  ruby
10:53:11 AM  1000     60808   34.00   11.00    0.00    0.00   45.00    11  ruby
10:53:12 AM  1000     60808   32.00    7.00    0.00    1.00   39.00     6  ruby
10:53:13 AM  1000     60808   30.00   11.00    0.00    0.00   41.00    11  ruby
10:53:14 AM  1000     60808   34.00    8.00    0.00    0.00   42.00    10  ruby
10:53:15 AM  1000     60808   33.00    8.00    0.00    1.00   41.00    11  ruby
10:53:16 AM  1000     60808   32.00    9.00    0.00    0.00   41.00    11  ruby
10:53:17 AM  1000     60808   23.00   18.00    0.00    0.00   41.00     8  ruby
10:53:18 AM  1000     60808   33.00    8.00    0.00    0.00   41.00     9  ruby
10:53:19 AM  1000     60808   25.00   17.00    0.00    0.00   42.00    11  ruby
10:53:20 AM  1000     60808   32.00   10.00    0.00    0.00   42.00     8  ruby
10:53:21 AM  1000     60808   31.00   11.00    0.00    1.00   42.00     9  ruby
10:53:22 AM  1000     60808   31.00    9.00    0.00    0.00   40.00     2  ruby
10:53:23 AM  1000     60808   22.00   20.00    0.00    0.00   42.00     8  ruby
10:53:24 AM  1000     60808   26.00   16.00    0.00    0.00   42.00     9  ruby
10:53:25 AM  1000     60808   31.00    9.00    0.00    0.00   40.00     4  ruby
10:53:26 AM  1000     60808   32.00    9.00    0.00    1.00   41.00     0  ruby
10:53:27 AM  1000     60808   33.00   10.00    0.00    0.00   43.00     0  ruby
10:53:28 AM  1000     60808   32.00    9.00    0.00    0.00   41.00     9  ruby
10:53:29 AM  1000     60808   40.00    9.00    0.00    1.00   49.00    10  ruby
10:53:30 AM  1000     60808   42.00   10.00    0.00    1.00   52.00     2  ruby
10:53:31 AM  1000     60808   44.00    9.00    0.00    0.00   53.00     8  ruby
10:53:32 AM  1000     60808   36.00    9.00    0.00    1.00   45.00     6  ruby
10:53:33 AM  1000     60808   30.00    9.00    0.00    0.00   39.00     8  ruby
10:53:34 AM  1000     60808   38.00    7.00    0.00    0.00   45.00    10  ruby
10:53:35 AM  1000     60808   32.00    9.00    0.00    0.00   41.00    11  ruby
10:53:36 AM  1000     60808   36.00    7.00    0.00    0.00   43.00     4  ruby
10:53:37 AM  1000     60808    9.00   38.00    0.00    1.00   47.00     6  ruby
10:53:38 AM  1000     60808   26.00   15.00    0.00    0.00   41.00    10  ruby
10:53:39 AM  1000     60808   32.00    9.00    0.00    0.00   41.00     7  ruby
10:53:40 AM  1000     60808   34.00    9.00    0.00    1.00   43.00    10  ruby
10:53:41 AM  1000     60808   30.00   10.00    0.00    0.00   40.00     9  ruby
10:53:42 AM  1000     60808   30.00    9.00    0.00    0.00   39.00     2  ruby
10:53:43 AM  1000     60808   32.00    8.00    0.00    0.00   40.00     0  ruby
10:53:44 AM  1000     60808   31.00    9.00    0.00    0.00   40.00     9  ruby

Average:     1000     60808   27.88   13.49    0.00    0.29   41.37     -  ruby
