Linux 6.14.0-36-generic (legion) 	04/11/2026 	_x86_64_	(12 CPU)

10:55:13 AM   UID       PID    %usr %system  %guest   %wait    %CPU   CPU  Command
10:55:14 AM  1000     70973   49.00    9.00    0.00    0.00   58.00     6  ruby
10:55:15 AM  1000     70973   51.00    8.00    0.00    1.00   59.00     8  ruby
10:55:16 AM  1000     70973   56.00    6.00    0.00    0.00   62.00     3  ruby
10:55:17 AM  1000     70973   48.00    7.00    0.00    0.00   55.00     2  ruby
10:55:18 AM  1000     70973   52.00    7.00    0.00    0.00   59.00     8  ruby
10:55:19 AM  1000     70973   51.00    8.00    0.00    0.00   59.00     0  ruby
10:55:20 AM  1000     70973   53.00    7.00    0.00    0.00   60.00    11  ruby
10:55:21 AM  1000     70973   48.00    8.00    0.00    0.00   56.00     8  ruby
10:55:22 AM  1000     70973   49.00    7.00    0.00    1.00   56.00    10  ruby
10:55:23 AM  1000     70973   52.00    8.00    0.00    0.00   60.00    11  ruby
10:55:24 AM  1000     70973   55.00    8.00    0.00    0.00   63.00     5  ruby
10:55:25 AM  1000     70973   59.00    8.00    0.00    2.00   67.00    10  ruby
10:55:26 AM  1000     70973   51.00    7.00    0.00    0.00   58.00     6  ruby
10:55:27 AM  1000     70973   56.00    6.00    0.00    0.00   62.00    11  ruby
10:55:28 AM  1000     70973   47.00    8.00    0.00    0.00   55.00    11  ruby
10:55:29 AM  1000     70973   48.00    9.00    0.00    0.00   57.00    11  ruby
10:55:30 AM  1000     70973   50.00    7.00    0.00    0.00   57.00    10  ruby
10:55:31 AM  1000     70973   50.00    6.00    0.00    1.00   56.00     0  ruby
10:55:32 AM  1000     70973   49.00    8.00    0.00    0.00   57.00     9  ruby
10:55:33 AM  1000     70973   49.00    7.00    0.00    0.00   56.00     8  ruby
10:55:34 AM  1000     70973   48.00   11.00    0.00    0.00   59.00     2  ruby
10:55:35 AM  1000     70973   43.00   16.00    0.00    0.00   59.00    10  ruby
10:55:36 AM  1000     70973   46.00   10.00    0.00    0.00   56.00     0  ruby
10:55:37 AM  1000     70973   48.00    7.00    0.00    0.00   55.00     9  ruby
10:55:38 AM  1000     70973   47.00    8.00    0.00    0.00   55.00     6  ruby
10:55:39 AM  1000     70973   49.00    7.00    0.00    0.00   56.00    10  ruby
10:55:40 AM  1000     70973   48.00    7.00    0.00    0.00   55.00     2  ruby
10:55:41 AM  1000     70973   47.00    7.00    0.00    0.00   54.00     9  ruby
10:55:42 AM  1000     70973   50.00    6.00    0.00    0.00   56.00     8  ruby
10:55:43 AM  1000     70973   48.00    7.00    0.00    0.00   55.00    10  ruby
10:55:44 AM  1000     70973   49.00    6.00    0.00    0.00   55.00     9  ruby
10:55:45 AM  1000     70973   49.00    8.00    0.00    0.00   57.00    11  ruby
10:55:46 AM  1000     70973   52.00    5.00    0.00    1.00   57.00    10  ruby
10:55:47 AM  1000     70973   50.00    6.00    0.00    0.00   56.00     6  ruby
10:55:48 AM  1000     70973   48.00    7.00    0.00    0.00   55.00     3  ruby
10:55:49 AM  1000     70973   50.00    6.00    0.00    0.00   56.00     9  ruby
10:55:50 AM  1000     70973   48.00    8.00    0.00    0.00   56.00    11  ruby
10:55:51 AM  1000     70973   48.00    6.00    0.00    0.00   54.00     8  ruby
10:55:52 AM  1000     70973   51.00    5.00    0.00    0.00   56.00    11  ruby
10:55:53 AM  1000     70973   47.00    8.00    0.00    0.00   55.00     4  ruby
10:55:54 AM  1000     70973   49.00    7.00    0.00    0.00   56.00     2  ruby
10:55:55 AM  1000     70973   49.00    6.00    0.00    0.00   55.00     8  ruby
10:55:56 AM  1000     70973   48.00    7.00    0.00    0.00   55.00     6  ruby
10:55:57 AM  1000     70973   49.00    7.00    0.00    0.00   56.00     9  ruby
10:55:58 AM  1000     70973   47.00    8.00    0.00    0.00   55.00     8  ruby
10:55:59 AM  1000     70973   48.00    6.00    0.00    0.00   54.00     8  ruby
10:56:00 AM  1000     70973   47.52    6.93    0.00    0.00   54.46    10  ruby
10:56:01 AM  1000     70973   49.00    7.00    0.00    0.00   56.00    11  ruby
10:56:02 AM  1000     70973   49.00    6.00    0.00    0.00   55.00     7  ruby
10:56:03 AM  1000     70973   49.00    6.00    0.00    0.00   55.00    11  ruby
10:56:04 AM  1000     70973   48.00    7.00    0.00    0.00   55.00    10  ruby
10:56:05 AM  1000     70973   53.00    7.00    0.00    1.00   60.00     7  ruby
10:56:06 AM  1000     70973   50.00    8.00    0.00    0.00   58.00     1  ruby
10:56:07 AM  1000     70973   47.00    7.00    0.00    0.00   54.00     6  ruby
10:56:08 AM  1000     70973   48.00    8.00    0.00    0.00   56.00    11  ruby
10:56:09 AM  1000     70973   50.00    6.00    0.00    0.00   56.00    11  ruby
10:56:10 AM  1000     70973   47.00    8.00    0.00    0.00   55.00     8  ruby
10:56:11 AM  1000     70973   48.00    6.00    0.00    0.00   54.00     0  ruby
10:56:12 AM  1000     70973   50.00    7.00    0.00    0.00   57.00    10  ruby
10:56:13 AM  1000     70973   49.00    6.00    0.00    0.00   55.00     8  ruby
10:56:14 AM  1000     70973   48.00    6.00    0.00    0.00   54.00     6  ruby
10:56:15 AM  1000     70973   49.00    7.00    0.00    0.00   56.00     9  ruby
10:56:16 AM  1000     70973   48.00    7.00    0.00    0.00   55.00     9  ruby
10:56:17 AM  1000     70973   49.00    7.00    0.00    0.00   56.00     8  ruby
10:56:18 AM  1000     70973   48.00    6.00    0.00    0.00   54.00    11  ruby
10:56:19 AM  1000     70973   49.00    6.00    0.00    0.00   55.00    10  ruby
10:56:20 AM  1000     70973   33.00   23.00    0.00    1.00   56.00     9  ruby
10:56:21 AM  1000     70973   22.00   34.00    0.00    0.00   56.00     0  ruby
10:56:22 AM  1000     70973   30.00   26.00    0.00    0.00   56.00     2  ruby
10:56:23 AM  1000     70973   31.00   24.00    0.00    0.00   55.00     8  ruby
10:56:24 AM  1000     70973   50.00    8.00    0.00    0.00   58.00     9  ruby
10:56:25 AM  1000     70973   48.00    6.00    0.00    0.00   54.00     8  ruby
10:56:26 AM  1000     70973   47.00    7.00    0.00    0.00   54.00     9  ruby
10:56:27 AM  1000     70973   48.00    8.00    0.00    0.00   56.00     8  ruby
10:56:28 AM  1000     70973   48.00    7.00    0.00    0.00   55.00    10  ruby
10:56:29 AM  1000     70973   50.00    6.00    0.00    0.00   56.00     9  ruby
10:56:30 AM  1000     70973   49.00    6.00    0.00    0.00   55.00     2  ruby
10:56:31 AM  1000     70973   47.00    8.00    0.00    0.00   55.00    10  ruby
10:56:32 AM  1000     70973   49.00    7.00    0.00    0.00   56.00    11  ruby
10:56:33 AM  1000     70973   49.00    6.00    0.00    0.00   55.00    11  ruby
10:56:34 AM  1000     70973   45.00    8.00    0.00    0.00   53.00    11  ruby
10:56:35 AM  1000     70973   49.00    7.00    0.00    0.00   56.00     8  ruby
10:56:36 AM  1000     70973   12.00   46.00    0.00    1.00   58.00    10  ruby
10:56:37 AM  1000     70973   13.00   44.00    0.00    0.00   57.00    10  ruby
10:56:38 AM  1000     70973   43.00   21.00    0.00    0.00   64.00    11  ruby
10:56:39 AM  1000     70973   23.00   32.00    0.00    0.00   55.00    11  ruby
10:56:40 AM  1000     70973   39.00   23.00    0.00    0.00   62.00    11  ruby
10:56:41 AM  1000     70973   53.00   15.00    0.00    1.00   68.00     2  ruby
10:56:42 AM  1000     70973   51.00    7.00    0.00    0.00   58.00     8  ruby
10:56:43 AM  1000     70973   51.00    7.00    0.00    0.00   58.00    11  ruby
10:56:44 AM  1000     70973   59.00    7.00    0.00    0.00   66.00    11  ruby
10:56:45 AM  1000     70973   51.00    6.00    0.00    0.00   57.00     0  ruby
10:56:46 AM  1000     70973   50.00    6.00    0.00    0.00   56.00     9  ruby
10:56:47 AM  1000     70973   51.00    7.00    0.00    0.00   58.00    11  ruby
10:56:48 AM  1000     70973   52.00    6.00    0.00    1.00   58.00    11  ruby
10:56:49 AM  1000     70973   52.00    7.00    0.00    0.00   59.00     3  ruby
10:56:50 AM  1000     70973   53.00    7.00    0.00    0.00   60.00    11  ruby
10:56:51 AM  1000     70973   55.00    5.00    0.00    0.00   60.00    11  ruby
10:56:52 AM  1000     70973   53.00    6.00    0.00    0.00   59.00     2  ruby
10:56:53 AM  1000     70973   48.00    6.00    0.00    0.00   54.00     9  ruby
10:56:54 AM  1000     70973   51.00    7.00    0.00    1.00   58.00    11  ruby
10:56:55 AM  1000     70973   48.00    7.00    0.00    0.00   55.00    11  ruby
10:56:56 AM  1000     70973   50.00    7.00    0.00    0.00   57.00     9  ruby
10:56:57 AM  1000     70973   48.00    8.00    0.00    0.00   56.00    11  ruby
10:56:58 AM  1000     70973   53.00    5.00    0.00    0.00   58.00    11  ruby
10:56:59 AM  1000     70973   49.00    7.00    0.00    0.00   56.00     9  ruby
10:57:00 AM  1000     70973   59.00    6.00    0.00    1.00   65.00     2  ruby
10:57:01 AM  1000     70973   52.00    6.00    0.00    0.00   58.00    11  ruby
10:57:02 AM  1000     70973   54.00    5.00    0.00    0.00   59.00    11  ruby
10:57:03 AM  1000     70973   52.00    6.00    0.00    1.00   58.00     9  ruby
10:57:04 AM  1000     70973   54.00    8.00    0.00    0.00   62.00    11  ruby
10:57:05 AM  1000     70973   55.00    7.00    0.00    0.00   62.00     8  ruby
10:57:06 AM  1000     70973   48.00    7.00    0.00    1.00   55.00    11  ruby
10:57:07 AM  1000     70973   60.00    7.00    0.00    0.00   67.00     1  ruby
10:57:08 AM  1000     70973   74.00    9.00    0.00    1.00   83.00    11  ruby
10:57:09 AM  1000     70973   41.00   26.00    0.00    1.00   67.00     2  ruby
10:57:10 AM  1000     70973   65.00    8.00    0.00    1.00   73.00     2  ruby
10:57:11 AM  1000     70973   61.00    8.00    0.00    0.00   69.00     6  ruby
10:57:12 AM  1000     70973   56.00   10.00    0.00    1.00   66.00     2  ruby
10:57:13 AM  1000     70973   50.00    8.00    0.00    1.00   58.00    11  ruby
10:57:14 AM  1000     70973   48.00    5.00    0.00    0.00   53.00     9  ruby
10:57:15 AM  1000     70973   47.00    8.00    0.00    0.00   55.00     9  ruby
10:57:16 AM  1000     70973   50.00    5.00    0.00    0.00   55.00     7  ruby
10:57:17 AM  1000     70973   49.00    8.00    0.00    0.00   57.00     9  ruby
10:57:18 AM  1000     70973   50.00    7.00    0.00    0.00   57.00    11  ruby
10:57:19 AM  1000     70973   48.00    8.00    0.00    0.00   56.00     9  ruby
10:57:20 AM  1000     70973   49.00   10.00    0.00    0.00   59.00     2  ruby
10:57:21 AM  1000     70973   52.00    7.00    0.00    0.00   59.00    10  ruby
10:57:22 AM  1000     70973   47.00    7.00    0.00    0.00   54.00     8  ruby
10:57:23 AM  1000     70973   49.00    8.00    0.00    1.00   57.00     8  ruby
10:57:24 AM  1000     70973   50.00    7.00    0.00    0.00   57.00    11  ruby
10:57:25 AM  1000     70973   49.00    6.00    0.00    0.00   55.00    11  ruby
10:57:26 AM  1000     70973   48.00    6.00    0.00    0.00   54.00    10  ruby
10:57:27 AM  1000     70973   49.00    6.00    0.00    0.00   55.00    11  ruby
10:57:28 AM  1000     70973   50.00    6.00    0.00    0.00   56.00     8  ruby
10:57:29 AM  1000     70973   50.00    7.00    0.00    0.00   57.00     8  ruby
10:57:30 AM  1000     70973   49.00    7.00    0.00    0.00   56.00     9  ruby
10:57:31 AM  1000     70973   49.00    7.00    0.00    0.00   56.00     8  ruby
10:57:32 AM  1000     70973   50.00    6.00    0.00    0.00   56.00     8  ruby
10:57:33 AM  1000     70973   49.00    8.00    0.00    0.00   57.00    11  ruby
10:57:34 AM  1000     70973   48.00    7.00    0.00    0.00   55.00    11  ruby
10:57:35 AM  1000     70973   49.00    6.00    0.00    0.00   55.00     9  ruby
10:57:36 AM  1000     70973   51.00    6.00    0.00    1.00   57.00     9  ruby
10:57:37 AM  1000     70973   49.00    7.00    0.00    0.00   56.00     8  ruby
10:57:38 AM  1000     70973   47.00    8.00    0.00    0.00   55.00     6  ruby
10:57:39 AM  1000     70973   26.00   30.00    0.00    0.00   56.00     6  ruby
10:57:40 AM  1000     70973   22.00   35.00    0.00    1.00   57.00     0  ruby
10:57:41 AM  1000     70973   27.00   27.00    0.00    0.00   54.00     4  ruby
10:57:42 AM  1000     70973   26.00   30.00    0.00    0.00   56.00    10  ruby
10:57:43 AM  1000     70973   22.00   34.00    0.00    0.00   56.00    10  ruby
10:57:44 AM  1000     70973   23.00   33.00    0.00    0.00   56.00     9  ruby
10:57:45 AM  1000     70973   27.00   30.00    0.00    0.00   57.00    11  ruby
10:57:46 AM  1000     70973   43.00   16.00    0.00    0.00   59.00    11  ruby
10:57:47 AM  1000     70973   47.00    7.00    0.00    0.00   54.00     9  ruby
10:57:48 AM  1000     70973   49.00    6.00    0.00    0.00   55.00     9  ruby
10:57:49 AM  1000     70973   48.00    6.00    0.00    0.00   54.00     8  ruby
10:57:50 AM  1000     70973   49.00    7.00    0.00    0.00   56.00     8  ruby
10:57:51 AM  1000     70973   50.00    7.00    0.00    0.00   57.00    10  ruby
10:57:52 AM  1000     70973   50.00    6.00    0.00    0.00   56.00    10  ruby
10:57:53 AM  1000     70973   50.00    7.00    0.00    0.00   57.00    10  ruby
10:57:54 AM  1000     70973   46.00    8.00    0.00    1.00   54.00    11  ruby
10:57:55 AM  1000     70973   48.00    6.00    0.00    0.00   54.00    10  ruby
10:57:56 AM  1000     70973   48.00    8.00    0.00    0.00   56.00    10  ruby
10:57:57 AM  1000     70973   48.00    6.00    0.00    0.00   54.00    11  ruby
10:57:58 AM  1000     70973   48.00    7.00    0.00    0.00   55.00     8  ruby
10:57:59 AM  1000     70973   48.00    8.00    0.00    0.00   56.00     2  ruby
10:58:00 AM  1000     70973    7.00   51.00    0.00    0.00   58.00    10  ruby
10:58:01 AM  1000     70973   42.00   18.00    0.00    1.00   60.00     8  ruby
10:58:02 AM  1000     70973   48.00    8.00    0.00    0.00   56.00     9  ruby
10:58:03 AM  1000     70973   52.00    7.00    0.00    0.00   59.00    11  ruby
10:58:04 AM  1000     70973   51.00    9.00    0.00    0.00   60.00     6  ruby
10:58:05 AM  1000     70973   59.00    6.00    0.00    0.00   65.00     0  ruby
10:58:06 AM  1000     70973   65.00    8.00    0.00    1.00   73.00     9  ruby
10:58:07 AM  1000     70973   70.00   11.00    0.00    2.00   81.00     2  ruby
10:58:08 AM  1000     70973   58.00    7.00    0.00    2.00   65.00     6  ruby
10:58:09 AM  1000     70973   53.00    8.00    0.00    0.00   61.00    10  ruby
10:58:10 AM  1000     70973   52.00    6.00    0.00    0.00   58.00     0  ruby
10:58:11 AM  1000     70973   61.00   11.00    0.00    2.00   72.00     5  ruby
10:58:12 AM  1000     70973   57.00    8.00    0.00    0.00   65.00     9  ruby
10:58:13 AM  1000     70973   49.00    9.00    0.00    1.00   58.00    10  ruby
10:58:14 AM  1000     70973   49.00    6.00    0.00    0.00   55.00     2  ruby
10:58:15 AM  1000     70973   48.00    8.00    0.00    0.00   56.00     9  ruby
10:58:16 AM  1000     70973   51.00    7.00    0.00    0.00   58.00     8  ruby
10:58:17 AM  1000     70973   50.00    6.00    0.00    0.00   56.00    11  ruby
10:58:18 AM  1000     70973   52.00    5.00    0.00    1.00   57.00     0  ruby
10:58:19 AM  1000     70973   57.00    8.00    0.00    0.00   65.00    10  ruby
10:58:20 AM  1000     70973   52.00    6.00    0.00    1.00   58.00     0  ruby
10:58:21 AM  1000     70973   73.00   10.00    0.00    1.00   83.00     3  ruby
10:58:22 AM  1000     70973   63.00   14.00    0.00    1.00   77.00     5  ruby
10:58:23 AM  1000     70973   68.00    9.00    0.00    1.00   77.00    10  ruby
10:58:24 AM  1000     70973   66.00    7.00    0.00    1.00   73.00     7  ruby
10:58:25 AM  1000     70973   76.00    9.00    0.00    3.00   85.00     2  ruby
10:58:26 AM  1000     70973   59.00   24.00    0.00    1.00   83.00     2  ruby
10:58:27 AM  1000     70973   74.00    8.00    0.00    3.00   82.00     2  ruby
10:58:28 AM  1000     70973   72.00   13.00    0.00    2.00   85.00     5  ruby
10:58:29 AM  1000     70973   53.00   31.00    0.00    2.00   84.00     1  ruby
10:58:30 AM  1000     70973   55.00   29.00    0.00    1.00   84.00     3  ruby
10:58:31 AM  1000     70973   73.00    9.00    0.00    1.00   82.00     0  ruby
10:58:32 AM  1000     70973   69.00    7.00    0.00    1.00   76.00    10  ruby
10:58:33 AM  1000     70973   66.00   12.00    0.00    1.00   78.00     7  ruby
10:58:34 AM  1000     70973   70.00    8.00    0.00    1.00   78.00     8  ruby
10:58:35 AM  1000     70973   61.00    8.00    0.00    1.00   69.00    11  ruby
10:58:36 AM  1000     70973   53.00   12.00    0.00    0.00   65.00     4  ruby
10:58:37 AM  1000     70973   30.00   41.00    0.00    1.00   71.00     2  ruby
10:58:38 AM  1000     70973   56.00   10.00    0.00    1.00   66.00     8  ruby
10:58:39 AM  1000     70973   59.00    9.00    0.00    0.00   68.00     7  ruby
10:58:40 AM  1000     70973   58.00    7.00    0.00    1.00   65.00    10  ruby
10:58:41 AM  1000     70973   32.00   35.00    0.00    1.00   67.00     3  ruby
10:58:42 AM  1000     70973   57.43    8.91    0.00    0.00   66.34     6  ruby
10:58:43 AM  1000     70973   62.00    8.00    0.00    1.00   70.00     8  ruby
10:58:44 AM  1000     70973   47.00   24.00    0.00    1.00   71.00     3  ruby
10:58:45 AM  1000     70973   58.00    7.00    0.00    1.00   65.00     9  ruby
10:58:46 AM  1000     70973   56.00   14.00    0.00    1.00   70.00     9  ruby
10:58:47 AM  1000     70973   59.00    7.00    0.00    1.00   66.00     8  ruby
10:58:48 AM  1000     70973   56.00    9.00    0.00    0.00   65.00     6  ruby
10:58:49 AM  1000     70973   58.00   10.00    0.00    1.00   68.00     9  ruby
10:58:50 AM  1000     70973   61.00    6.00    0.00    1.00   67.00    10  ruby
10:58:51 AM  1000     70973   59.00    9.00    0.00    1.00   68.00     8  ruby
10:58:52 AM  1000     70973   60.00    9.00    0.00    1.00   69.00     8  ruby
10:58:53 AM  1000     70973   56.00    7.00    0.00    0.00   63.00    11  ruby
10:58:54 AM  1000     70973   55.00   11.00    0.00    1.00   66.00     8  ruby
10:58:55 AM  1000     70973   57.00   10.00    0.00    1.00   67.00     7  ruby
10:58:56 AM  1000     70973   52.00   14.00    0.00    1.00   66.00    10  ruby
10:58:57 AM  1000     70973   59.00    7.00    0.00    0.00   66.00     6  ruby
10:58:58 AM  1000     70973   59.00    7.00    0.00    1.00   66.00    11  ruby
10:58:59 AM  1000     70973   59.00    7.00    0.00    0.00   66.00     2  ruby
10:59:00 AM  1000     70973   60.00    7.00    0.00    1.00   67.00     9  ruby
10:59:01 AM  1000     70973   58.00    8.00    0.00    1.00   66.00     8  ruby
10:59:02 AM  1000     70973   57.00    7.00    0.00    1.00   64.00    10  ruby
10:59:03 AM  1000     70973   40.00   24.00    0.00    1.00   64.00     7  ruby
10:59:04 AM  1000     70973   60.00    6.00    0.00    1.00   66.00    11  ruby
10:59:05 AM  1000     70973   57.00    9.00    0.00    1.00   66.00     7  ruby
10:59:06 AM  1000     70973   56.00    9.00    0.00    1.00   65.00     8  ruby
10:59:07 AM  1000     70973   56.00    7.00    0.00    0.00   63.00     9  ruby
10:59:08 AM  1000     70973   56.00    8.00    0.00    1.00   64.00    11  ruby
10:59:09 AM  1000     70973   55.00   11.00    0.00    1.00   66.00    10  ruby
10:59:10 AM  1000     70973   58.00    8.00    0.00    1.00   66.00     7  ruby
10:59:11 AM  1000     70973   59.00    9.00    0.00    1.00   68.00    10  ruby
10:59:12 AM  1000     70973   58.00    7.00    0.00    0.00   65.00     9  ruby
10:59:13 AM  1000     70973   58.00    8.00    0.00    1.00   66.00     9  ruby
10:59:14 AM  1000     70973   60.00    7.00    0.00    1.00   67.00    11  ruby
10:59:15 AM  1000     70973   54.00   14.00    0.00    1.00   68.00    10  ruby
10:59:16 AM  1000     70973   57.00    5.00    0.00    1.00   62.00     9  ruby
10:59:17 AM  1000     70973   58.00    7.00    0.00    1.00   65.00     7  ruby
10:59:18 AM  1000     70973   57.00    8.00    0.00    0.00   65.00     9  ruby
10:59:19 AM  1000     70973   31.00   36.00    0.00    1.00   67.00     9  ruby
10:59:20 AM  1000     70973   52.00   15.00    0.00    1.00   67.00     7  ruby
10:59:21 AM  1000     70973   59.00    7.00    0.00    1.00   66.00     9  ruby
10:59:22 AM  1000     70973   56.00    8.00    0.00    0.00   64.00    10  ruby
10:59:23 AM  1000     70973   51.00   12.00    0.00    1.00   63.00     6  ruby
10:59:24 AM  1000     70973   44.00   19.00    0.00    1.00   63.00     8  ruby
10:59:25 AM  1000     70973   56.00    7.00    0.00    0.00   63.00    11  ruby
10:59:26 AM  1000     70973   53.00   10.00    0.00    1.00   63.00    11  ruby
10:59:27 AM  1000     70973   47.00   17.00    0.00    0.00   64.00     8  ruby
10:59:28 AM  1000     70973   56.00    8.00    0.00    1.00   64.00    10  ruby
10:59:29 AM  1000     70973   46.00   22.00    0.00    1.00   68.00     0  ruby
10:59:30 AM  1000     70973   58.00    8.00    0.00    1.00   66.00    11  ruby
10:59:31 AM  1000     70973   50.00   18.00    0.00    0.00   68.00     7  ruby
10:59:32 AM  1000     70973   57.00   10.00    0.00    1.00   67.00     3  ruby
10:59:33 AM  1000     70973   55.00    9.00    0.00    1.00   64.00     8  ruby
10:59:34 AM  1000     70973   58.00    6.00    0.00    0.00   64.00     8  ruby
10:59:35 AM  1000     70973   55.00   10.00    0.00    1.00   65.00    11  ruby
10:59:36 AM  1000     70973   40.00   24.00    0.00    1.00   64.00    10  ruby
10:59:37 AM  1000     70973   55.00    8.00    0.00    0.00   63.00    11  ruby
10:59:38 AM  1000     70973   55.00    9.00    0.00    0.00   64.00     6  ruby
10:59:39 AM  1000     70973   55.00    8.00    0.00    1.00   63.00     6  ruby
10:59:40 AM  1000     70973   51.00   12.00    0.00    1.00   63.00    10  ruby
10:59:41 AM  1000     70973   50.00   14.00    0.00    0.00   64.00     9  ruby
10:59:42 AM  1000     70973   52.00   15.00    0.00    2.00   67.00    10  ruby
10:59:43 AM  1000     70973   57.00    8.00    0.00    0.00   65.00     7  ruby
10:59:44 AM  1000     70973   60.00   16.00    0.00    1.00   76.00     0  ruby
10:59:45 AM  1000     70973   73.00    7.00    0.00    2.00   80.00    10  ruby
10:59:46 AM  1000     70973   73.00    9.00    0.00    1.00   82.00     2  ruby
10:59:47 AM  1000     70973   62.00    9.00    0.00    1.00   71.00    10  ruby
10:59:48 AM  1000     70973   58.00    8.00    0.00    0.00   66.00     7  ruby
10:59:49 AM  1000     70973   51.00   14.00    0.00    1.00   65.00     9  ruby
10:59:50 AM  1000     70973   54.00   13.00    0.00    1.00   67.00     0  ruby
10:59:51 AM  1000     70973   53.00   10.00    0.00    0.00   63.00     8  ruby
10:59:52 AM  1000     70973   56.00   10.00    0.00    1.00   66.00    10  ruby
10:59:53 AM  1000     70973   53.00   10.00    0.00    1.00   63.00     8  ruby
10:59:54 AM  1000     70973   60.00    6.00    0.00    0.00   66.00     8  ruby
10:59:55 AM  1000     70973   56.00    9.00    0.00    1.00   65.00    10  ruby
10:59:56 AM  1000     70973   52.00   10.00    0.00    1.00   62.00     4  ruby
10:59:57 AM  1000     70973   56.00    8.00    0.00    0.00   64.00     9  ruby
10:59:58 AM  1000     70973   55.00    8.00    0.00    0.00   63.00    11  ruby
10:59:59 AM  1000     70973   58.00    7.00    0.00    1.00   65.00    10  ruby
11:00:00 AM  1000     70973   54.00    9.00    0.00    1.00   63.00     9  ruby
11:00:01 AM  1000     70973   55.00   10.00    0.00    0.00   65.00    10  ruby
11:00:02 AM  1000     70973   56.00    9.00    0.00    0.00   65.00    11  ruby
11:00:03 AM  1000     70973   65.00   12.00    0.00    2.00   77.00     7  ruby
11:00:04 AM  1000     70973   65.00   13.00    0.00    1.00   78.00     9  ruby
11:00:05 AM  1000     70973   71.00    8.00    0.00    2.00   79.00     9  ruby
11:00:06 AM  1000     70973   56.00   12.00    0.00    0.00   68.00    11  ruby
11:00:07 AM  1000     70973   55.00    8.00    0.00    1.00   63.00     3  ruby
11:00:08 AM  1000     70973   40.00   22.00    0.00    1.00   62.00    10  ruby
11:00:09 AM  1000     70973   57.00    8.00    0.00    1.00   65.00     9  ruby
11:00:10 AM  1000     70973   56.00    8.00    0.00    1.00   64.00    11  ruby
11:00:11 AM  1000     70973   56.00    8.00    0.00    0.00   64.00    11  ruby
11:00:12 AM  1000     70973   55.00    8.00    0.00    1.00   63.00     2  ruby
11:00:13 AM  1000     70973   67.00    7.00    0.00    1.00   74.00     9  ruby
11:00:14 AM  1000     70973   72.00    9.00    0.00    1.00   81.00     0  ruby
11:00:15 AM  1000     70973   62.00   16.00    0.00    2.00   78.00     4  ruby
11:00:16 AM  1000     70973   61.00   20.00    0.00    2.00   81.00     9  ruby
11:00:17 AM  1000     70973   75.00    8.00    0.00    2.00   83.00     9  ruby
11:00:18 AM  1000     70973   65.00    7.00    0.00    0.00   72.00    11  ruby
11:00:19 AM  1000     70973   61.00    6.00    0.00    1.00   67.00    10  ruby
11:00:20 AM  1000     70973   56.00    7.00    0.00    0.00   63.00     8  ruby
11:00:21 AM  1000     70973   49.00    8.00    0.00    0.00   57.00    11  ruby
11:00:22 AM  1000     70973   48.00    6.00    0.00    0.00   54.00    11  ruby
11:00:23 AM  1000     70973   47.00    7.00    0.00    0.00   54.00     6  ruby
11:00:24 AM  1000     70973   52.00    7.00    0.00    1.00   59.00     8  ruby
11:00:25 AM  1000     70973   51.00    7.00    0.00    0.00   58.00     8  ruby
11:00:26 AM  1000     70973   62.00    8.00    0.00    0.00   70.00     0  ruby
11:00:27 AM  1000     70973   56.00    7.00    0.00    1.00   63.00     8  ruby
11:00:28 AM  1000     70973   51.00    8.00    0.00    0.00   59.00    10  ruby
11:00:29 AM  1000     70973   49.00    7.00    0.00    0.00   56.00     2  ruby
11:00:30 AM  1000     70973   50.00    6.00    0.00    0.00   56.00    11  ruby
11:00:31 AM  1000     70973   49.00    6.00    0.00    0.00   55.00    10  ruby
11:00:32 AM  1000     70973   49.00    8.00    0.00    0.00   57.00     6  ruby
11:00:33 AM  1000     70973   50.00    6.00    0.00    0.00   56.00     9  ruby
11:00:34 AM  1000     70973   48.00    8.00    0.00    0.00   56.00    10  ruby
11:00:35 AM  1000     70973   50.00    7.00    0.00    0.00   57.00     8  ruby
11:00:36 AM  1000     70973   49.00    7.00    0.00    0.00   56.00    10  ruby
11:00:37 AM  1000     70973   49.00    6.00    0.00    1.00   55.00    10  ruby
11:00:38 AM  1000     70973   52.00    6.00    0.00    0.00   58.00    11  ruby
11:00:39 AM  1000     70973   50.00    6.00    0.00    0.00   56.00     8  ruby
11:00:40 AM  1000     70973   49.00    7.00    0.00    1.00   56.00     9  ruby

Average:     1000     70973   51.63   10.03    0.00    0.43   61.66     -  ruby
