Linux 6.14.0-36-generic (legion) 	04/11/2026 	_x86_64_	(12 CPU)

11:07:38 AM   UID       PID    %usr %system  %guest   %wait    %CPU   CPU  Command
11:07:39 AM  1000     79599    2.00    3.00    0.00    0.00    5.00     9  ruby
11:07:40 AM  1000     79599    3.00    3.00    0.00    0.00    6.00    11  ruby
11:07:41 AM  1000     79599    2.00    2.00    0.00    0.00    4.00     0  ruby
11:07:42 AM  1000     79599    4.00    3.00    0.00    0.00    7.00    11  ruby
11:07:43 AM  1000     79599    4.00    2.00    0.00    0.00    6.00    11  ruby
11:07:44 AM  1000     79599    3.00    3.00    0.00    0.00    6.00     9  ruby
11:07:45 AM  1000     79599    3.00    3.00    0.00    1.00    6.00     9  ruby
11:07:46 AM  1000     79599    4.00    3.00    0.00    0.00    7.00     0  ruby
11:07:47 AM  1000     79599    2.00    3.00    0.00    0.00    5.00     9  ruby
11:07:48 AM  1000     79599    3.00    3.00    0.00    0.00    6.00     7  ruby
11:07:49 AM  1000     79599    3.00    3.00    0.00    0.00    6.00    11  ruby
11:07:50 AM  1000     79599    3.00    3.00    0.00    0.00    6.00    10  ruby
11:07:51 AM  1000     79599    3.00    4.00    0.00    0.00    7.00     7  ruby
11:07:52 AM  1000     79599    2.00    3.00    0.00    0.00    5.00     9  ruby
11:07:53 AM  1000     79599    3.00    4.00    0.00    0.00    7.00     9  ruby
11:07:54 AM  1000     79599    2.00    4.00    0.00    0.00    6.00    11  ruby
11:07:55 AM  1000     79599    2.00    3.00    0.00    0.00    5.00     2  ruby
11:07:56 AM  1000     79599    3.00    3.00    0.00    0.00    6.00     7  ruby
11:07:57 AM  1000     79599    3.96    1.98    0.00    0.00    5.94    11  ruby
11:07:58 AM  1000     79599    3.00    3.00    0.00    0.00    6.00    11  ruby
11:07:59 AM  1000     79599    3.00    2.00    0.00    0.00    5.00    11  ruby
11:08:00 AM  1000     79599    3.00    5.00    0.00    0.00    8.00     1  ruby
11:08:01 AM  1000     79599    2.00    3.00    0.00    0.00    5.00     9  ruby
11:08:02 AM  1000     79599    4.00    3.00    0.00    0.00    7.00    11  ruby
11:08:03 AM  1000     79599    3.00    3.00    0.00    0.00    6.00     7  ruby
11:08:04 AM  1000     79599    3.00    3.00    0.00    0.00    6.00     9  ruby
11:08:05 AM  1000     79599    4.00    3.00    0.00    0.00    7.00     9  ruby
11:08:06 AM  1000     79599    4.00    3.00    0.00    0.00    7.00     8  ruby
11:08:07 AM  1000     79599    3.00    3.00    0.00    0.00    6.00     9  ruby
11:08:08 AM  1000     79599    3.00    3.00    0.00    0.00    6.00     2  ruby
11:08:09 AM  1000     79599    3.00    4.00    0.00    0.00    7.00     9  ruby
11:08:10 AM  1000     79599    4.00    3.00    0.00    0.00    7.00    11  ruby
11:08:11 AM  1000     79599    2.00    3.00    0.00    0.00    5.00     9  ruby
11:08:12 AM  1000     79599    3.00    3.00    0.00    0.00    6.00    11  ruby
11:08:13 AM  1000     79599    3.00    3.00    0.00    0.00    6.00     9  ruby
11:08:14 AM  1000     79599    3.00    3.00    0.00    0.00    6.00     3  ruby
11:08:15 AM  1000     79599    3.00    4.00    0.00    0.00    7.00     9  ruby
11:08:16 AM  1000     79599    4.00    3.00    0.00    0.00    7.00    11  ruby
11:08:17 AM  1000     79599    3.00    4.00    0.00    0.00    7.00     1  ruby
11:08:18 AM  1000     79599    3.00    3.00    0.00    0.00    6.00    11  ruby
11:08:19 AM  1000     79599    3.00    4.00    0.00    0.00    7.00     6  ruby
11:08:20 AM  1000     79599    4.00    3.00    0.00    0.00    7.00    11  ruby
11:08:21 AM  1000     79599    5.00    2.00    0.00    0.00    7.00     9  ruby
11:08:22 AM  1000     79599    1.00    4.00    0.00    0.00    5.00    11  ruby
11:08:23 AM  1000     79599    3.00    3.00    0.00    0.00    6.00     7  ruby
11:08:24 AM  1000     79599    3.00    4.00    0.00    0.00    7.00     7  ruby
11:08:25 AM  1000     79599    3.00    3.00    0.00    0.00    6.00     6  ruby
11:08:26 AM  1000     79599    4.00    3.00    0.00    0.00    7.00     0  ruby
11:08:27 AM  1000     79599    2.00    3.00    0.00    0.00    5.00     8  ruby
11:08:28 AM  1000     79599    4.00    3.00    0.00    0.00    7.00     2  ruby
11:08:29 AM  1000     79599    2.00    3.00    0.00    0.00    5.00    11  ruby
11:08:30 AM  1000     79599    2.00    2.00    0.00    0.00    4.00     3  ruby
11:08:31 AM  1000     79599    3.00    3.00    0.00    0.00    6.00     8  ruby
11:08:32 AM  1000     79599    2.00    4.00    0.00    0.00    6.00    11  ruby
11:08:33 AM  1000     79599    3.00    3.00    0.00    0.00    6.00    11  ruby
11:08:34 AM  1000     79599    3.00    4.00    0.00    0.00    7.00     2  ruby
11:08:35 AM  1000     79599    3.00    3.00    0.00    0.00    6.00     8  ruby
11:08:36 AM  1000     79599    4.00    3.00    0.00    0.00    7.00     9  ruby
11:08:37 AM  1000     79599    3.00    3.00    0.00    0.00    6.00     9  ruby
11:08:38 AM  1000     79599    3.00    3.00    0.00    0.00    6.00    10  ruby
11:08:39 AM  1000     79599    4.00    3.00    0.00    0.00    7.00     3  ruby
11:08:40 AM  1000     79599    4.00    2.00    0.00    0.00    6.00    10  ruby
11:08:41 AM  1000     79599    4.00    3.00    0.00    0.00    7.00     7  ruby
11:08:42 AM  1000     79599    3.00    3.00    0.00    0.00    6.00     9  ruby
11:08:43 AM  1000     79599    2.00    4.00    0.00    0.00    6.00    10  ruby
11:08:44 AM  1000     79599    4.00    3.00    0.00    0.00    7.00    11  ruby
11:08:45 AM  1000     79599    3.00    3.00    0.00    0.00    6.00    11  ruby
11:08:46 AM  1000     79599    4.00    3.00    0.00    0.00    7.00     9  ruby
11:08:47 AM  1000     79599    2.00    4.00    0.00    0.00    6.00    10  ruby
11:08:48 AM  1000     79599    3.00    4.00    0.00    0.00    7.00    10  ruby
11:08:49 AM  1000     79599    3.00    3.00    0.00    0.00    6.00     8  ruby
11:08:50 AM  1000     79599    2.00    4.00    0.00    0.00    6.00     8  ruby
11:08:51 AM  1000     79599    2.00    4.00    0.00    0.00    6.00     9  ruby
11:08:52 AM  1000     79599    3.00    3.00    0.00    0.00    6.00     0  ruby
11:08:53 AM  1000     79599    3.00    3.00    0.00    0.00    6.00    11  ruby
11:08:54 AM  1000     79599    3.00    2.00    0.00    0.00    5.00    11  ruby
11:08:55 AM  1000     79599    6.00    3.00    0.00    0.00    9.00    11  ruby
11:08:56 AM  1000     79599    2.00    3.00    0.00    0.00    5.00    11  ruby
11:08:57 AM  1000     79599    3.00    3.00    0.00    0.00    6.00    11  ruby
11:08:58 AM  1000     79599    3.00    3.00    0.00    0.00    6.00    11  ruby
11:08:59 AM  1000     79599    1.00    4.00    0.00    0.00    5.00    11  ruby
11:09:00 AM  1000     79599    4.00    2.00    0.00    0.00    6.00    11  ruby
11:09:01 AM  1000     79599    3.00    2.00    0.00    0.00    5.00    11  ruby
11:09:02 AM  1000     79599    4.00    3.00    0.00    0.00    7.00     9  ruby
11:09:03 AM  1000     79599    2.00    3.00    0.00    0.00    5.00     6  ruby
11:09:04 AM  1000     79599    3.00    3.00    0.00    0.00    6.00     7  ruby
11:09:05 AM  1000     79599    2.00    2.00    0.00    0.00    4.00     9  ruby
11:09:06 AM  1000     79599    2.00    4.00    0.00    0.00    6.00     5  ruby
11:09:07 AM  1000     79599    4.00    3.00    0.00    0.00    7.00     6  ruby
11:09:08 AM  1000     79599    4.00    2.00    0.00    0.00    6.00     7  ruby
11:09:09 AM  1000     79599    3.00    3.00    0.00    0.00    6.00    11  ruby
11:09:10 AM  1000     79599    2.00    2.00    0.00    0.00    4.00     9  ruby
11:09:11 AM  1000     79599    2.00    4.00    0.00    0.00    6.00    11  ruby
11:09:12 AM  1000     79599    3.00    3.00    0.00    0.00    6.00    11  ruby
11:09:13 AM  1000     79599    1.00    3.00    0.00    0.00    4.00     9  ruby
11:09:14 AM  1000     79599    4.00    2.00    0.00    0.00    6.00     9  ruby
11:09:15 AM  1000     79599    2.00    4.00    0.00    0.00    6.00     9  ruby
11:09:16 AM  1000     79599    3.00    2.00    0.00    0.00    5.00    11  ruby
11:09:17 AM  1000     79599    3.00    3.00    0.00    0.00    6.00    10  ruby
11:09:18 AM  1000     79599    2.00    3.00    0.00    0.00    5.00     6  ruby
11:09:19 AM  1000     79599    4.00    3.00    0.00    0.00    7.00    11  ruby
11:09:20 AM  1000     79599    3.00    2.00    0.00    0.00    5.00    10  ruby
11:09:21 AM  1000     79599    2.00    4.00    0.00    0.00    6.00     3  ruby
11:09:22 AM  1000     79599    3.00    2.00    0.00    0.00    5.00     3  ruby
11:09:23 AM  1000     79599    2.00    3.00    0.00    0.00    5.00     7  ruby
11:09:24 AM  1000     79599    3.00    3.00    0.00    0.00    6.00     7  ruby
11:09:25 AM  1000     79599    3.00    3.00    0.00    0.00    6.00     9  ruby
11:09:26 AM  1000     79599    2.00    4.00    0.00    0.00    6.00     9  ruby
11:09:27 AM  1000     79599    3.00    2.00    0.00    0.00    5.00     9  ruby
11:09:28 AM  1000     79599    2.00    3.00    0.00    0.00    5.00     6  ruby
11:09:29 AM  1000     79599    4.00    2.00    0.00    0.00    6.00     9  ruby
11:09:30 AM  1000     79599    1.00    5.00    0.00    0.00    6.00     9  ruby
11:09:31 AM  1000     79599    3.00    4.00    0.00    0.00    7.00    10  ruby
11:09:32 AM  1000     79599    3.00    2.00    0.00    1.00    5.00    11  ruby
11:09:33 AM  1000     79599    2.00    4.00    0.00    0.00    6.00     9  ruby
11:09:34 AM  1000     79599    3.00    3.00    0.00    0.00    6.00    10  ruby
11:09:35 AM  1000     79599    2.00    3.00    0.00    0.00    5.00     9  ruby
11:09:36 AM  1000     79599    3.00    4.00    0.00    0.00    7.00     3  ruby
11:09:37 AM  1000     79599    2.00    2.00    0.00    0.00    4.00    11  ruby
11:09:38 AM  1000     79599    3.00    3.00    0.00    0.00    6.00     7  ruby
11:09:39 AM  1000     79599    4.00    2.00    0.00    0.00    6.00    11  ruby
11:09:40 AM  1000     79599    3.00    3.00    0.00    0.00    6.00     4  ruby
11:09:41 AM  1000     79599    2.00    3.00    0.00    0.00    5.00     9  ruby
11:09:42 AM  1000     79599    4.00    2.00    0.00    0.00    6.00     3  ruby
11:09:43 AM  1000     79599    2.00    3.00    0.00    0.00    5.00     1  ruby
11:09:44 AM  1000     79599    1.00    4.00    0.00    0.00    5.00     7  ruby
11:09:45 AM  1000     79599    4.00    2.00    0.00    0.00    6.00     3  ruby
11:09:46 AM  1000     79599    3.00    2.00    0.00    0.00    5.00     3  ruby
11:09:47 AM  1000     79599    3.00    4.00    0.00    0.00    7.00     0  ruby
11:09:48 AM  1000     79599    2.00    3.00    0.00    0.00    5.00     0  ruby
11:09:49 AM  1000     79599    3.00    3.00    0.00    0.00    6.00     6  ruby
11:09:50 AM  1000     79599    3.00    2.00    0.00    0.00    5.00     4  ruby
11:09:51 AM  1000     79599    2.00    4.00    0.00    0.00    6.00     7  ruby
11:09:52 AM  1000     79599    1.00    4.00    0.00    0.00    5.00     8  ruby
11:09:53 AM  1000     79599    2.00    3.00    0.00    0.00    5.00    11  ruby
11:09:54 AM  1000     79599    3.00    2.00    0.00    0.00    5.00     6  ruby
11:09:55 AM  1000     79599    2.00    3.00    0.00    0.00    5.00     9  ruby
11:09:56 AM  1000     79599    2.00    2.00    0.00    0.00    4.00     2  ruby
11:09:57 AM  1000     79599    3.00    4.00    0.00    0.00    7.00    11  ruby
11:09:58 AM  1000     79599    2.00    3.00    0.00    0.00    5.00    11  ruby
11:09:59 AM  1000     79599    3.00    3.00    0.00    0.00    6.00     7  ruby
11:10:00 AM  1000     79599    3.00    2.00    0.00    0.00    5.00     9  ruby
11:10:01 AM  1000     79599    4.00    3.00    0.00    0.00    7.00     9  ruby
11:10:02 AM  1000     79599    2.00    3.00    0.00    0.00    5.00     9  ruby
11:10:03 AM  1000     79599    2.00    3.00    0.00    0.00    5.00     7  ruby
11:10:04 AM  1000     79599    2.00    3.00    0.00    0.00    5.00     7  ruby
11:10:05 AM  1000     79599    3.00    3.00    0.00    0.00    6.00     9  ruby
11:10:06 AM  1000     79599    3.00    4.00    0.00    0.00    7.00     9  ruby
11:10:07 AM  1000     79599    3.00    2.00    0.00    0.00    5.00    10  ruby
11:10:08 AM  1000     79599    2.00    3.00    0.00    0.00    5.00     8  ruby
11:10:09 AM  1000     79599    4.00    3.00    0.00    0.00    7.00     9  ruby
11:10:10 AM  1000     79599    3.00    3.00    0.00    0.00    6.00     9  ruby
11:10:11 AM  1000     79599    3.00    2.00    0.00    0.00    5.00     9  ruby
11:10:12 AM  1000     79599    2.00    3.00    0.00    0.00    5.00     4  ruby
11:10:13 AM  1000     79599    3.00    3.00    0.00    0.00    6.00    11  ruby
11:10:14 AM  1000     79599    2.00    4.00    0.00    0.00    6.00     9  ruby
11:10:15 AM  1000     79599    3.00    3.00    0.00    0.00    6.00     9  ruby
11:10:16 AM  1000     79599    3.00    2.00    0.00    0.00    5.00     9  ruby
11:10:17 AM  1000     79599    3.00    2.00    0.00    0.00    5.00    11  ruby
11:10:18 AM  1000     79599    2.00    4.00    0.00    0.00    6.00     9  ruby
11:10:19 AM  1000     79599    2.00    2.00    0.00    0.00    4.00    10  ruby
11:10:20 AM  1000     79599    3.00    2.00    0.00    0.00    5.00    11  ruby
11:10:21 AM  1000     79599    2.00    4.00    0.00    0.00    6.00     9  ruby
11:10:22 AM  1000     79599    2.00    4.00    0.00    0.00    6.00     9  ruby
11:10:23 AM  1000     79599    4.00    2.00    0.00    0.00    6.00    11  ruby
11:10:24 AM  1000     79599    4.00    2.00    0.00    0.00    6.00    11  ruby
11:10:25 AM  1000     79599    1.00    4.00    0.00    0.00    5.00     9  ruby
11:10:26 AM  1000     79599    2.00    3.00    0.00    0.00    5.00     5  ruby
11:10:27 AM  1000     79599    3.00    4.00    0.00    0.00    7.00    11  ruby
11:10:28 AM  1000     79599    3.00    2.00    0.00    0.00    5.00     9  ruby
11:10:29 AM  1000     79599    4.00    3.00    0.00    0.00    7.00     9  ruby
11:10:30 AM  1000     79599    3.00    2.00    0.00    0.00    5.00     9  ruby
11:10:31 AM  1000     79599    3.00    3.00    0.00    0.00    6.00    11  ruby
11:10:32 AM  1000     79599    1.00    3.00    0.00    0.00    4.00     7  ruby
11:10:33 AM  1000     79599    2.00    4.00    0.00    0.00    6.00     8  ruby
11:10:34 AM  1000     79599    3.00    2.00    0.00    0.00    5.00    10  ruby
11:10:35 AM  1000     79599    3.00    2.00    0.00    0.00    5.00    10  ruby
11:10:36 AM  1000     79599    2.00    3.00    0.00    0.00    5.00     9  ruby
11:10:37 AM  1000     79599    2.00    4.00    0.00    0.00    6.00     9  ruby
11:10:38 AM  1000     79599    3.00    3.00    0.00    0.00    6.00     9  ruby
11:10:39 AM  1000     79599    2.00    3.00    0.00    0.00    5.00     3  ruby
11:10:40 AM  1000     79599    3.00    3.00    0.00    0.00    6.00     3  ruby
11:10:41 AM  1000     79599    3.00    3.00    0.00    0.00    6.00     0  ruby
11:10:42 AM  1000     79599    2.00    3.00    0.00    0.00    5.00     7  ruby
11:10:43 AM  1000     79599    2.00    3.00    0.00    0.00    5.00    11  ruby
11:10:44 AM  1000     79599    2.00    3.00    0.00    0.00    5.00     7  ruby
11:10:45 AM  1000     79599    3.00    3.00    0.00    0.00    6.00    11  ruby
11:10:46 AM  1000     79599    2.00    3.00    0.00    0.00    5.00     0  ruby
11:10:47 AM  1000     79599    3.00    4.00    0.00    0.00    7.00     7  ruby
11:10:48 AM  1000     79599    2.00    2.00    0.00    0.00    4.00    10  ruby
11:10:49 AM  1000     79599    3.00    3.00    0.00    0.00    6.00     7  ruby
11:10:50 AM  1000     79599    3.00    3.00    0.00    0.00    6.00     8  ruby
11:10:51 AM  1000     79599    3.00    3.00    0.00    0.00    6.00    11  ruby
11:10:52 AM  1000     79599    3.00    3.00    0.00    0.00    6.00     7  ruby
11:10:53 AM  1000     79599    2.00    2.00    0.00    0.00    4.00     8  ruby
11:10:54 AM  1000     79599    3.00    4.00    0.00    0.00    7.00    11  ruby
11:10:55 AM  1000     79599    2.00    3.00    0.00    0.00    5.00    11  ruby
11:10:56 AM  1000     79599    2.00    3.00    0.00    0.00    5.00     8  ruby
11:10:57 AM  1000     79599    3.00    2.00    0.00    0.00    5.00     8  ruby
11:10:58 AM  1000     79599    3.00    3.00    0.00    0.00    6.00     4  ruby
11:10:59 AM  1000     79599    2.00    3.00    0.00    0.00    5.00     2  ruby
11:11:00 AM  1000     79599    3.00    3.00    0.00    0.00    6.00    10  ruby
11:11:01 AM  1000     79599    2.97    2.97    0.00    0.00    5.94    11  ruby
11:11:02 AM  1000     79599    2.00    3.00    0.00    0.00    5.00    11  ruby
11:11:03 AM  1000     79599    3.00    3.00    0.00    0.00    6.00     0  ruby
11:11:04 AM  1000     79599    3.00    3.00    0.00    0.00    6.00     9  ruby
11:11:05 AM  1000     79599    3.00    3.00    0.00    0.00    6.00     9  ruby
11:11:06 AM  1000     79599    4.00    2.00    0.00    0.00    6.00     7  ruby
11:11:07 AM  1000     79599    3.00    3.00    0.00    0.00    6.00     6  ruby
11:11:08 AM  1000     79599    3.00    2.00    0.00    0.00    5.00     9  ruby
11:11:09 AM  1000     79599    4.00    2.00    0.00    0.00    6.00     9  ruby
11:11:10 AM  1000     79599    3.00    3.00    0.00    0.00    6.00     9  ruby
11:11:11 AM  1000     79599    2.00    3.00    0.00    0.00    5.00     7  ruby
11:11:12 AM  1000     79599    3.00    3.00    0.00    0.00    6.00     9  ruby
11:11:13 AM  1000     79599    3.00    3.00    0.00    0.00    6.00    11  ruby
11:11:14 AM  1000     79599    2.00    3.00    0.00    0.00    5.00     5  ruby
11:11:15 AM  1000     79599    4.00    2.00    0.00    0.00    6.00     2  ruby
11:11:16 AM  1000     79599    3.00    3.00    0.00    0.00    6.00    11  ruby
11:11:17 AM  1000     79599    2.00    3.00    0.00    0.00    5.00     3  ruby
11:11:18 AM  1000     79599    3.00    2.00    0.00    0.00    5.00     8  ruby
11:11:19 AM  1000     79599    3.00    3.00    0.00    0.00    6.00     9  ruby
11:11:20 AM  1000     79599    4.00    1.00    0.00    0.00    5.00     9  ruby
11:11:21 AM  1000     79599    3.00    2.00    0.00    0.00    5.00     7  ruby
11:11:22 AM  1000     79599    3.00    4.00    0.00    0.00    7.00     7  ruby
11:11:23 AM  1000     79599    3.00    3.00    0.00    0.00    6.00    11  ruby
11:11:24 AM  1000     79599    2.00    2.00    0.00    1.00    4.00     9  ruby
11:11:25 AM  1000     79599    3.00    3.00    0.00    0.00    6.00     2  ruby
11:11:26 AM  1000     79599    2.00    3.00    0.00    0.00    5.00     7  ruby
11:11:27 AM  1000     79599    2.00    4.00    0.00    0.00    6.00    11  ruby
11:11:28 AM  1000     79599    3.00    3.00    0.00    0.00    6.00     9  ruby
11:11:29 AM  1000     79599    3.00    2.00    0.00    0.00    5.00     9  ruby
11:11:30 AM  1000     79599    3.00    3.00    0.00    0.00    6.00    10  ruby
11:11:31 AM  1000     79599    2.00    4.00    0.00    0.00    6.00    11  ruby
11:11:32 AM  1000     79599    3.00    3.00    0.00    0.00    6.00    11  ruby
11:11:33 AM  1000     79599    2.00    3.00    0.00    0.00    5.00     4  ruby
11:11:34 AM  1000     79599    3.00    3.00    0.00    0.00    6.00    11  ruby
11:11:35 AM  1000     79599    4.00    2.00    0.00    0.00    6.00    11  ruby
11:11:36 AM  1000     79599    3.00    3.00    0.00    0.00    6.00     9  ruby
11:11:37 AM  1000     79599    3.00    3.00    0.00    0.00    6.00    11  ruby
11:11:38 AM  1000     79599    3.00    2.00    0.00    0.00    5.00    10  ruby
11:11:39 AM  1000     79599    4.00    2.00    0.00    0.00    6.00    10  ruby
11:11:40 AM  1000     79599    2.00    4.00    0.00    0.00    6.00     7  ruby
11:11:41 AM  1000     79599    2.00    4.00    0.00    0.00    6.00    11  ruby
11:11:42 AM  1000     79599    3.00    3.00    0.00    0.00    6.00     9  ruby
11:11:43 AM  1000     79599    2.00    3.00    0.00    0.00    5.00     9  ruby
11:11:44 AM  1000     79599    3.00    4.00    0.00    0.00    7.00     8  ruby
11:11:45 AM  1000     79599    2.00    3.00    0.00    0.00    5.00    11  ruby
11:11:46 AM  1000     79599    3.00    3.00    0.00    0.00    6.00     9  ruby
11:11:47 AM  1000     79599    3.00    4.00    0.00    0.00    7.00     9  ruby
11:11:48 AM  1000     79599    3.00    3.00    0.00    0.00    6.00     9  ruby
11:11:49 AM  1000     79599    3.00    2.00    0.00    0.00    5.00     9  ruby
11:11:50 AM  1000     79599    3.00    3.00    0.00    0.00    6.00     9  ruby
11:11:51 AM  1000     79599    2.00    3.00    0.00    0.00    5.00    10  ruby
11:11:52 AM  1000     79599    3.00    3.00    0.00    0.00    6.00     9  ruby
11:11:53 AM  1000     79599    4.00    3.00    0.00    0.00    7.00     8  ruby
11:11:54 AM  1000     79599    1.00    3.00    0.00    0.00    4.00    11  ruby
11:11:55 AM  1000     79599    3.00    3.00    0.00    0.00    6.00     8  ruby
11:11:56 AM  1000     79599    2.00    4.00    0.00    0.00    6.00     9  ruby
11:11:57 AM  1000     79599    2.00    2.00    0.00    0.00    4.00     9  ruby
11:11:58 AM  1000     79599    3.00    3.00    0.00    0.00    6.00     5  ruby
11:11:59 AM  1000     79599    4.00    3.00    0.00    0.00    7.00     7  ruby
11:12:00 AM  1000     79599    2.00    3.00    0.00    0.00    5.00     2  ruby
11:12:01 AM  1000     79599    3.00    3.00    0.00    0.00    6.00     7  ruby
11:12:02 AM  1000     79599    1.00    4.00    0.00    0.00    5.00     9  ruby
11:12:03 AM  1000     79599    3.00    2.00    0.00    0.00    5.00     9  ruby
11:12:04 AM  1000     79599    2.00    3.00    0.00    0.00    5.00     1  ruby
11:12:05 AM  1000     79599    4.00    3.00    0.00    0.00    7.00     9  ruby
11:12:06 AM  1000     79599    3.00    2.00    0.00    0.00    5.00     9  ruby
11:12:07 AM  1000     79599    2.00    4.00    0.00    0.00    6.00    11  ruby
11:12:08 AM  1000     79599    2.00    3.00    0.00    0.00    5.00     1  ruby
11:12:09 AM  1000     79599    2.00    3.00    0.00    0.00    5.00     7  ruby
11:12:10 AM  1000     79599    1.00    4.00    0.00    0.00    5.00     9  ruby
11:12:11 AM  1000     79599    4.00    2.00    0.00    0.00    6.00     9  ruby
11:12:12 AM  1000     79599    3.00    3.00    0.00    0.00    6.00     4  ruby
11:12:13 AM  1000     79599    3.00    3.00    0.00    0.00    6.00     4  ruby
11:12:14 AM  1000     79599    3.00    3.00    0.00    0.00    6.00    11  ruby
11:12:15 AM  1000     79599    2.00    3.00    0.00    0.00    5.00     9  ruby
11:12:16 AM  1000     79599    3.00    3.00    0.00    0.00    6.00     1  ruby
11:12:17 AM  1000     79599    2.00    3.00    0.00    0.00    5.00    11  ruby
11:12:18 AM  1000     79599    2.00    3.00    0.00    0.00    5.00     7  ruby
11:12:19 AM  1000     79599    4.00    2.00    0.00    0.00    6.00    11  ruby
11:12:20 AM  1000     79599    1.00    4.00    0.00    0.00    5.00     8  ruby
11:12:21 AM  1000     79599    2.00    4.00    0.00    0.00    6.00     9  ruby
11:12:22 AM  1000     79599    3.00    3.00    0.00    0.00    6.00    11  ruby
11:12:23 AM  1000     79599    2.00    3.00    0.00    0.00    5.00    11  ruby
11:12:24 AM  1000     79599    2.00    4.00    0.00    0.00    6.00     8  ruby
11:12:25 AM  1000     79599    3.00    3.00    0.00    0.00    6.00     8  ruby
11:12:26 AM  1000     79599    2.00    3.00    0.00    0.00    5.00    10  ruby
11:12:27 AM  1000     79599    2.00    3.00    0.00    0.00    5.00    11  ruby
11:12:28 AM  1000     79599    2.00    4.00    0.00    0.00    6.00     9  ruby
11:12:29 AM  1000     79599    2.00    3.00    0.00    0.00    5.00     9  ruby
11:12:30 AM  1000     79599    3.00    2.00    0.00    0.00    5.00     0  ruby
11:12:31 AM  1000     79599    1.00    3.00    0.00    0.00    4.00    11  ruby
11:12:32 AM  1000     79599    2.00    3.00    0.00    0.00    5.00     0  ruby
11:12:33 AM  1000     79599    3.00    3.00    0.00    0.00    6.00    11  ruby
11:12:34 AM  1000     79599    2.00    3.00    0.00    0.00    5.00     0  ruby
11:12:35 AM  1000     79599    2.00    3.00    0.00    0.00    5.00     1  ruby
11:12:36 AM  1000     79599    3.00    3.00    0.00    0.00    6.00     9  ruby
11:12:37 AM  1000     79599    3.00    3.00    0.00    0.00    6.00     9  ruby
11:12:38 AM  1000     79599    4.00    3.00    0.00    0.00    7.00     9  ruby
11:12:39 AM  1000     79599    2.00    3.00    0.00    0.00    5.00    11  ruby
11:12:40 AM  1000     79599    3.00    3.00    0.00    0.00    6.00    11  ruby
11:12:41 AM  1000     79599    3.00    2.00    0.00    0.00    5.00    11  ruby

Average:     1000     79599    2.76    2.98    0.00    0.01    5.74     -  ruby
