Linux 6.14.0-36-generic (legion) 	04/11/2026 	_x86_64_	(12 CPU)

11:02:08 AM   UID       PID    %usr %system  %guest   %wait    %CPU   CPU  Command
11:02:09 AM  1000     79599   92.00   30.00    0.00    0.00  122.00     4  ruby
11:02:10 AM  1000     79599   99.00   32.00    0.00    0.00  131.00     9  ruby
11:02:11 AM  1000     79599  100.00   31.00    0.00    0.00  131.00     7  ruby
11:02:12 AM  1000     79599   91.00   32.00    0.00    0.00  123.00    10  ruby
11:02:13 AM  1000     79599   98.00   31.00    0.00    0.00  129.00     9  ruby
11:02:14 AM  1000     79599  100.00   32.00    0.00    0.00  132.00     2  ruby
11:02:15 AM  1000     79599  101.00   33.00    0.00    1.00  134.00     0  ruby
11:02:16 AM  1000     79599   95.00   31.00    0.00    0.00  126.00     8  ruby
11:02:17 AM  1000     79599  102.00   29.00    0.00    0.00  131.00    11  ruby
11:02:18 AM  1000     79599  100.00   26.00    0.00    0.00  126.00     9  ruby
11:02:19 AM  1000     79599   89.00   35.00    0.00    1.00  124.00     2  ruby
11:02:20 AM  1000     79599   99.00   31.00    0.00    0.00  130.00     9  ruby
11:02:21 AM  1000     79599   94.00   38.00    0.00    0.00  132.00     2  ruby
11:02:22 AM  1000     79599   94.00   31.00    0.00    0.00  125.00    10  ruby
11:02:23 AM  1000     79599   98.00   34.00    0.00    0.00  132.00     6  ruby
11:02:24 AM  1000     79599   98.00   34.00    0.00    0.00  132.00     6  ruby
11:02:25 AM  1000     79599   97.00   29.00    0.00    1.00  126.00     2  ruby
11:02:26 AM  1000     79599   97.00   34.00    0.00    0.00  131.00     8  ruby
11:02:27 AM  1000     79599   98.00   32.00    0.00    0.00  130.00     4  ruby
11:02:28 AM  1000     79599   95.00   35.00    0.00    0.00  130.00     3  ruby
11:02:29 AM  1000     79599  115.00   37.00    0.00    0.00  152.00     6  ruby
11:02:30 AM  1000     79599  117.00   37.00    0.00    0.00  154.00     7  ruby
11:02:31 AM  1000     79599  116.00   39.00    0.00    0.00  155.00     4  ruby
11:02:32 AM  1000     79599  116.00   37.00    0.00    0.00  153.00     1  ruby
11:02:33 AM  1000     79599  118.00   33.00    0.00    1.00  151.00    10  ruby
11:02:34 AM  1000     79599  122.00   34.00    0.00    0.00  156.00     1  ruby
11:02:35 AM  1000     79599  120.00   35.00    0.00    0.00  155.00     5  ruby
11:02:36 AM  1000     79599  120.00   34.00    0.00    0.00  154.00     8  ruby
11:02:37 AM  1000     79599  121.00   32.00    0.00    0.00  153.00     2  ruby
11:02:38 AM  1000     79599  118.00   29.00    0.00    1.00  147.00    10  ruby
11:02:39 AM  1000     79599  116.00   38.00    0.00    0.00  154.00     8  ruby
11:02:40 AM  1000     79599  121.00   33.00    0.00    0.00  154.00     8  ruby
11:02:41 AM  1000     79599  118.00   37.00    0.00    0.00  155.00     9  ruby
11:02:42 AM  1000     79599  116.00   37.00    0.00    0.00  153.00     2  ruby
11:02:43 AM  1000     79599  117.00   39.00    0.00    0.00  156.00     0  ruby
11:02:44 AM  1000     79599  118.00   36.00    0.00    0.00  154.00    10  ruby
11:02:45 AM  1000     79599  116.00   39.00    0.00    0.00  155.00     7  ruby
11:02:46 AM  1000     79599  121.00   33.00    0.00    0.00  154.00    10  ruby
11:02:47 AM  1000     79599  116.00   39.00    0.00    1.00  155.00     3  ruby
11:02:48 AM  1000     79599  121.00   31.00    0.00    0.00  152.00     0  ruby
11:02:49 AM  1000     79599  117.00   38.00    0.00    0.00  155.00    10  ruby
11:02:50 AM  1000     79599  118.00   38.00    0.00    0.00  156.00     8  ruby
11:02:51 AM  1000     79599  122.00   35.00    0.00    0.00  157.00     3  ruby
11:02:52 AM  1000     79599  122.00   32.00    0.00    0.00  154.00     0  ruby
11:02:53 AM  1000     79599  123.00   34.00    0.00    0.00  157.00    10  ruby
11:02:54 AM  1000     79599  122.00   35.00    0.00    0.00  157.00     0  ruby
11:02:55 AM  1000     79599  121.00   33.00    0.00    0.00  154.00     7  ruby
11:02:56 AM  1000     79599  122.00   33.00    0.00    0.00  155.00     9  ruby
11:02:57 AM  1000     79599  114.00   39.00    0.00    1.00  153.00     3  ruby
11:02:58 AM  1000     79599  109.00   38.00    0.00    0.00  147.00     7  ruby
11:02:59 AM  1000     79599  121.00   31.00    0.00    0.00  152.00    11  ruby
11:03:00 AM  1000     79599  117.00   34.00    0.00    1.00  151.00    11  ruby
11:03:01 AM  1000     79599  117.00   38.00    0.00    0.00  155.00     0  ruby
11:03:02 AM  1000     79599  124.00   32.00    0.00    0.00  156.00     6  ruby
11:03:03 AM  1000     79599  121.00   33.00    0.00    0.00  154.00     6  ruby
11:03:04 AM  1000     79599  117.00   39.00    0.00    0.00  156.00     0  ruby
11:03:05 AM  1000     79599  119.00   35.00    0.00    0.00  154.00     4  ruby
11:03:06 AM  1000     79599  119.00   35.00    0.00    0.00  154.00     8  ruby
11:03:07 AM  1000     79599  124.00   33.00    0.00    1.00  157.00    11  ruby
11:03:08 AM  1000     79599  116.00   31.00    0.00    0.00  147.00     3  ruby
11:03:09 AM  1000     79599  114.00   39.00    0.00    0.00  153.00     2  ruby
11:03:10 AM  1000     79599  118.00   35.00    0.00    0.00  153.00     6  ruby
11:03:11 AM  1000     79599  118.00   36.00    0.00    0.00  154.00     8  ruby
11:03:12 AM  1000     79599  117.00   38.00    0.00    0.00  155.00     0  ruby
11:03:13 AM  1000     79599  123.00   32.00    0.00    0.00  155.00     9  ruby
11:03:14 AM  1000     79599  123.00   33.00    0.00    0.00  156.00     8  ruby
11:03:15 AM  1000     79599  116.00   39.00    0.00    0.00  155.00    11  ruby
11:03:16 AM  1000     79599  118.00   36.00    0.00    0.00  154.00     8  ruby
11:03:17 AM  1000     79599  122.00   34.00    0.00    0.00  156.00     4  ruby
11:03:18 AM  1000     79599  117.00   34.00    0.00    1.00  151.00    10  ruby
11:03:19 AM  1000     79599  118.00   37.00    0.00    0.00  155.00     0  ruby
11:03:20 AM  1000     79599  120.00   34.00    0.00    0.00  154.00     9  ruby
11:03:21 AM  1000     79599  118.00   37.00    0.00    0.00  155.00     7  ruby
11:03:22 AM  1000     79599  127.00   29.00    0.00    0.00  156.00    11  ruby
11:03:23 AM  1000     79599  120.00   34.00    0.00    0.00  154.00     3  ruby
11:03:24 AM  1000     79599  120.79   33.66    0.00    0.00  154.46     8  ruby
11:03:25 AM  1000     79599  118.00   37.00    0.00    1.00  155.00     2  ruby
11:03:26 AM  1000     79599  120.00   37.00    0.00    0.00  157.00     8  ruby
11:03:27 AM  1000     79599  122.00   32.00    0.00    0.00  154.00    10  ruby
11:03:28 AM  1000     79599  117.00   34.00    0.00    0.00  151.00     9  ruby
11:03:29 AM  1000     79599  121.00   36.00    0.00    0.00  157.00     4  ruby
11:03:30 AM  1000     79599  117.00   38.00    0.00    0.00  155.00     5  ruby
11:03:31 AM  1000     79599  116.00   41.00    0.00    1.00  157.00    11  ruby
11:03:32 AM  1000     79599  111.00   37.00    0.00    0.00  148.00     6  ruby
11:03:33 AM  1000     79599  123.00   33.00    0.00    0.00  156.00     6  ruby
11:03:34 AM  1000     79599  117.00   36.00    0.00    0.00  153.00    11  ruby
11:03:35 AM  1000     79599  118.00   37.00    0.00    1.00  155.00     8  ruby
11:03:36 AM  1000     79599  121.00   36.00    0.00    0.00  157.00     8  ruby
11:03:37 AM  1000     79599  119.00   36.00    0.00    0.00  155.00     8  ruby
11:03:38 AM  1000     79599  119.00   34.00    0.00    0.00  153.00     9  ruby
11:03:39 AM  1000     79599  116.00   36.00    0.00    0.00  152.00     7  ruby
11:03:40 AM  1000     79599  119.00   35.00    0.00    0.00  154.00     6  ruby
11:03:41 AM  1000     79599  122.00   34.00    0.00    0.00  156.00     6  ruby
11:03:42 AM  1000     79599  116.00   38.00    0.00    0.00  154.00     5  ruby
11:03:43 AM  1000     79599  116.00   38.00    0.00    0.00  154.00     8  ruby
11:03:44 AM  1000     79599  125.00   32.00    0.00    0.00  157.00     9  ruby
11:03:45 AM  1000     79599  119.00   34.00    0.00    1.00  153.00     0  ruby
11:03:46 AM  1000     79599  119.00   37.00    0.00    0.00  156.00    11  ruby
11:03:47 AM  1000     79599  123.00   32.00    0.00    0.00  155.00     6  ruby
11:03:48 AM  1000     79599  120.00   31.00    0.00    0.00  151.00    11  ruby
11:03:49 AM  1000     79599  119.00   35.00    0.00    0.00  154.00     6  ruby
11:03:50 AM  1000     79599  118.00   37.00    0.00    0.00  155.00     3  ruby
11:03:51 AM  1000     79599  115.00   40.00    0.00    0.00  155.00     2  ruby
11:03:52 AM  1000     79599  122.00   33.00    0.00    0.00  155.00     3  ruby
11:03:53 AM  1000     79599  118.00   36.00    0.00    0.00  154.00     4  ruby
11:03:54 AM  1000     79599  119.00   35.00    0.00    0.00  154.00     3  ruby
11:03:55 AM  1000     79599  118.00   37.00    0.00    1.00  155.00     1  ruby
11:03:56 AM  1000     79599  124.00   31.00    0.00    0.00  155.00     2  ruby
11:03:57 AM  1000     79599  119.00   34.00    0.00    0.00  153.00     7  ruby
11:03:58 AM  1000     79599  118.00   34.00    0.00    0.00  152.00     3  ruby
11:03:59 AM  1000     79599  123.00   33.00    0.00    0.00  156.00     2  ruby
11:04:00 AM  1000     79599  121.00   33.00    0.00    0.00  154.00    10  ruby
11:04:01 AM  1000     79599  119.00   34.00    0.00    0.00  153.00     8  ruby
11:04:02 AM  1000     79599  116.00   40.00    0.00    0.00  156.00     7  ruby
11:04:03 AM  1000     79599  114.00   39.00    0.00    0.00  153.00     9  ruby
11:04:04 AM  1000     79599  117.00   40.00    0.00    0.00  157.00     0  ruby
11:04:05 AM  1000     79599  119.00   37.00    0.00    1.00  156.00     1  ruby
11:04:06 AM  1000     79599  121.00   35.00    0.00    0.00  156.00     3  ruby
11:04:07 AM  1000     79599  122.00   33.00    0.00    0.00  155.00     7  ruby
11:04:08 AM  1000     79599  117.00   31.00    0.00    0.00  148.00     7  ruby
11:04:09 AM  1000     79599  121.00   35.00    0.00    0.00  156.00     0  ruby
11:04:10 AM  1000     79599  118.00   36.00    0.00    0.00  154.00     1  ruby
11:04:11 AM  1000     79599  120.00   36.00    0.00    0.00  156.00    10  ruby
11:04:12 AM  1000     79599  120.00   34.00    0.00    0.00  154.00    10  ruby
11:04:13 AM  1000     79599  121.00   34.00    0.00    1.00  155.00     7  ruby
11:04:14 AM  1000     79599  118.00   38.00    0.00    0.00  156.00     0  ruby
11:04:15 AM  1000     79599  121.00   33.00    0.00    0.00  154.00     0  ruby
11:04:16 AM  1000     79599  123.00   34.00    0.00    0.00  157.00     9  ruby
11:04:17 AM  1000     79599  126.00   30.00    0.00    0.00  156.00     7  ruby
11:04:18 AM  1000     79599  115.00   36.00    0.00    0.00  151.00     3  ruby
11:04:19 AM  1000     79599  121.00   35.00    0.00    0.00  156.00     8  ruby
11:04:20 AM  1000     79599  126.00   32.00    0.00    0.00  158.00     9  ruby
11:04:21 AM  1000     79599  115.00   36.00    0.00    1.00  151.00     8  ruby
11:04:22 AM  1000     79599  122.00   33.00    0.00    0.00  155.00     1  ruby
11:04:23 AM  1000     79599  120.00   35.00    0.00    0.00  155.00     9  ruby
11:04:24 AM  1000     79599  118.00   38.00    0.00    0.00  156.00    10  ruby
11:04:25 AM  1000     79599  120.00   36.00    0.00    0.00  156.00     9  ruby
11:04:26 AM  1000     79599  120.00   37.00    0.00    0.00  157.00    11  ruby
11:04:27 AM  1000     79599  123.00   35.00    0.00    0.00  158.00     6  ruby
11:04:28 AM  1000     79599  109.00   41.00    0.00    0.00  150.00     6  ruby
11:04:29 AM  1000     79599  117.00   36.00    0.00    0.00  153.00     3  ruby
11:04:30 AM  1000     79599  113.00   36.00    0.00    1.00  149.00     7  ruby
11:04:31 AM  1000     79599  123.00   33.00    0.00    1.00  156.00     4  ruby
11:04:32 AM  1000     79599  115.00   40.00    0.00    0.00  155.00     2  ruby
11:04:33 AM  1000     79599  116.00   37.00    0.00    0.00  153.00    11  ruby
11:04:34 AM  1000     79599  118.00   40.00    0.00    0.00  158.00     1  ruby
11:04:35 AM  1000     79599  116.00   40.00    0.00    0.00  156.00     7  ruby
11:04:36 AM  1000     79599  120.00   36.00    0.00    0.00  156.00     8  ruby
11:04:37 AM  1000     79599  116.00   38.00    0.00    0.00  154.00     9  ruby
11:04:38 AM  1000     79599  117.00   35.00    0.00    1.00  152.00    10  ruby
11:04:39 AM  1000     79599  121.00   34.00    0.00    0.00  155.00     9  ruby
11:04:40 AM  1000     79599  125.00   30.00    0.00    0.00  155.00     6  ruby
11:04:41 AM  1000     79599  121.00   36.00    0.00    0.00  157.00     9  ruby
11:04:42 AM  1000     79599  113.00   39.00    0.00    1.00  152.00     9  ruby
11:04:43 AM  1000     79599  118.00   35.00    0.00    0.00  153.00     4  ruby
11:04:44 AM  1000     79599  120.00   36.00    0.00    0.00  156.00     7  ruby
11:04:45 AM  1000     79599  125.00   32.00    0.00    0.00  157.00    11  ruby
11:04:46 AM  1000     79599  118.00   36.00    0.00    0.00  154.00    11  ruby
11:04:47 AM  1000     79599  109.00   42.00    0.00    1.00  151.00    11  ruby
11:04:48 AM  1000     79599   97.00   33.00    0.00    0.00  130.00    11  ruby
11:04:49 AM  1000     79599  117.00   32.00    0.00    0.00  149.00     3  ruby
11:04:50 AM  1000     79599  119.00   37.00    0.00    0.00  156.00    11  ruby
11:04:51 AM  1000     79599  118.00   37.00    0.00    0.00  155.00     8  ruby
11:04:52 AM  1000     79599  117.00   38.00    0.00    0.00  155.00    11  ruby
11:04:53 AM  1000     79599  119.00   34.00    0.00    0.00  153.00    10  ruby
11:04:54 AM  1000     79599  118.00   38.00    0.00    0.00  156.00     2  ruby
11:04:55 AM  1000     79599  120.00   36.00    0.00    0.00  156.00     7  ruby
11:04:56 AM  1000     79599  120.00   31.00    0.00    1.00  151.00     8  ruby
11:04:57 AM  1000     79599  122.00   33.00    0.00    0.00  155.00    10  ruby
11:04:58 AM  1000     79599  118.00   33.00    0.00    0.00  151.00     4  ruby
11:04:59 AM  1000     79599  121.00   31.00    0.00    0.00  152.00     6  ruby
11:05:00 AM  1000     79599  122.00   34.00    0.00    0.00  156.00     4  ruby
11:05:01 AM  1000     79599  121.00   34.00    0.00    0.00  155.00    11  ruby
11:05:02 AM  1000     79599  118.00   35.00    0.00    0.00  153.00    11  ruby
11:05:03 AM  1000     79599  118.00   35.00    0.00    0.00  153.00     9  ruby
11:05:04 AM  1000     79599  119.00   36.00    0.00    1.00  155.00     0  ruby
11:05:05 AM  1000     79599  121.00   32.00    0.00    0.00  153.00     7  ruby
11:05:06 AM  1000     79599  117.00   38.00    0.00    0.00  155.00     2  ruby
11:05:07 AM  1000     79599  116.00   39.00    0.00    0.00  155.00    11  ruby
11:05:08 AM  1000     79599  111.00   35.00    0.00    0.00  146.00     2  ruby
11:05:09 AM  1000     79599  120.00   34.00    0.00    0.00  154.00     7  ruby
11:05:10 AM  1000     79599  119.00   32.00    0.00    0.00  151.00    11  ruby
11:05:11 AM  1000     79599  121.00   33.00    0.00    1.00  154.00     7  ruby
11:05:12 AM  1000     79599  117.00   39.00    0.00    0.00  156.00     3  ruby
11:05:13 AM  1000     79599  115.00   39.00    0.00    0.00  154.00    10  ruby
11:05:14 AM  1000     79599  124.00   31.00    0.00    0.00  155.00    11  ruby
11:05:15 AM  1000     79599  119.00   36.00    0.00    0.00  155.00     2  ruby
11:05:16 AM  1000     79599  119.00   36.00    0.00    0.00  155.00     3  ruby
11:05:17 AM  1000     79599  114.00   39.00    0.00    0.00  153.00     9  ruby
11:05:18 AM  1000     79599  111.00   40.00    0.00    0.00  151.00     3  ruby
11:05:19 AM  1000     79599  124.00   33.00    0.00    0.00  157.00     0  ruby
11:05:20 AM  1000     79599  120.00   34.00    0.00    1.00  154.00     9  ruby
11:05:21 AM  1000     79599  119.00   37.00    0.00    0.00  156.00     7  ruby
11:05:22 AM  1000     79599  118.00   36.00    0.00    0.00  154.00    11  ruby
11:05:23 AM  1000     79599  118.00   35.00    0.00    0.00  153.00    10  ruby
11:05:24 AM  1000     79599  125.00   29.00    0.00    0.00  154.00     8  ruby
11:05:25 AM  1000     79599  117.00   40.00    0.00    0.00  157.00    11  ruby
11:05:26 AM  1000     79599  108.00   41.00    0.00    1.00  149.00     3  ruby
11:05:27 AM  1000     79599  119.00   35.00    0.00    0.00  154.00     3  ruby
11:05:28 AM  1000     79599  114.00   36.00    0.00    0.00  150.00     9  ruby
11:05:29 AM  1000     79599  122.00   31.00    0.00    0.00  153.00     8  ruby
11:05:30 AM  1000     79599  116.00   38.00    0.00    0.00  154.00     0  ruby
11:05:31 AM  1000     79599  122.00   32.00    0.00    1.00  154.00    10  ruby
11:05:32 AM  1000     79599  116.00   40.00    0.00    0.00  156.00     2  ruby
11:05:33 AM  1000     79599  120.00   35.00    0.00    0.00  155.00     2  ruby
11:05:34 AM  1000     79599  115.00   40.00    0.00    0.00  155.00     8  ruby
11:05:35 AM  1000     79599  123.00   32.00    0.00    0.00  155.00     4  ruby
11:05:36 AM  1000     79599  121.00   34.00    0.00    0.00  155.00     9  ruby
11:05:37 AM  1000     79599  122.00   33.00    0.00    0.00  155.00     3  ruby
11:05:38 AM  1000     79599  118.00   35.00    0.00    1.00  153.00    10  ruby
11:05:39 AM  1000     79599  125.00   32.00    0.00    0.00  157.00     0  ruby
11:05:40 AM  1000     79599  118.00   35.00    0.00    0.00  153.00    11  ruby
11:05:41 AM  1000     79599  120.00   35.00    0.00    0.00  155.00     7  ruby
11:05:42 AM  1000     79599  112.00   39.00    0.00    0.00  151.00     1  ruby
11:05:43 AM  1000     79599  118.00   37.00    0.00    0.00  155.00     1  ruby
11:05:44 AM  1000     79599  119.00   35.00    0.00    0.00  154.00     1  ruby
11:05:45 AM  1000     79599  121.00   36.00    0.00    0.00  157.00    10  ruby
11:05:46 AM  1000     79599  122.00   34.00    0.00    0.00  156.00     0  ruby
11:05:47 AM  1000     79599  123.00   32.00    0.00    0.00  155.00     0  ruby
11:05:48 AM  1000     79599  115.00   37.00    0.00    0.00  152.00     6  ruby
11:05:49 AM  1000     79599  123.00   33.00    0.00    1.00  156.00     8  ruby
11:05:50 AM  1000     79599  118.00   37.00    0.00    0.00  155.00     9  ruby
11:05:51 AM  1000     79599  125.00   34.00    0.00    0.00  159.00    11  ruby
11:05:52 AM  1000     79599  118.00   38.00    0.00    0.00  156.00     3  ruby
11:05:53 AM  1000     79599  118.00   34.00    0.00    1.00  152.00     0  ruby
11:05:54 AM  1000     79599  120.00   36.00    0.00    0.00  156.00     1  ruby
11:05:55 AM  1000     79599  123.00   32.00    0.00    0.00  155.00    11  ruby
11:05:56 AM  1000     79599  121.00   35.00    0.00    0.00  156.00     5  ruby
11:05:57 AM  1000     79599  116.00   36.00    0.00    0.00  152.00     6  ruby
11:05:58 AM  1000     79599  101.00   34.00    0.00    0.00  135.00     0  ruby
11:05:59 AM  1000     79599  115.00   41.00    0.00    0.00  156.00     7  ruby
11:06:00 AM  1000     79599  123.00   33.00    0.00    0.00  156.00     4  ruby
11:06:01 AM  1000     79599  124.00   32.00    0.00    1.00  156.00     7  ruby
11:06:02 AM  1000     79599  121.00   35.00    0.00    0.00  156.00    11  ruby
11:06:03 AM  1000     79599  121.00   34.00    0.00    0.00  155.00     4  ruby
11:06:04 AM  1000     79599  119.00   37.00    0.00    0.00  156.00     9  ruby
11:06:05 AM  1000     79599  117.00   39.00    0.00    0.00  156.00    11  ruby
11:06:06 AM  1000     79599  115.00   40.00    0.00    0.00  155.00     8  ruby
11:06:07 AM  1000     79599  118.00   38.00    0.00    0.00  156.00     8  ruby
11:06:08 AM  1000     79599  113.00   32.00    0.00    0.00  145.00     2  ruby
11:06:09 AM  1000     79599  118.00   36.00    0.00    0.00  154.00     0  ruby
11:06:10 AM  1000     79599  118.00   38.00    0.00    1.00  156.00    11  ruby
11:06:11 AM  1000     79599  118.00   38.00    0.00    0.00  156.00     6  ruby
11:06:12 AM  1000     79599  117.00   37.00    0.00    0.00  154.00     1  ruby
11:06:13 AM  1000     79599  118.00   36.00    0.00    0.00  154.00     7  ruby
11:06:14 AM  1000     79599  116.00   39.00    0.00    0.00  155.00     8  ruby
11:06:15 AM  1000     79599  111.00   47.00    0.00    0.00  158.00     2  ruby
11:06:16 AM  1000     79599  115.00   41.00    0.00    0.00  156.00     9  ruby
11:06:17 AM  1000     79599  114.00   39.00    0.00    1.00  153.00     7  ruby
11:06:18 AM  1000     79599  117.00   34.00    0.00    0.00  151.00     5  ruby
11:06:19 AM  1000     79599  112.00   44.00    0.00    0.00  156.00    11  ruby
11:06:20 AM  1000     79599  117.00   38.00    0.00    0.00  155.00     8  ruby
11:06:21 AM  1000     79599  116.00   40.00    0.00    0.00  156.00     7  ruby
11:06:22 AM  1000     79599  118.00   36.00    0.00    0.00  154.00     6  ruby
11:06:23 AM  1000     79599  122.00   34.00    0.00    0.00  156.00    11  ruby
11:06:24 AM  1000     79599  122.00   33.00    0.00    0.00  155.00     9  ruby
11:06:25 AM  1000     79599  125.00   31.00    0.00    1.00  156.00     2  ruby
11:06:26 AM  1000     79599  119.00   32.00    0.00    0.00  151.00     0  ruby
11:06:27 AM  1000     79599  112.00   42.00    0.00    0.00  154.00    11  ruby
11:06:28 AM  1000     79599  120.00   33.00    0.00    0.00  153.00     7  ruby
11:06:29 AM  1000     79599  120.00   35.00    0.00    0.00  155.00     9  ruby
11:06:30 AM  1000     79599  109.00   42.00    0.00    1.00  151.00     8  ruby
11:06:31 AM  1000     79599  115.00   39.00    0.00    0.00  154.00    10  ruby
11:06:32 AM  1000     79599  115.00   39.00    0.00    0.00  154.00     0  ruby
11:06:33 AM  1000     79599  119.00   36.00    0.00    0.00  155.00    10  ruby
11:06:34 AM  1000     79599  120.00   36.00    0.00    0.00  156.00     7  ruby
11:06:35 AM  1000     79599  121.00   34.00    0.00    0.00  155.00     0  ruby
11:06:36 AM  1000     79599  123.00   33.00    0.00    0.00  156.00     5  ruby
11:06:37 AM  1000     79599  120.00   35.00    0.00    0.00  155.00     5  ruby
11:06:38 AM  1000     79599  115.00   35.00    0.00    1.00  150.00     2  ruby
11:06:39 AM  1000     79599  124.00   34.00    0.00    0.00  158.00     7  ruby
11:06:40 AM  1000     79599  121.00   35.00    0.00    0.00  156.00    10  ruby
11:06:41 AM  1000     79599  116.00   40.00    0.00    0.00  156.00     9  ruby
11:06:42 AM  1000     79599  116.00   36.00    0.00    0.00  152.00     1  ruby
11:06:43 AM  1000     79599  119.00   36.00    0.00    0.00  155.00     7  ruby
11:06:44 AM  1000     79599  120.00   37.00    0.00    1.00  157.00     1  ruby
11:06:45 AM  1000     79599  117.00   39.00    0.00    0.00  156.00     6  ruby
11:06:46 AM  1000     79599  122.00   35.00    0.00    0.00  157.00     0  ruby
11:06:47 AM  1000     79599  123.00   34.00    0.00    0.00  157.00     8  ruby
11:06:48 AM  1000     79599  115.00   37.00    0.00    0.00  152.00     0  ruby
11:06:49 AM  1000     79599  124.00   33.00    0.00    0.00  157.00     0  ruby
11:06:50 AM  1000     79599  117.00   38.00    0.00    0.00  155.00     8  ruby
11:06:51 AM  1000     79599  122.00   36.00    0.00    0.00  158.00     1  ruby
11:06:52 AM  1000     79599  123.00   33.00    0.00    0.00  156.00     0  ruby
11:06:53 AM  1000     79599  121.00   36.00    0.00    0.00  157.00     7  ruby
11:06:54 AM  1000     79599  118.00   37.00    0.00    0.00  155.00     0  ruby
11:06:55 AM  1000     79599  121.00   31.00    0.00    0.00  152.00    11  ruby
11:06:56 AM  1000     79599  107.00   35.00    0.00    1.00  142.00     1  ruby
11:06:57 AM  1000     79599  115.00   34.00    0.00    0.00  149.00    10  ruby
11:06:58 AM  1000     79599  117.00   38.00    0.00    0.00  155.00     8  ruby
11:06:59 AM  1000     79599  123.00   34.00    0.00    0.00  157.00     2  ruby
11:07:00 AM  1000     79599  120.00   35.00    0.00    1.00  155.00     9  ruby
11:07:01 AM  1000     79599  117.00   37.00    0.00    0.00  154.00     3  ruby
11:07:02 AM  1000     79599  121.00   32.00    0.00    0.00  153.00     0  ruby
11:07:03 AM  1000     79599  118.00   38.00    0.00    0.00  156.00     5  ruby
11:07:04 AM  1000     79599  118.00   38.00    0.00    0.00  156.00     0  ruby
11:07:05 AM  1000     79599  123.00   33.00    0.00    0.00  156.00     7  ruby
11:07:06 AM  1000     79599  123.00   33.00    0.00    1.00  156.00     8  ruby
11:07:07 AM  1000     79599  114.00   40.00    0.00    0.00  154.00     8  ruby
11:07:08 AM  1000     79599  116.00   29.00    0.00    0.00  145.00     3  ruby
11:07:09 AM  1000     79599  119.00   38.00    0.00    0.00  157.00    10  ruby
11:07:10 AM  1000     79599  123.00   35.00    0.00    0.00  158.00     9  ruby
11:07:11 AM  1000     79599  121.00   34.00    0.00    0.00  155.00     8  ruby
11:07:12 AM  1000     79599  121.00   34.00    0.00    0.00  155.00     9  ruby
11:07:13 AM  1000     79599  117.00   38.00    0.00    0.00  155.00     8  ruby
11:07:14 AM  1000     79599  117.00   40.00    0.00    0.00  157.00     6  ruby
11:07:15 AM  1000     79599  122.00   34.00    0.00    0.00  156.00    11  ruby
11:07:16 AM  1000     79599  117.00   39.00    0.00    0.00  156.00    10  ruby
11:07:17 AM  1000     79599  124.00   32.00    0.00    1.00  156.00     2  ruby
11:07:18 AM  1000     79599  115.00   35.00    0.00    0.00  150.00    10  ruby
11:07:19 AM  1000     79599  118.00   37.00    0.00    0.00  155.00     9  ruby
11:07:20 AM  1000     79599  118.00   39.00    0.00    0.00  157.00    10  ruby
11:07:21 AM  1000     79599  121.00   36.00    0.00    0.00  157.00     7  ruby
11:07:22 AM  1000     79599  117.00   38.00    0.00    0.00  155.00     0  ruby
11:07:23 AM  1000     79599  116.00   32.00    0.00    0.00  148.00     6  ruby
11:07:24 AM  1000     79599  116.00   36.00    0.00    1.00  152.00     0  ruby
11:07:25 AM  1000     79599  121.00   35.00    0.00    0.00  156.00     0  ruby
11:07:26 AM  1000     79599   71.00   30.00    0.00    0.00  101.00    10  ruby
11:07:27 AM  1000     79599  118.00   35.00    0.00    0.00  153.00     0  ruby

Average:     1000     79599  117.11   35.32    0.00    0.14  152.43     -  ruby
