Linux 6.14.0-36-generic (legion) 	04/11/2026 	_x86_64_	(12 CPU)

10:13:48 AM   UID       PID    %usr %system  %guest   %wait    %CPU   CPU  Command
10:13:49 AM  1000     38360   10.00    6.00    0.00    0.00   16.00    10  ruby
10:13:50 AM  1000     38360    9.00    4.00    0.00    0.00   13.00     7  ruby
10:13:51 AM  1000     38360   14.00    4.00    0.00    1.00   18.00     0  ruby
10:13:52 AM  1000     38360   13.00    3.00    0.00    0.00   16.00    11  ruby
10:13:53 AM  1000     38360   10.00    4.00    0.00    0.00   14.00     0  ruby
10:13:54 AM  1000     38360   16.00    4.00    0.00    0.00   20.00     7  ruby
10:13:55 AM  1000     38360   13.00    4.00    0.00    0.00   17.00     7  ruby
10:13:56 AM  1000     38360    9.00    5.00    0.00    0.00   14.00    10  ruby
10:13:57 AM  1000     38360   11.00    4.00    0.00    0.00   15.00    10  ruby
10:13:58 AM  1000     38360   12.00    4.00    0.00    0.00   16.00     0  ruby
10:13:59 AM  1000     38360   12.00    3.00    0.00    0.00   15.00    10  ruby
10:14:00 AM  1000     38360   12.00    3.00    0.00    0.00   15.00     9  ruby
10:14:01 AM  1000     38360   10.00    4.00    0.00    0.00   14.00     9  ruby
10:14:02 AM  1000     38360   11.00    4.00    0.00    0.00   15.00     8  ruby
10:14:03 AM  1000     38360    8.00    5.00    0.00    0.00   13.00    11  ruby
10:14:04 AM  1000     38360   11.00    4.00    0.00    0.00   15.00    11  ruby
10:14:05 AM  1000     38360   10.00    4.00    0.00    0.00   14.00     0  ruby
10:14:06 AM  1000     38360   11.00    4.00    0.00    0.00   15.00     8  ruby
10:14:07 AM  1000     38360   10.00    4.00    0.00    0.00   14.00     0  ruby
10:14:08 AM  1000     38360   11.00    5.00    0.00    0.00   16.00     6  ruby
10:14:09 AM  1000     38360   12.00    3.00    0.00    0.00   15.00    11  ruby
10:14:10 AM  1000     38360   12.00    4.00    0.00    1.00   16.00     9  ruby
10:14:11 AM  1000     38360   12.00    2.00    0.00    0.00   14.00    11  ruby
10:14:12 AM  1000     38360   11.00    5.00    0.00    0.00   16.00     8  ruby
10:14:13 AM  1000     38360   12.00    4.00    0.00    0.00   16.00     9  ruby
10:14:14 AM  1000     38360   11.00    3.00    0.00    0.00   14.00     9  ruby
10:14:15 AM  1000     38360   10.00    5.00    0.00    0.00   15.00     2  ruby
10:14:16 AM  1000     38360   11.00    3.00    0.00    0.00   14.00    11  ruby
10:14:17 AM  1000     38360   10.00    4.00    0.00    0.00   14.00    11  ruby
10:14:18 AM  1000     38360   11.00    5.00    0.00    0.00   16.00     2  ruby
10:14:19 AM  1000     38360   11.00    3.00    0.00    0.00   14.00    11  ruby
10:14:20 AM  1000     38360   10.00    5.00    0.00    0.00   15.00    11  ruby
10:14:21 AM  1000     38360    9.00    5.00    0.00    0.00   14.00     2  ruby
10:14:22 AM  1000     38360   11.00    3.00    0.00    0.00   14.00     8  ruby
10:14:23 AM  1000     38360   11.00    3.00    0.00    0.00   14.00    10  ruby
10:14:24 AM  1000     38360   11.00    4.00    0.00    0.00   15.00    10  ruby
10:14:25 AM  1000     38360   10.00    4.00    0.00    0.00   14.00     2  ruby
10:14:26 AM  1000     38360   11.00    4.00    0.00    0.00   15.00    10  ruby
10:14:27 AM  1000     38360   13.00    4.00    0.00    0.00   17.00     9  ruby
10:14:28 AM  1000     38360   15.00    4.00    0.00    1.00   19.00    11  ruby
10:14:29 AM  1000     38360   10.00    4.00    0.00    0.00   14.00    10  ruby
10:14:30 AM  1000     38360   11.00    4.00    0.00    0.00   15.00     8  ruby
10:14:31 AM  1000     38360   10.00    4.00    0.00    0.00   14.00     8  ruby
10:14:32 AM  1000     38360   11.00    3.00    0.00    0.00   14.00    11  ruby
10:14:33 AM  1000     38360   11.00    4.00    0.00    0.00   15.00    11  ruby
10:14:34 AM  1000     38360   11.00    3.00    0.00    0.00   14.00    10  ruby
10:14:35 AM  1000     38360   11.00    3.00    0.00    0.00   14.00     6  ruby
10:14:36 AM  1000     38360   17.00    5.00    0.00    1.00   22.00    10  ruby
10:14:37 AM  1000     38360   14.00    3.00    0.00    0.00   17.00    10  ruby
10:14:38 AM  1000     38360   13.00    4.00    0.00    0.00   17.00     6  ruby
10:14:39 AM  1000     38360   13.00    4.00    0.00    0.00   17.00     6  ruby
10:14:40 AM  1000     38360   14.00    4.00    0.00    0.00   18.00     2  ruby
10:14:41 AM  1000     38360   12.00    4.00    0.00    0.00   16.00    10  ruby
10:14:42 AM  1000     38360   15.00    4.00    0.00    0.00   19.00     1  ruby
10:14:43 AM  1000     38360   15.00    4.00    0.00    0.00   19.00     0  ruby
10:14:44 AM  1000     38360   17.00    3.00    0.00    1.00   20.00    11  ruby
10:14:45 AM  1000     38360   16.00    4.00    0.00    0.00   20.00     6  ruby
10:14:46 AM  1000     38360   15.00    4.00    0.00    0.00   19.00    11  ruby
10:14:47 AM  1000     38360   13.00    4.00    0.00    0.00   17.00     7  ruby
10:14:48 AM  1000     38360   12.00    6.00    0.00    2.00   18.00     0  ruby
10:14:49 AM  1000     38360   13.00    3.00    0.00    0.00   16.00     0  ruby
10:14:50 AM  1000     38360    9.00    5.00    0.00    0.00   14.00     0  ruby
10:14:51 AM  1000     38360   10.00    4.00    0.00    0.00   14.00     8  ruby
10:14:52 AM  1000     38360   10.00    5.00    0.00    0.00   15.00     4  ruby
10:14:53 AM  1000     38360   11.00    4.00    0.00    0.00   15.00    11  ruby
10:14:54 AM  1000     38360    9.00    5.00    0.00    0.00   14.00    10  ruby
10:14:55 AM  1000     38360   10.00    4.00    0.00    0.00   14.00     4  ruby
10:14:56 AM  1000     38360   10.00    4.00    0.00    0.00   14.00    10  ruby
10:14:57 AM  1000     38360    9.00    5.00    0.00    0.00   14.00    10  ruby
10:14:58 AM  1000     38360   11.00    3.00    0.00    0.00   14.00     8  ruby
10:14:59 AM  1000     38360   10.00    4.00    0.00    0.00   14.00    10  ruby
10:15:00 AM  1000     38360   12.00    3.00    0.00    0.00   15.00    11  ruby
10:15:01 AM  1000     38360    9.00    4.00    0.00    0.00   13.00    11  ruby
10:15:02 AM  1000     38360   12.00    3.00    0.00    1.00   15.00    10  ruby
10:15:03 AM  1000     38360    8.00    5.00    0.00    0.00   13.00     8  ruby
10:15:04 AM  1000     38360   10.00    4.00    0.00    0.00   14.00     6  ruby
10:15:05 AM  1000     38360   11.00    4.00    0.00    0.00   15.00     6  ruby
10:15:06 AM  1000     38360   11.00    3.00    0.00    0.00   14.00     8  ruby
10:15:07 AM  1000     38360   11.00    5.00    0.00    0.00   16.00     8  ruby
10:15:08 AM  1000     38360    9.00    5.00    0.00    0.00   14.00     9  ruby
10:15:09 AM  1000     38360   12.00    3.00    0.00    0.00   15.00    10  ruby
10:15:10 AM  1000     38360   11.00    4.00    0.00    0.00   15.00     4  ruby
10:15:11 AM  1000     38360    8.00    6.00    0.00    0.00   14.00    10  ruby
10:15:12 AM  1000     38360   11.00    4.00    0.00    0.00   15.00     6  ruby
10:15:13 AM  1000     38360    9.00    5.00    0.00    0.00   14.00     8  ruby
10:15:14 AM  1000     38360   12.00    3.00    0.00    0.00   15.00    10  ruby
10:15:15 AM  1000     38360    9.00    5.00    0.00    0.00   14.00     9  ruby
10:15:16 AM  1000     38360    9.00    5.00    0.00    0.00   14.00     9  ruby
10:15:17 AM  1000     38360   10.00    4.00    0.00    0.00   14.00    10  ruby
10:15:18 AM  1000     38360   10.00    5.00    0.00    0.00   15.00    11  ruby
10:15:19 AM  1000     38360   11.00    2.00    0.00    0.00   13.00     6  ruby
10:15:20 AM  1000     38360   11.00    4.00    0.00    0.00   15.00     8  ruby
10:15:21 AM  1000     38360   12.00    3.00    0.00    0.00   15.00     0  ruby
10:15:22 AM  1000     38360   10.00    5.00    0.00    0.00   15.00     8  ruby
10:15:23 AM  1000     38360   10.00    4.00    0.00    0.00   14.00     8  ruby
10:15:24 AM  1000     38360   12.00    3.00    0.00    0.00   15.00     8  ruby
10:15:25 AM  1000     38360   11.00    3.00    0.00    0.00   14.00     9  ruby
10:15:26 AM  1000     38360   10.00    6.00    0.00    0.00   16.00     6  ruby
10:15:27 AM  1000     38360    9.00    4.00    0.00    0.00   13.00     7  ruby
10:15:28 AM  1000     38360   12.00    3.00    0.00    0.00   15.00     8  ruby
10:15:29 AM  1000     38360   10.00    4.00    0.00    0.00   14.00     8  ruby
10:15:30 AM  1000     38360   10.00    5.00    0.00    0.00   15.00     9  ruby
10:15:31 AM  1000     38360   11.00    3.00    0.00    0.00   14.00     6  ruby
10:15:32 AM  1000     38360   12.00    4.00    0.00    0.00   16.00     3  ruby
10:15:33 AM  1000     38360   12.00    4.00    0.00    0.00   16.00     8  ruby
10:15:34 AM  1000     38360   10.00    4.00    0.00    1.00   14.00     9  ruby
10:15:35 AM  1000     38360    9.00    5.00    0.00    0.00   14.00    10  ruby
10:15:36 AM  1000     38360   12.00    4.00    0.00    0.00   16.00     0  ruby
10:15:37 AM  1000     38360   12.00    3.00    0.00    0.00   15.00     6  ruby
10:15:38 AM  1000     38360   10.00    3.00    0.00    0.00   13.00     9  ruby
10:15:39 AM  1000     38360   12.00    2.00    0.00    0.00   14.00     0  ruby
10:15:40 AM  1000     38360   10.00    3.00    0.00    0.00   13.00     8  ruby
10:15:41 AM  1000     38360   11.00    3.00    0.00    0.00   14.00     8  ruby
10:15:42 AM  1000     38360   10.00    5.00    0.00    0.00   15.00     8  ruby
10:15:43 AM  1000     38360   10.00    3.00    0.00    0.00   13.00     2  ruby
10:15:44 AM  1000     38360   10.00    4.00    0.00    0.00   14.00     3  ruby
10:15:45 AM  1000     38360    9.00    6.00    0.00    0.00   15.00    10  ruby
10:15:46 AM  1000     38360   11.00    3.00    0.00    0.00   14.00    10  ruby
10:15:47 AM  1000     38360   11.00    3.00    0.00    0.00   14.00    11  ruby
10:15:48 AM  1000     38360   10.00    4.00    0.00    0.00   14.00     2  ruby
10:15:49 AM  1000     38360    9.00    5.00    0.00    0.00   14.00     9  ruby
10:15:50 AM  1000     38360   11.00    4.00    0.00    0.00   15.00     8  ruby
10:15:51 AM  1000     38360   10.00    3.00    0.00    0.00   13.00     4  ruby
10:15:52 AM  1000     38360   10.00    4.00    0.00    0.00   14.00     9  ruby
10:15:53 AM  1000     38360   11.00    4.00    0.00    0.00   15.00     6  ruby
10:15:54 AM  1000     38360   10.00    3.00    0.00    0.00   13.00     8  ruby
10:15:55 AM  1000     38360   13.00    4.00    0.00    1.00   17.00    10  ruby
10:15:56 AM  1000     38360   13.00    4.00    0.00    0.00   17.00     2  ruby
10:15:57 AM  1000     38360   12.00    3.00    0.00    0.00   15.00     0  ruby
10:15:58 AM  1000     38360   10.00    3.00    0.00    0.00   13.00     1  ruby
10:15:59 AM  1000     38360   11.00    4.00    0.00    0.00   15.00     8  ruby
10:16:00 AM  1000     38360    9.00    4.00    0.00    0.00   13.00     0  ruby
10:16:01 AM  1000     38360    9.00    5.00    0.00    0.00   14.00     8  ruby
10:16:02 AM  1000     38360    9.00    5.00    0.00    0.00   14.00    10  ruby
10:16:03 AM  1000     38360   10.00    4.00    0.00    0.00   14.00     9  ruby
10:16:04 AM  1000     38360   10.00    4.00    0.00    0.00   14.00     2  ruby
10:16:05 AM  1000     38360   11.00    3.00    0.00    0.00   14.00     6  ruby
10:16:06 AM  1000     38360   11.00    4.00    0.00    0.00   15.00     9  ruby
10:16:07 AM  1000     38360   13.00    3.00    0.00    1.00   16.00     1  ruby
10:16:08 AM  1000     38360   11.00    5.00    0.00    1.00   16.00     4  ruby
10:16:09 AM  1000     38360   12.00    4.00    0.00    0.00   16.00     8  ruby
10:16:10 AM  1000     38360   11.00    4.00    0.00    0.00   15.00     7  ruby
10:16:11 AM  1000     38360   10.00    5.00    0.00    1.00   15.00    11  ruby
10:16:12 AM  1000     38360   10.00    5.00    0.00    0.00   15.00     6  ruby
10:16:13 AM  1000     38360   14.00    2.00    0.00    1.00   16.00     7  ruby
10:16:14 AM  1000     38360   14.00    1.00    0.00    1.00   15.00     5  ruby
10:16:15 AM  1000     38360   13.00    3.00    0.00    1.00   16.00     2  ruby
10:16:16 AM  1000     38360    9.00    5.00    0.00    1.00   14.00    11  ruby
10:16:17 AM  1000     38360    9.00    7.00    0.00    0.00   16.00     9  ruby
10:16:18 AM  1000     38360    8.00    4.00    0.00    0.00   12.00     8  ruby
10:16:19 AM  1000     38360   10.00    4.00    0.00    0.00   14.00     9  ruby
10:16:20 AM  1000     38360   11.00    4.00    0.00    0.00   15.00     0  ruby
10:16:21 AM  1000     38360   10.00    4.00    0.00    1.00   14.00    10  ruby
10:16:22 AM  1000     38360   10.00    4.00    0.00    0.00   14.00     3  ruby
10:16:23 AM  1000     38360   10.00    4.00    0.00    0.00   14.00     0  ruby
10:16:24 AM  1000     38360   11.00    4.00    0.00    0.00   15.00     6  ruby
10:16:25 AM  1000     38360   11.00    4.00    0.00    0.00   15.00     2  ruby
10:16:26 AM  1000     38360   12.00    3.00    0.00    0.00   15.00     3  ruby
10:16:27 AM  1000     38360   17.00    3.00    0.00    1.00   20.00     6  ruby
10:16:28 AM  1000     38360   12.00    4.00    0.00    0.00   16.00     1  ruby
10:16:29 AM  1000     38360   11.00    4.00    0.00    0.00   15.00    11  ruby
10:16:30 AM  1000     38360   11.00    4.00    0.00    0.00   15.00     9  ruby
10:16:31 AM  1000     38360   10.89    2.97    0.00    0.00   13.86    11  ruby
10:16:32 AM  1000     38360   13.00    3.00    0.00    0.00   16.00     4  ruby
10:16:33 AM  1000     38360   14.00    3.00    0.00    0.00   17.00    11  ruby
10:16:34 AM  1000     38360   16.00    3.00    0.00    1.00   19.00     6  ruby
10:16:35 AM  1000     38360   16.00    2.00    0.00    0.00   18.00     8  ruby
10:16:36 AM  1000     38360   16.00    4.00    0.00    0.00   20.00     1  ruby
10:16:37 AM  1000     38360   14.00    3.00    0.00    1.00   17.00     9  ruby
10:16:38 AM  1000     38360   10.00    4.00    0.00    0.00   14.00    11  ruby
10:16:39 AM  1000     38360   10.00    4.00    0.00    0.00   14.00     6  ruby
10:16:40 AM  1000     38360    9.00    4.00    0.00    0.00   13.00     9  ruby
10:16:41 AM  1000     38360   11.00    3.00    0.00    0.00   14.00     8  ruby
10:16:42 AM  1000     38360   11.00    2.00    0.00    0.00   13.00     2  ruby
10:16:43 AM  1000     38360   12.00    3.00    0.00    0.00   15.00     4  ruby
10:16:44 AM  1000     38360   11.00    3.00    0.00    0.00   14.00    11  ruby
10:16:45 AM  1000     38360   10.00    3.00    0.00    0.00   13.00     0  ruby
10:16:46 AM  1000     38360   12.00    2.00    0.00    0.00   14.00    10  ruby
10:16:47 AM  1000     38360   11.00    4.00    0.00    0.00   15.00     7  ruby
10:16:48 AM  1000     38360   12.00    3.00    0.00    0.00   15.00     1  ruby
10:16:49 AM  1000     38360   12.00    3.00    0.00    0.00   15.00     4  ruby
10:16:50 AM  1000     38360   10.00    4.00    0.00    0.00   14.00     2  ruby
10:16:51 AM  1000     38360   10.00    4.00    0.00    0.00   14.00    10  ruby
10:16:52 AM  1000     38360   10.00    4.00    0.00    1.00   14.00     2  ruby
10:16:53 AM  1000     38360   10.00    3.00    0.00    0.00   13.00     8  ruby
10:16:54 AM  1000     38360   10.00    4.00    0.00    0.00   14.00     8  ruby
10:16:55 AM  1000     38360    9.00    3.00    0.00    0.00   12.00    10  ruby
10:16:56 AM  1000     38360   10.00    5.00    0.00    0.00   15.00     8  ruby
10:16:57 AM  1000     38360   10.00    3.00    0.00    0.00   13.00    10  ruby
10:16:58 AM  1000     38360   10.00    4.00    0.00    0.00   14.00     8  ruby
10:16:59 AM  1000     38360   10.00    4.00    0.00    0.00   14.00     7  ruby
10:17:00 AM  1000     38360    9.00    4.00    0.00    0.00   13.00     8  ruby
10:17:01 AM  1000     38360    9.00    4.00    0.00    0.00   13.00     8  ruby
10:17:02 AM  1000     38360   12.00    3.00    0.00    0.00   15.00     0  ruby
10:17:03 AM  1000     38360   10.00    4.00    0.00    0.00   14.00     6  ruby
10:17:04 AM  1000     38360   11.00    4.00    0.00    0.00   15.00     6  ruby
10:17:05 AM  1000     38360   12.00    3.00    0.00    0.00   15.00     0  ruby
10:17:06 AM  1000     38360   10.00    5.00    0.00    0.00   15.00    11  ruby
10:17:07 AM  1000     38360   10.00    4.00    0.00    0.00   14.00    11  ruby
10:17:08 AM  1000     38360   10.00    3.00    0.00    0.00   13.00     9  ruby
10:17:09 AM  1000     38360   10.00    3.00    0.00    0.00   13.00     6  ruby
10:17:10 AM  1000     38360   10.00    4.00    0.00    0.00   14.00     0  ruby
10:17:11 AM  1000     38360   10.00    4.00    0.00    0.00   14.00     6  ruby
10:17:12 AM  1000     38360   10.00    5.00    0.00    0.00   15.00     0  ruby
10:17:13 AM  1000     38360   11.00    4.00    0.00    0.00   15.00     9  ruby
10:17:14 AM  1000     38360   13.00    3.00    0.00    0.00   16.00     7  ruby
10:17:15 AM  1000     38360   11.00    4.00    0.00    0.00   15.00     7  ruby
10:17:16 AM  1000     38360   14.00    4.00    0.00    0.00   18.00     0  ruby
10:17:17 AM  1000     38360   11.00    3.00    0.00    0.00   14.00    11  ruby
10:17:18 AM  1000     38360   10.00    4.00    0.00    0.00   14.00    10  ruby
10:17:19 AM  1000     38360   11.00    4.00    0.00    1.00   15.00     1  ruby
10:17:20 AM  1000     38360   10.00    4.00    0.00    0.00   14.00    10  ruby
10:17:21 AM  1000     38360    9.00    3.00    0.00    0.00   12.00     2  ruby
10:17:22 AM  1000     38360   10.00    4.00    0.00    0.00   14.00     8  ruby
10:17:23 AM  1000     38360   11.00    3.00    0.00    0.00   14.00    10  ruby
10:17:24 AM  1000     38360   10.00    4.00    0.00    0.00   14.00     6  ruby
10:17:25 AM  1000     38360   11.00    4.00    0.00    0.00   15.00     7  ruby
10:17:26 AM  1000     38360   10.00    3.00    0.00    0.00   13.00     2  ruby
10:17:27 AM  1000     38360   10.00    4.00    0.00    0.00   14.00    10  ruby
10:17:28 AM  1000     38360   11.00    4.00    0.00    0.00   15.00    10  ruby
10:17:29 AM  1000     38360    9.00    4.00    0.00    0.00   13.00     6  ruby
10:17:30 AM  1000     38360    9.00    4.00    0.00    0.00   13.00     6  ruby
10:17:31 AM  1000     38360   13.00    2.00    0.00    0.00   15.00     6  ruby
10:17:32 AM  1000     38360   10.00    4.00    0.00    0.00   14.00     9  ruby
10:17:33 AM  1000     38360   11.00    4.00    0.00    0.00   15.00     0  ruby
10:17:34 AM  1000     38360    9.00    3.00    0.00    0.00   12.00     4  ruby
10:17:35 AM  1000     38360   11.00    5.00    0.00    1.00   16.00     0  ruby
10:17:36 AM  1000     38360   14.00    2.00    0.00    0.00   16.00     6  ruby
10:17:37 AM  1000     38360   10.00    4.00    0.00    0.00   14.00     1  ruby
10:17:38 AM  1000     38360   15.00    3.00    0.00    0.00   18.00     4  ruby
10:17:39 AM  1000     38360   12.00    4.00    0.00    0.00   16.00     6  ruby
10:17:40 AM  1000     38360   14.00    4.00    0.00    0.00   18.00     3  ruby
10:17:41 AM  1000     38360   14.00    4.00    0.00    0.00   18.00     3  ruby
10:17:42 AM  1000     38360   11.00    4.00    0.00    0.00   15.00     3  ruby
10:17:43 AM  1000     38360   11.00    4.00    0.00    0.00   15.00    10  ruby
10:17:44 AM  1000     38360   19.00    3.00    0.00    0.00   22.00     5  ruby
10:17:45 AM  1000     38360   15.00    5.00    0.00    1.00   20.00     4  ruby
10:17:46 AM  1000     38360   13.00    4.00    0.00    0.00   17.00    11  ruby
10:17:47 AM  1000     38360   11.00    4.00    0.00    0.00   15.00     9  ruby
10:17:48 AM  1000     38360   14.00    3.00    0.00    0.00   17.00     7  ruby
10:17:49 AM  1000     38360   15.00    3.00    0.00    0.00   18.00     2  ruby
10:17:50 AM  1000     38360   12.00    4.00    0.00    0.00   16.00     9  ruby
10:17:51 AM  1000     38360   12.00    4.00    0.00    1.00   16.00     9  ruby
10:17:52 AM  1000     38360   11.00    4.00    0.00    0.00   15.00     4  ruby
10:17:53 AM  1000     38360   11.00    4.00    0.00    0.00   15.00    11  ruby
10:17:54 AM  1000     38360   11.00    4.00    0.00    0.00   15.00     0  ruby
10:17:55 AM  1000     38360   11.00    4.00    0.00    0.00   15.00     3  ruby
10:17:56 AM  1000     38360   15.00    3.00    0.00    0.00   18.00    11  ruby
10:17:57 AM  1000     38360   16.00    4.00    0.00    1.00   20.00     6  ruby
10:17:58 AM  1000     38360   20.00    4.00    0.00    0.00   24.00     8  ruby
10:17:59 AM  1000     38360   15.00    4.00    0.00    0.00   19.00     8  ruby
10:18:00 AM  1000     38360   11.00    3.00    0.00    0.00   14.00    10  ruby
10:18:01 AM  1000     38360    9.00    5.00    0.00    0.00   14.00    11  ruby
10:18:02 AM  1000     38360   11.00    3.00    0.00    0.00   14.00    11  ruby
10:18:03 AM  1000     38360    8.00    5.00    0.00    0.00   13.00     7  ruby
10:18:04 AM  1000     38360   11.00    3.00    0.00    0.00   14.00    10  ruby
10:18:05 AM  1000     38360   11.00    3.00    0.00    0.00   14.00    10  ruby
10:18:06 AM  1000     38360    9.00    5.00    0.00    0.00   14.00    10  ruby
10:18:07 AM  1000     38360   11.00    2.00    0.00    0.00   13.00     7  ruby
10:18:08 AM  1000     38360   10.00    5.00    0.00    0.00   15.00     2  ruby
10:18:09 AM  1000     38360   12.00    3.00    0.00    0.00   15.00     2  ruby
10:18:10 AM  1000     38360   11.00    3.00    0.00    0.00   14.00    11  ruby
10:18:11 AM  1000     38360    9.00    4.00    0.00    0.00   13.00     6  ruby
10:18:12 AM  1000     38360   10.00    4.00    0.00    0.00   14.00     8  ruby
10:18:13 AM  1000     38360   10.00    4.00    0.00    0.00   14.00    10  ruby
10:18:14 AM  1000     38360   10.00    4.00    0.00    0.00   14.00     8  ruby
10:18:15 AM  1000     38360   11.00    4.00    0.00    0.00   15.00    11  ruby
10:18:16 AM  1000     38360   12.00    3.00    0.00    0.00   15.00    11  ruby
10:18:17 AM  1000     38360   12.00    3.00    0.00    0.00   15.00     9  ruby
10:18:18 AM  1000     38360    9.00    5.00    0.00    0.00   14.00    10  ruby
10:18:19 AM  1000     38360   10.00    3.00    0.00    0.00   13.00     4  ruby
10:18:20 AM  1000     38360   11.00    4.00    0.00    0.00   15.00    10  ruby
10:18:21 AM  1000     38360    9.00    4.00    0.00    1.00   13.00     9  ruby
10:18:22 AM  1000     38360   10.00    4.00    0.00    0.00   14.00     6  ruby
10:18:23 AM  1000     38360   11.00    4.00    0.00    0.00   15.00     8  ruby
10:18:24 AM  1000     38360   10.00    4.00    0.00    0.00   14.00    10  ruby
10:18:25 AM  1000     38360   10.00    4.00    0.00    0.00   14.00    11  ruby
10:18:26 AM  1000     38360   11.00    3.00    0.00    0.00   14.00     0  ruby
10:18:27 AM  1000     38360   11.00    4.00    0.00    0.00   15.00    11  ruby
10:18:28 AM  1000     38360   10.00    4.00    0.00    0.00   14.00     0  ruby
10:18:29 AM  1000     38360   10.00    3.00    0.00    0.00   13.00     2  ruby
10:18:30 AM  1000     38360   10.00    3.00    0.00    0.00   13.00     2  ruby
10:18:31 AM  1000     38360   10.00    4.00    0.00    0.00   14.00     0  ruby
10:18:32 AM  1000     38360    9.00    4.00    0.00    0.00   13.00     8  ruby
10:18:33 AM  1000     38360   10.00    4.00    0.00    0.00   14.00    10  ruby
10:18:34 AM  1000     38360   10.00    3.00    0.00    0.00   13.00    10  ruby
10:18:35 AM  1000     38360   10.00    4.00    0.00    0.00   14.00     9  ruby
10:18:36 AM  1000     38360   10.00    4.00    0.00    0.00   14.00     9  ruby
10:18:37 AM  1000     38360   10.00    4.00    0.00    0.00   14.00     8  ruby
10:18:38 AM  1000     38360   10.00    5.00    0.00    0.00   15.00     4  ruby
10:18:39 AM  1000     38360   10.00    3.00    0.00    0.00   13.00    10  ruby
10:18:40 AM  1000     38360    9.00    5.00    0.00    0.00   14.00    10  ruby
10:18:41 AM  1000     38360   11.00    3.00    0.00    0.00   14.00    10  ruby
10:18:42 AM  1000     38360   10.00    4.00    0.00    0.00   14.00     2  ruby
10:18:43 AM  1000     38360   13.00    3.00    0.00    0.00   16.00    10  ruby
10:18:44 AM  1000     38360   11.00    4.00    0.00    1.00   15.00     4  ruby
10:18:45 AM  1000     38360   11.00    4.00    0.00    0.00   15.00    11  ruby
10:18:46 AM  1000     38360   14.00    3.00    0.00    0.00   17.00     8  ruby
10:18:47 AM  1000     38360   16.00    3.00    0.00    0.00   19.00     9  ruby
10:18:48 AM  1000     38360   15.00    3.00    0.00    0.00   18.00     9  ruby
10:18:49 AM  1000     38360   14.00    5.00    0.00    0.00   19.00     7  ruby
10:18:50 AM  1000     38360   13.00    4.00    0.00    1.00   17.00     2  ruby
10:18:51 AM  1000     38360   16.00    4.00    0.00    0.00   20.00     2  ruby
10:18:52 AM  1000     38360   10.00    3.00    0.00    0.00   13.00     2  ruby
10:18:53 AM  1000     38360   12.00    4.00    0.00    1.00   16.00     8  ruby
10:18:54 AM  1000     38360    9.00    3.00    0.00    0.00   12.00    11  ruby
10:18:55 AM  1000     38360    9.00    5.00    0.00    0.00   14.00    11  ruby
10:18:56 AM  1000     38360    9.00    4.00    0.00    0.00   13.00    11  ruby
10:18:57 AM  1000     38360    9.00    4.00    0.00    0.00   13.00     9  ruby
10:18:58 AM  1000     38360   10.00    4.00    0.00    0.00   14.00     9  ruby
10:18:59 AM  1000     38360   11.00    3.00    0.00    0.00   14.00     2  ruby
10:19:00 AM  1000     38360   10.00    4.00    0.00    0.00   14.00    11  ruby
10:19:01 AM  1000     38360   11.00    3.00    0.00    0.00   14.00    11  ruby
10:19:02 AM  1000     38360   10.00    4.00    0.00    0.00   14.00     5  ruby
10:19:03 AM  1000     38360   13.00    3.00    0.00    0.00   16.00    10  ruby
10:19:04 AM  1000     38360   12.00    3.00    0.00    0.00   15.00    10  ruby
10:19:05 AM  1000     38360   13.00    4.00    0.00    0.00   17.00    11  ruby
10:19:06 AM  1000     38360   13.00    3.00    0.00    0.00   16.00    10  ruby
10:19:07 AM  1000     38360   11.00    4.00    0.00    0.00   15.00     8  ruby
10:19:08 AM  1000     38360    9.00    5.00    0.00    0.00   14.00     8  ruby
10:19:09 AM  1000     38360    9.00    3.00    0.00    0.00   12.00     8  ruby
10:19:10 AM  1000     38360   11.00    4.00    0.00    0.00   15.00    11  ruby
10:19:11 AM  1000     38360   10.00    4.00    0.00    0.00   14.00    11  ruby
10:19:12 AM  1000     38360   10.00    4.00    0.00    0.00   14.00    11  ruby
10:19:13 AM  1000     38360   11.00    3.00    0.00    0.00   14.00    10  ruby
10:19:14 AM  1000     38360   11.00    3.00    0.00    0.00   14.00     7  ruby
10:19:15 AM  1000     38360   14.00    3.00    0.00    1.00   17.00     6  ruby
10:19:16 AM  1000     38360   16.00    2.00    0.00    0.00   18.00     9  ruby
10:19:17 AM  1000     38360   13.00    3.00    0.00    0.00   16.00     8  ruby
10:19:18 AM  1000     38360    9.00    4.00    0.00    0.00   13.00     8  ruby
10:19:19 AM  1000     38360   12.00    4.00    0.00    0.00   16.00     8  ruby
10:19:20 AM  1000     38360   13.00    4.00    0.00    0.00   17.00    11  ruby
10:19:21 AM  1000     38360   10.00    5.00    0.00    1.00   15.00     7  ruby
10:19:22 AM  1000     38360   11.00    4.00    0.00    0.00   15.00    10  ruby
10:19:23 AM  1000     38360   13.00    4.00    0.00    0.00   17.00    10  ruby
10:19:24 AM  1000     38360   10.00    4.00    0.00    0.00   14.00     2  ruby
10:19:25 AM  1000     38360   13.00    3.00    0.00    0.00   16.00     2  ruby
10:19:26 AM  1000     38360   14.00    5.00    0.00    0.00   19.00    10  ruby
10:19:27 AM  1000     38360   12.00    5.00    0.00    0.00   17.00     8  ruby
10:19:28 AM  1000     38360   12.00    4.00    0.00    0.00   16.00    10  ruby
10:19:29 AM  1000     38360   10.00    5.00    0.00    0.00   15.00     8  ruby
10:19:30 AM  1000     38360   14.00    5.00    0.00    0.00   19.00    10  ruby
10:19:31 AM  1000     38360    9.00    5.00    0.00    0.00   14.00     6  ruby
10:19:32 AM  1000     38360   13.00    4.00    0.00    0.00   17.00     8  ruby
10:19:33 AM  1000     38360   13.00    6.00    0.00    0.00   19.00     8  ruby
10:19:34 AM  1000     38360   12.00    4.00    0.00    0.00   16.00     2  ruby
10:19:35 AM  1000     38360   13.00    5.00    0.00    0.00   18.00    10  ruby
10:19:36 AM  1000     38360   13.00    3.00    0.00    0.00   16.00     2  ruby
10:19:37 AM  1000     38360   10.00    6.00    0.00    0.00   16.00     8  ruby
10:19:38 AM  1000     38360   17.00    4.00    0.00    0.00   21.00     8  ruby
10:19:39 AM  1000     38360   13.00    3.00    0.00    0.00   16.00    10  ruby
10:19:40 AM  1000     38360   12.00    5.00    0.00    0.00   17.00    10  ruby
10:19:41 AM  1000     38360   13.00    4.00    0.00    0.00   17.00    10  ruby
10:19:42 AM  1000     38360   11.00    5.00    0.00    0.00   16.00     9  ruby
10:19:43 AM  1000     38360   11.00    5.00    0.00    0.00   16.00     8  ruby
10:19:44 AM  1000     38360   11.00    5.00    0.00    0.00   16.00     7  ruby
10:19:45 AM  1000     38360   10.00    5.00    0.00    0.00   15.00    10  ruby
10:19:46 AM  1000     38360   14.00    5.00    0.00    1.00   19.00    10  ruby
10:19:47 AM  1000     38360   13.00    2.00    0.00    0.00   15.00     8  ruby
10:19:48 AM  1000     38360   11.00    5.00    0.00    0.00   16.00     9  ruby
10:19:49 AM  1000     38360    9.00    6.00    0.00    0.00   15.00     1  ruby
10:19:50 AM  1000     38360   12.00    2.00    0.00    0.00   14.00     3  ruby
10:19:51 AM  1000     38360   11.00    3.00    0.00    0.00   14.00     4  ruby
10:19:52 AM  1000     38360    9.90    4.95    0.00    0.00   14.85     7  ruby
10:19:53 AM  1000     38360   11.00    4.00    0.00    0.00   15.00     0  ruby
10:19:54 AM  1000     38360   11.00    4.00    0.00    0.00   15.00     6  ruby
10:19:55 AM  1000     38360    9.00    4.00    0.00    0.00   13.00     7  ruby
10:19:56 AM  1000     38360   11.00    4.00    0.00    1.00   15.00     9  ruby
10:19:57 AM  1000     38360   10.00    4.00    0.00    0.00   14.00    11  ruby
10:19:58 AM  1000     38360   11.00    3.00    0.00    0.00   14.00     1  ruby
10:19:59 AM  1000     38360   11.00    4.00    0.00    0.00   15.00    11  ruby
10:20:00 AM  1000     38360   11.00    3.00    0.00    0.00   14.00     5  ruby
10:20:01 AM  1000     38360   10.00    4.00    0.00    0.00   14.00    10  ruby
10:20:02 AM  1000     38360   11.00    3.00    0.00    0.00   14.00     2  ruby
10:20:03 AM  1000     38360   11.00    4.00    0.00    0.00   15.00     2  ruby
10:20:04 AM  1000     38360   11.00    3.00    0.00    0.00   14.00     6  ruby
10:20:05 AM  1000     38360    9.00    5.00    0.00    0.00   14.00     6  ruby
10:20:06 AM  1000     38360    9.00    4.00    0.00    0.00   13.00     0  ruby
10:20:07 AM  1000     38360   11.00    3.00    0.00    0.00   14.00     6  ruby
10:20:08 AM  1000     38360    9.00    5.00    0.00    0.00   14.00     8  ruby
10:20:09 AM  1000     38360   11.00    5.00    0.00    0.00   16.00     8  ruby
10:20:10 AM  1000     38360   11.00    4.00    0.00    1.00   15.00     7  ruby
10:20:11 AM  1000     38360   10.00    4.00    0.00    0.00   14.00     4  ruby
10:20:12 AM  1000     38360    9.00    5.00    0.00    0.00   14.00     8  ruby
10:20:13 AM  1000     38360    9.00    4.00    0.00    0.00   13.00     9  ruby
10:20:14 AM  1000     38360   11.00    3.00    0.00    0.00   14.00     9  ruby
10:20:15 AM  1000     38360   11.00    5.00    0.00    0.00   16.00    11  ruby
10:20:16 AM  1000     38360   13.00    4.00    0.00    0.00   17.00     4  ruby
10:20:17 AM  1000     38360    9.00    5.00    0.00    0.00   14.00    10  ruby
10:20:18 AM  1000     38360   11.00    4.00    0.00    0.00   15.00     9  ruby
10:20:19 AM  1000     38360   11.00    3.00    0.00    0.00   14.00     9  ruby
10:20:20 AM  1000     38360   11.00    4.00    0.00    1.00   15.00     6  ruby
10:20:21 AM  1000     38360   11.00    4.00    0.00    0.00   15.00    10  ruby
10:20:22 AM  1000     38360   16.00    4.00    0.00    0.00   20.00    10  ruby
10:20:23 AM  1000     38360   10.00    4.00    0.00    0.00   14.00     1  ruby
10:20:24 AM  1000     38360   22.00    2.00    0.00    2.00   24.00    10  ruby
10:20:25 AM  1000     38360   17.00    3.00    0.00    0.00   20.00     0  ruby
10:20:26 AM  1000     38360   16.00    5.00    0.00    1.00   21.00     9  ruby
10:20:27 AM  1000     38360   12.00    3.00    0.00    0.00   15.00     9  ruby
10:20:28 AM  1000     38360   10.00    6.00    0.00    0.00   16.00     6  ruby
10:20:29 AM  1000     38360   12.00    3.00    0.00    0.00   15.00    11  ruby
10:20:30 AM  1000     38360   11.00    5.00    0.00    0.00   16.00    10  ruby
10:20:31 AM  1000     38360   13.00    3.00    0.00    0.00   16.00     5  ruby
10:20:32 AM  1000     38360   14.00    4.00    0.00    1.00   18.00     3  ruby
10:20:33 AM  1000     38360   12.00    3.00    0.00    0.00   15.00     8  ruby
10:20:34 AM  1000     38360   10.00    6.00    0.00    0.00   16.00     8  ruby
10:20:35 AM  1000     38360   10.00    5.00    0.00    0.00   15.00     6  ruby
10:20:36 AM  1000     38360   12.00    2.00    0.00    0.00   14.00     8  ruby
10:20:37 AM  1000     38360   11.00    6.00    0.00    0.00   17.00     0  ruby
10:20:38 AM  1000     38360   11.00    3.00    0.00    0.00   14.00     3  ruby
10:20:39 AM  1000     38360    9.00    4.00    0.00    0.00   13.00    10  ruby
10:20:40 AM  1000     38360   11.00    3.00    0.00    1.00   14.00     8  ruby
10:20:41 AM  1000     38360    9.00    4.00    0.00    0.00   13.00     6  ruby
10:20:42 AM  1000     38360   13.00    2.00    0.00    0.00   15.00     5  ruby
10:20:43 AM  1000     38360   12.00    2.00    0.00    0.00   14.00     1  ruby
10:20:44 AM  1000     38360   10.00    5.00    0.00    0.00   15.00    10  ruby
10:20:45 AM  1000     38360    8.00    5.00    0.00    0.00   13.00     6  ruby
10:20:46 AM  1000     38360    9.00    3.00    0.00    0.00   12.00     6  ruby
10:20:47 AM  1000     38360   13.00    3.00    0.00    1.00   16.00     5  ruby
10:20:48 AM  1000     38360    9.00    4.00    0.00    0.00   13.00    10  ruby
10:20:49 AM  1000     38360   12.00    3.00    0.00    0.00   15.00     4  ruby
10:20:50 AM  1000     38360    9.00    4.00    0.00    0.00   13.00     6  ruby
10:20:51 AM  1000     38360    8.00    4.00    0.00    0.00   12.00    10  ruby
10:20:52 AM  1000     38360   12.00    4.00    0.00    0.00   16.00     2  ruby
10:20:53 AM  1000     38360   12.00    3.00    0.00    0.00   15.00     6  ruby
10:20:54 AM  1000     38360   12.00    3.00    0.00    0.00   15.00    11  ruby
10:20:55 AM  1000     38360   11.00    4.00    0.00    1.00   15.00     7  ruby
10:20:56 AM  1000     38360    9.00    5.00    0.00    0.00   14.00     8  ruby
10:20:57 AM  1000     38360   13.00    3.00    0.00    0.00   16.00     7  ruby
10:20:58 AM  1000     38360   11.00    4.00    0.00    0.00   15.00    11  ruby
10:20:59 AM  1000     38360   13.00    3.00    0.00    1.00   16.00     0  ruby
10:21:00 AM  1000     38360   11.00    3.00    0.00    0.00   14.00     1  ruby
10:21:01 AM  1000     38360   14.00    3.00    0.00    0.00   17.00     2  ruby
10:21:02 AM  1000     38360   12.00    4.00    0.00    0.00   16.00     2  ruby
10:21:03 AM  1000     38360   12.00    4.00    0.00    0.00   16.00     3  ruby
10:21:04 AM  1000     38360   10.00    3.00    0.00    0.00   13.00     0  ruby
10:21:05 AM  1000     38360   13.00    5.00    0.00    0.00   18.00    10  ruby
10:21:06 AM  1000     38360   11.00    4.00    0.00    1.00   15.00    11  ruby
10:21:07 AM  1000     38360   11.00    5.00    0.00    0.00   16.00     1  ruby
10:21:08 AM  1000     38360   10.00    5.00    0.00    0.00   15.00     4  ruby
10:21:09 AM  1000     38360   12.00    4.00    0.00    0.00   16.00     0  ruby
10:21:10 AM  1000     38360   11.00    4.00    0.00    0.00   15.00    10  ruby
10:21:11 AM  1000     38360   13.00    3.00    0.00    0.00   16.00     2  ruby
10:21:12 AM  1000     38360   11.00    3.00    0.00    0.00   14.00     2  ruby
10:21:13 AM  1000     38360   11.00    4.00    0.00    0.00   15.00    11  ruby
10:21:14 AM  1000     38360   11.00    2.00    0.00    0.00   13.00     4  ruby
10:21:15 AM  1000     38360   10.00    3.00    0.00    0.00   13.00     3  ruby
10:21:16 AM  1000     38360   12.00    4.00    0.00    0.00   16.00     8  ruby
10:21:17 AM  1000     38360   14.00    3.00    0.00    1.00   17.00     9  ruby
10:21:18 AM  1000     38360   14.00    3.00    0.00    0.00   17.00    10  ruby
10:21:19 AM  1000     38360   13.00    3.00    0.00    0.00   16.00     7  ruby
10:21:20 AM  1000     38360   13.00    4.00    0.00    0.00   17.00     7  ruby
10:21:21 AM  1000     38360   12.00    4.00    0.00    1.00   16.00     8  ruby
10:21:22 AM  1000     38360   13.00    3.00    0.00    0.00   16.00     6  ruby
10:21:23 AM  1000     38360   12.00    3.00    0.00    0.00   15.00     6  ruby
10:21:24 AM  1000     38360   12.00    5.00    0.00    0.00   17.00     6  ruby
10:21:25 AM  1000     38360   12.00    3.00    0.00    0.00   15.00     6  ruby
10:21:26 AM  1000     38360   10.00    5.00    0.00    0.00   15.00    10  ruby
10:21:27 AM  1000     38360   12.00    3.00    0.00    0.00   15.00    11  ruby
10:21:28 AM  1000     38360   11.00    4.00    0.00    0.00   15.00     9  ruby
10:21:29 AM  1000     38360   12.00    3.00    0.00    1.00   15.00     8  ruby
10:21:30 AM  1000     38360   13.00    3.00    0.00    0.00   16.00     3  ruby
10:21:31 AM  1000     38360   12.00    4.00    0.00    0.00   16.00    11  ruby
10:21:32 AM  1000     38360   12.00    4.00    0.00    0.00   16.00     3  ruby
10:21:33 AM  1000     38360   13.00    3.00    0.00    0.00   16.00     6  ruby
10:21:34 AM  1000     38360   11.00    4.00    0.00    0.00   15.00     8  ruby
10:21:35 AM  1000     38360   13.00    4.00    0.00    0.00   17.00     2  ruby
10:21:36 AM  1000     38360   12.00    4.00    0.00    0.00   16.00     0  ruby
10:21:37 AM  1000     38360   10.00    5.00    0.00    0.00   15.00     8  ruby
10:21:38 AM  1000     38360   11.00    5.00    0.00    0.00   16.00    11  ruby
10:21:39 AM  1000     38360   10.00    4.00    0.00    0.00   14.00     9  ruby
10:21:40 AM  1000     38360   11.00    4.00    0.00    0.00   15.00    11  ruby
10:21:41 AM  1000     38360   13.00    3.00    0.00    0.00   16.00     4  ruby
10:21:42 AM  1000     38360   13.00    4.00    0.00    1.00   17.00     6  ruby
10:21:43 AM  1000     38360   16.00    3.00    0.00    0.00   19.00     0  ruby
10:21:44 AM  1000     38360   16.00    3.00    0.00    0.00   19.00    10  ruby
10:21:45 AM  1000     38360   13.00    4.00    0.00    0.00   17.00     7  ruby
10:21:46 AM  1000     38360   12.00    4.00    0.00    0.00   16.00    10  ruby
10:21:47 AM  1000     38360   11.00    3.00    0.00    1.00   14.00     5  ruby
10:21:48 AM  1000     38360   11.00    6.00    0.00    0.00   17.00     0  ruby
10:21:49 AM  1000     38360   17.00    3.00    0.00    0.00   20.00     9  ruby
10:21:50 AM  1000     38360   12.00    4.00    0.00    0.00   16.00     6  ruby
10:21:51 AM  1000     38360   11.00    4.00    0.00    0.00   15.00     7  ruby
10:21:52 AM  1000     38360   12.00    3.00    0.00    0.00   15.00     8  ruby
10:21:53 AM  1000     38360   14.00    3.00    0.00    0.00   17.00     0  ruby
10:21:54 AM  1000     38360   11.00    5.00    0.00    1.00   16.00     6  ruby
10:21:55 AM  1000     38360   10.00    4.00    0.00    0.00   14.00     6  ruby
10:21:56 AM  1000     38360   11.00    3.00    0.00    0.00   14.00    10  ruby
10:21:57 AM  1000     38360   10.00    5.00    0.00    0.00   15.00     0  ruby
10:21:58 AM  1000     38360   13.00    4.00    0.00    0.00   17.00     2  ruby
10:21:59 AM  1000     38360   12.00    4.00    0.00    0.00   16.00     6  ruby
10:22:00 AM  1000     38360   11.00    3.00    0.00    1.00   14.00    11  ruby
10:22:01 AM  1000     38360   13.00    3.00    0.00    0.00   16.00    11  ruby
10:22:02 AM  1000     38360   11.00    5.00    0.00    0.00   16.00     8  ruby
10:22:03 AM  1000     38360   13.00    2.00    0.00    0.00   15.00     0  ruby
10:22:04 AM  1000     38360   10.00    5.00    0.00    0.00   15.00     6  ruby
10:22:05 AM  1000     38360   11.00    4.00    0.00    0.00   15.00     2  ruby
10:22:06 AM  1000     38360    8.00    5.00    0.00    0.00   13.00     0  ruby
10:22:07 AM  1000     38360   12.00    3.00    0.00    0.00   15.00     1  ruby
10:22:08 AM  1000     38360   13.00    5.00    0.00    0.00   18.00     0  ruby
10:22:09 AM  1000     38360   12.00    3.00    0.00    1.00   15.00     2  ruby
10:22:10 AM  1000     38360   24.00    4.00    0.00    3.00   28.00     7  ruby
10:22:11 AM  1000     38360   21.00    4.00    0.00    1.00   25.00     7  ruby
10:22:12 AM  1000     38360   31.00    4.00    0.00    2.00   35.00     6  ruby
10:22:13 AM  1000     38360   25.00    3.00    0.00    1.00   28.00     7  ruby
10:22:14 AM  1000     38360   14.00    4.00    0.00    0.00   18.00     8  ruby
10:22:15 AM  1000     38360   12.00    3.00    0.00    0.00   15.00    11  ruby
10:22:16 AM  1000     38360   12.00    3.00    0.00    1.00   15.00     2  ruby
10:22:17 AM  1000     38360   11.00    4.00    0.00    0.00   15.00    11  ruby
10:22:18 AM  1000     38360   10.00    4.00    0.00    0.00   14.00     2  ruby
10:22:19 AM  1000     38360   10.00    4.00    0.00    0.00   14.00    11  ruby
10:22:20 AM  1000     38360   10.00    4.00    0.00    0.00   14.00     5  ruby
10:22:21 AM  1000     38360   12.00    4.00    0.00    0.00   16.00     7  ruby
10:22:22 AM  1000     38360   13.00    4.00    0.00    0.00   17.00    10  ruby
10:22:23 AM  1000     38360   11.00    6.00    0.00    1.00   17.00    11  ruby
10:22:24 AM  1000     38360    9.00    7.00    0.00    0.00   16.00     6  ruby
10:22:25 AM  1000     38360   11.00    3.00    0.00    0.00   14.00     8  ruby
10:22:26 AM  1000     38360   12.00    4.00    0.00    0.00   16.00     9  ruby
10:22:27 AM  1000     38360    9.00    5.00    0.00    0.00   14.00    11  ruby
10:22:28 AM  1000     38360   11.00    5.00    0.00    0.00   16.00     9  ruby
10:22:29 AM  1000     38360   10.00    3.00    0.00    0.00   13.00     6  ruby
10:22:30 AM  1000     38360   14.00    4.00    0.00    0.00   18.00     9  ruby
10:22:31 AM  1000     38360    9.00    5.00    0.00    0.00   14.00     1  ruby
10:22:32 AM  1000     38360   11.00    5.00    0.00    0.00   16.00     3  ruby
10:22:33 AM  1000     38360   13.00    3.00    0.00    0.00   16.00     8  ruby
10:22:34 AM  1000     38360    9.00    5.00    0.00    0.00   14.00     6  ruby
10:22:35 AM  1000     38360    9.00    6.00    0.00    0.00   15.00    10  ruby
10:22:36 AM  1000     38360   13.00    3.00    0.00    0.00   16.00     8  ruby
10:22:37 AM  1000     38360    9.00    5.00    0.00    0.00   14.00    10  ruby
10:22:38 AM  1000     38360   11.00    5.00    0.00    0.00   16.00    10  ruby
10:22:39 AM  1000     38360   10.00    4.00    0.00    0.00   14.00     4  ruby
10:22:40 AM  1000     38360   11.00    5.00    0.00    0.00   16.00     8  ruby
10:22:41 AM  1000     38360   14.00    3.00    0.00    0.00   17.00     0  ruby
10:22:42 AM  1000     38360   11.00    3.00    0.00    1.00   14.00     8  ruby
10:22:43 AM  1000     38360   13.00    4.00    0.00    0.00   17.00    11  ruby
10:22:44 AM  1000     38360    9.00    4.00    0.00    0.00   13.00     3  ruby
10:22:45 AM  1000     38360   11.00    3.00    0.00    0.00   14.00     7  ruby
10:22:46 AM  1000     38360   13.00    4.00    0.00    0.00   17.00     0  ruby
10:22:47 AM  1000     38360   11.00    4.00    0.00    0.00   15.00     6  ruby
10:22:48 AM  1000     38360   11.00    4.00    0.00    0.00   15.00    11  ruby
10:22:49 AM  1000     38360   12.00    4.00    0.00    0.00   16.00     2  ruby
10:22:50 AM  1000     38360   10.00    4.00    0.00    0.00   14.00     4  ruby
10:22:51 AM  1000     38360   11.00    4.00    0.00    0.00   15.00    11  ruby
10:22:52 AM  1000     38360   12.00    4.00    0.00    0.00   16.00     6  ruby
10:22:53 AM  1000     38360   11.00    4.00    0.00    0.00   15.00     8  ruby
10:22:54 AM  1000     38360   11.00    4.00    0.00    0.00   15.00     0  ruby
10:22:55 AM  1000     38360   11.00    4.00    0.00    1.00   15.00     1  ruby
10:22:56 AM  1000     38360   11.00    4.00    0.00    0.00   15.00     7  ruby
10:22:57 AM  1000     38360    8.00    5.00    0.00    0.00   13.00    11  ruby
10:22:58 AM  1000     38360    9.00    4.00    0.00    0.00   13.00    11  ruby
10:22:59 AM  1000     38360   11.00    4.00    0.00    0.00   15.00     6  ruby
10:23:00 AM  1000     38360   11.00    4.00    0.00    0.00   15.00     8  ruby
10:23:01 AM  1000     38360    9.00    6.00    0.00    0.00   15.00    11  ruby
10:23:02 AM  1000     38360   12.00    4.00    0.00    0.00   16.00     6  ruby
10:23:03 AM  1000     38360   12.00    3.00    0.00    0.00   15.00    10  ruby
10:23:04 AM  1000     38360   10.00    6.00    0.00    0.00   16.00     6  ruby
10:23:05 AM  1000     38360   13.00    3.00    0.00    0.00   16.00     6  ruby
10:23:06 AM  1000     38360    8.00    5.00    0.00    0.00   13.00    10  ruby
10:23:07 AM  1000     38360   12.00    3.00    0.00    0.00   15.00     9  ruby
10:23:08 AM  1000     38360   11.00    4.00    0.00    0.00   15.00    11  ruby
10:23:09 AM  1000     38360   10.00    6.00    0.00    1.00   16.00    10  ruby
10:23:10 AM  1000     38360   11.00    4.00    0.00    0.00   15.00     8  ruby
10:23:11 AM  1000     38360   12.00    3.00    0.00    0.00   15.00     4  ruby
10:23:12 AM  1000     38360   10.00    4.00    0.00    0.00   14.00     2  ruby
10:23:13 AM  1000     38360    9.00    5.00    0.00    0.00   14.00     2  ruby
10:23:14 AM  1000     38360   11.00    3.00    0.00    0.00   14.00    10  ruby
10:23:15 AM  1000     38360   12.00    3.00    0.00    0.00   15.00     8  ruby
10:23:16 AM  1000     38360   11.00    5.00    0.00    0.00   16.00     2  ruby
10:23:17 AM  1000     38360   14.00    1.00    0.00    0.00   15.00     8  ruby
10:23:18 AM  1000     38360   11.00    4.00    0.00    0.00   15.00     9  ruby
10:23:19 AM  1000     38360   12.00    4.00    0.00    0.00   16.00     3  ruby
10:23:20 AM  1000     38360   13.00    4.00    0.00    2.00   17.00     2  ruby
10:23:21 AM  1000     38360   10.00    5.00    0.00    0.00   15.00    11  ruby
10:23:22 AM  1000     38360    9.00    6.00    0.00    0.00   15.00     2  ruby
10:23:23 AM  1000     38360   12.00    4.00    0.00    0.00   16.00     4  ruby
10:23:24 AM  1000     38360   12.87    2.97    0.00    0.99   15.84    10  ruby
10:23:25 AM  1000     38360   12.00    4.00    0.00    0.00   16.00     3  ruby
10:23:26 AM  1000     38360   17.00    2.00    0.00    0.00   19.00     8  ruby
10:23:27 AM  1000     38360   12.00    5.00    0.00    0.00   17.00     8  ruby
10:23:28 AM  1000     38360   16.00    3.00    0.00    1.00   19.00     7  ruby
10:23:29 AM  1000     38360   14.00    3.00    0.00    0.00   17.00    10  ruby
10:23:30 AM  1000     38360   12.00    4.00    0.00    0.00   16.00     6  ruby
10:23:31 AM  1000     38360   10.00    5.00    0.00    1.00   15.00     6  ruby
10:23:32 AM  1000     38360    9.00    6.00    0.00    0.00   15.00    10  ruby
10:23:33 AM  1000     38360   13.00    3.00    0.00    0.00   16.00    10  ruby
10:23:34 AM  1000     38360   10.00    4.00    0.00    0.00   14.00     2  ruby
10:23:35 AM  1000     38360   13.00    4.00    0.00    0.00   17.00    10  ruby
10:23:36 AM  1000     38360   11.00    6.00    0.00    0.00   17.00     8  ruby
10:23:37 AM  1000     38360   13.00    5.00    0.00    0.00   18.00     6  ruby
10:23:38 AM  1000     38360   12.00    4.00    0.00    0.00   16.00    10  ruby
10:23:39 AM  1000     38360   11.00    2.00    0.00    0.00   13.00     2  ruby
10:23:40 AM  1000     38360   13.00    4.00    0.00    1.00   17.00     6  ruby
10:23:41 AM  1000     38360   11.00    4.00    0.00    0.00   15.00     7  ruby
10:23:42 AM  1000     38360   11.00    4.00    0.00    0.00   15.00     1  ruby
10:23:43 AM  1000     38360   10.00    3.00    0.00    0.00   13.00     7  ruby
10:23:44 AM  1000     38360   12.00    2.00    0.00    1.00   14.00     0  ruby
10:23:45 AM  1000     38360   11.00    5.00    0.00    0.00   16.00     2  ruby
10:23:46 AM  1000     38360   13.00    2.00    0.00    0.00   15.00     0  ruby
10:23:47 AM  1000     38360   11.00    5.00    0.00    0.00   16.00    10  ruby
10:23:48 AM  1000     38360   12.00    4.00    0.00    0.00   16.00    11  ruby
10:23:49 AM  1000     38360   10.00    5.00    0.00    0.00   15.00    10  ruby
10:23:50 AM  1000     38360   12.00    3.00    0.00    1.00   15.00     6  ruby
10:23:51 AM  1000     38360   13.00    3.00    0.00    0.00   16.00     0  ruby
10:23:52 AM  1000     38360   11.00    3.00    0.00    0.00   14.00     4  ruby
10:23:53 AM  1000     38360   12.00    4.00    0.00    0.00   16.00     6  ruby
10:23:54 AM  1000     38360   12.00    4.00    0.00    1.00   16.00     2  ruby
10:23:55 AM  1000     38360   10.00    4.00    0.00    1.00   14.00     0  ruby
10:23:56 AM  1000     38360    9.00    4.00    0.00    0.00   13.00     2  ruby
10:23:57 AM  1000     38360   11.00    4.00    0.00    0.00   15.00     8  ruby
10:23:58 AM  1000     38360    9.00    4.00    0.00    0.00   13.00     4  ruby
10:23:59 AM  1000     38360    9.00    4.00    0.00    0.00   13.00     2  ruby
10:24:00 AM  1000     38360   11.00    3.00    0.00    0.00   14.00    11  ruby
10:24:01 AM  1000     38360    9.00    4.00    0.00    0.00   13.00    10  ruby
10:24:02 AM  1000     38360   11.00    4.00    0.00    0.00   15.00    10  ruby
10:24:03 AM  1000     38360   13.00    4.00    0.00    0.00   17.00     0  ruby
10:24:04 AM  1000     38360   10.00    4.00    0.00    0.00   14.00    11  ruby
10:24:05 AM  1000     38360   12.00    5.00    0.00    1.00   17.00    11  ruby
10:24:06 AM  1000     38360   11.00    3.00    0.00    0.00   14.00    10  ruby
10:24:07 AM  1000     38360   14.00    4.00    0.00    0.00   18.00     6  ruby
10:24:08 AM  1000     38360   11.00    3.00    0.00    0.00   14.00     8  ruby
10:24:09 AM  1000     38360   13.00    3.00    0.00    0.00   16.00     2  ruby
10:24:10 AM  1000     38360   11.00    4.00    0.00    1.00   15.00     9  ruby
10:24:11 AM  1000     38360   13.00    2.00    0.00    0.00   15.00     9  ruby
10:24:12 AM  1000     38360   13.00    3.00    0.00    0.00   16.00     8  ruby
10:24:13 AM  1000     38360   12.00    4.00    0.00    0.00   16.00     0  ruby
10:24:14 AM  1000     38360   12.00    4.00    0.00    0.00   16.00    11  ruby
10:24:15 AM  1000     38360   11.00    4.00    0.00    0.00   15.00    10  ruby
10:24:16 AM  1000     38360   10.00    5.00    0.00    0.00   15.00    10  ruby
10:24:17 AM  1000     38360   12.00    4.00    0.00    0.00   16.00    11  ruby
10:24:18 AM  1000     38360   12.00    3.00    0.00    0.00   15.00     9  ruby
10:24:19 AM  1000     38360   12.00    4.00    0.00    0.00   16.00     8  ruby
10:24:20 AM  1000     38360   11.00    5.00    0.00    0.00   16.00    11  ruby
10:24:21 AM  1000     38360   10.00    4.00    0.00    0.00   14.00     3  ruby
10:24:22 AM  1000     38360   12.00    3.00    0.00    0.00   15.00     3  ruby
10:24:23 AM  1000     38360   12.00    4.00    0.00    1.00   16.00     8  ruby
10:24:24 AM  1000     38360   10.00    5.00    0.00    0.00   15.00     9  ruby
10:24:25 AM  1000     38360   12.00    2.00    0.00    0.00   14.00     2  ruby
10:24:26 AM  1000     38360   13.00    3.00    0.00    0.00   16.00     6  ruby
10:24:27 AM  1000     38360   10.00    5.00    0.00    0.00   15.00     8  ruby
10:24:28 AM  1000     38360   11.00    3.00    0.00    0.00   14.00     8  ruby
10:24:29 AM  1000     38360   12.00    2.00    0.00    0.00   14.00     0  ruby
10:24:30 AM  1000     38360   11.00    4.00    0.00    0.00   15.00    10  ruby
10:24:31 AM  1000     38360   12.00    4.00    0.00    0.00   16.00    10  ruby
10:24:32 AM  1000     38360   11.00    5.00    0.00    0.00   16.00     8  ruby
10:24:33 AM  1000     38360   11.00    3.00    0.00    0.00   14.00     2  ruby
10:24:34 AM  1000     38360   11.00    4.00    0.00    0.00   15.00     8  ruby
10:24:35 AM  1000     38360   12.00    3.00    0.00    0.00   15.00     7  ruby
10:24:36 AM  1000     38360   12.00    3.00    0.00    1.00   15.00    11  ruby
10:24:37 AM  1000     38360   11.00    4.00    0.00    0.00   15.00     0  ruby
10:24:38 AM  1000     38360   12.00    4.00    0.00    0.00   16.00     8  ruby
10:24:39 AM  1000     38360   10.00    4.00    0.00    0.00   14.00    10  ruby
10:24:40 AM  1000     38360   10.00    4.00    0.00    0.00   14.00     8  ruby
10:24:41 AM  1000     38360   12.00    3.00    0.00    0.00   15.00     0  ruby
10:24:42 AM  1000     38360   11.00    4.00    0.00    0.00   15.00     2  ruby
10:24:43 AM  1000     38360   12.00    4.00    0.00    0.00   16.00     8  ruby
10:24:44 AM  1000     38360   11.00    3.00    0.00    0.00   14.00     8  ruby
10:24:45 AM  1000     38360   10.00    4.00    0.00    0.00   14.00     0  ruby
10:24:46 AM  1000     38360   11.00    5.00    0.00    0.00   16.00    10  ruby
10:24:47 AM  1000     38360   12.00    4.00    0.00    0.00   16.00    10  ruby
10:24:48 AM  1000     38360   14.00    2.00    0.00    0.00   16.00    11  ruby
10:24:49 AM  1000     38360   13.00    3.00    0.00    1.00   16.00    10  ruby
10:24:50 AM  1000     38360   11.00    3.00    0.00    0.00   14.00    10  ruby
10:24:51 AM  1000     38360   13.00    2.00    0.00    0.00   15.00     8  ruby
10:24:52 AM  1000     38360   10.00    6.00    0.00    0.00   16.00    10  ruby
10:24:53 AM  1000     38360   11.00    3.00    0.00    0.00   14.00    11  ruby
10:24:54 AM  1000     38360   10.00    4.00    0.00    0.00   14.00    10  ruby
10:24:55 AM  1000     38360   11.00    4.00    0.00    0.00   15.00     6  ruby
10:24:56 AM  1000     38360   13.00    3.00    0.00    0.00   16.00    10  ruby
10:24:57 AM  1000     38360   12.00    3.00    0.00    0.00   15.00     2  ruby
10:24:58 AM  1000     38360   10.00    5.00    0.00    0.00   15.00    11  ruby
10:24:59 AM  1000     38360   12.00    3.00    0.00    0.00   15.00     4  ruby
10:25:00 AM  1000     38360   13.00    4.00    0.00    0.00   17.00    11  ruby
10:25:01 AM  1000     38360   12.00    4.00    0.00    0.00   16.00     2  ruby
10:25:02 AM  1000     38360   17.00    2.00    0.00    1.00   19.00     2  ruby
10:25:03 AM  1000     38360   13.00    3.00    0.00    0.00   16.00     0  ruby
10:25:04 AM  1000     38360   16.00    4.00    0.00    1.00   20.00     0  ruby
10:25:05 AM  1000     38360   10.00    4.00    0.00    0.00   14.00    11  ruby
10:25:06 AM  1000     38360   12.00    4.00    0.00    0.00   16.00     3  ruby
10:25:07 AM  1000     38360   13.00    3.00    0.00    0.00   16.00     0  ruby
10:25:08 AM  1000     38360   13.00    3.00    0.00    0.00   16.00     4  ruby
10:25:09 AM  1000     38360   12.00    4.00    0.00    0.00   16.00     0  ruby
10:25:10 AM  1000     38360   10.00    5.00    0.00    0.00   15.00    11  ruby
10:25:11 AM  1000     38360   11.00    4.00    0.00    0.00   15.00     8  ruby
10:25:12 AM  1000     38360   10.00    5.00    0.00    0.00   15.00     9  ruby
10:25:13 AM  1000     38360   11.00    4.00    0.00    0.00   15.00     2  ruby
10:25:14 AM  1000     38360   12.00    2.00    0.00    1.00   14.00    11  ruby
10:25:15 AM  1000     38360   14.00    4.00    0.00    0.00   18.00     6  ruby
10:25:16 AM  1000     38360   12.00    3.00    0.00    0.00   15.00     0  ruby
10:25:17 AM  1000     38360   12.00    3.00    0.00    0.00   15.00    10  ruby
10:25:18 AM  1000     38360   11.00    5.00    0.00    0.00   16.00     4  ruby
10:25:19 AM  1000     38360   11.00    4.00    0.00    0.00   15.00     5  ruby
10:25:20 AM  1000     38360   10.00    5.00    0.00    0.00   15.00     6  ruby
10:25:21 AM  1000     38360   11.00    4.00    0.00    0.00   15.00     8  ruby
10:25:22 AM  1000     38360   10.00    6.00    0.00    0.00   16.00    10  ruby
10:25:23 AM  1000     38360   11.00    5.00    0.00    1.00   16.00     2  ruby
10:25:24 AM  1000     38360   12.00    2.00    0.00    0.00   14.00    11  ruby
10:25:25 AM  1000     38360   12.00    4.00    0.00    0.00   16.00     8  ruby
10:25:26 AM  1000     38360   10.00    4.00    0.00    0.00   14.00     0  ruby
10:25:27 AM  1000     38360    9.00    6.00    0.00    0.00   15.00     5  ruby
10:25:28 AM  1000     38360   10.00    5.00    0.00    0.00   15.00     2  ruby
10:25:29 AM  1000     38360   10.00    3.00    0.00    0.00   13.00     8  ruby
10:25:30 AM  1000     38360   11.00    4.00    0.00    0.00   15.00    10  ruby
10:25:31 AM  1000     38360    9.00    5.00    0.00    0.00   14.00     8  ruby
10:25:32 AM  1000     38360   12.00    4.00    0.00    0.00   16.00    11  ruby
10:25:33 AM  1000     38360   11.00    5.00    0.00    0.00   16.00    11  ruby
10:25:34 AM  1000     38360   10.00    5.00    0.00    0.00   15.00    11  ruby
10:25:35 AM  1000     38360   10.00    4.00    0.00    0.00   14.00    11  ruby
10:25:36 AM  1000     38360   10.00    5.00    0.00    0.00   15.00     8  ruby
10:25:37 AM  1000     38360   13.00    3.00    0.00    0.00   16.00     4  ruby
10:25:38 AM  1000     38360   12.00    3.00    0.00    0.00   15.00     0  ruby
10:25:39 AM  1000     38360   12.00    2.00    0.00    0.00   14.00    11  ruby
10:25:40 AM  1000     38360   11.00    5.00    0.00    0.00   16.00    10  ruby
10:25:41 AM  1000     38360   11.00    5.00    0.00    1.00   16.00    11  ruby
10:25:42 AM  1000     38360   10.00    3.00    0.00    0.00   13.00     9  ruby
10:25:43 AM  1000     38360   13.00    3.00    0.00    0.00   16.00     8  ruby
10:25:44 AM  1000     38360    9.00    5.00    0.00    0.00   14.00    10  ruby
10:25:45 AM  1000     38360   11.00    6.00    0.00    0.00   17.00     7  ruby
10:25:46 AM  1000     38360   12.00    3.00    0.00    0.00   15.00     9  ruby
10:25:47 AM  1000     38360   11.00    5.00    0.00    1.00   16.00     6  ruby
10:25:48 AM  1000     38360   10.00    5.00    0.00    0.00   15.00     8  ruby
10:25:49 AM  1000     38360   10.00    3.00    0.00    0.00   13.00     0  ruby
10:25:50 AM  1000     38360   12.00    3.00    0.00    0.00   15.00     9  ruby
10:25:51 AM  1000     38360   10.00    3.00    0.00    0.00   13.00     6  ruby
10:25:52 AM  1000     38360   11.00    4.00    0.00    0.00   15.00     2  ruby
10:25:53 AM  1000     38360   11.00    3.00    0.00    0.00   14.00     0  ruby
10:25:54 AM  1000     38360   10.00    4.00    0.00    0.00   14.00     3  ruby
10:25:55 AM  1000     38360    9.00    4.00    0.00    0.00   13.00     4  ruby
10:25:56 AM  1000     38360   10.00    4.00    0.00    0.00   14.00     1  ruby
10:25:57 AM  1000     38360    9.00    5.00    0.00    0.00   14.00    10  ruby
10:25:58 AM  1000     38360    9.00    4.00    0.00    0.00   13.00    11  ruby
10:25:59 AM  1000     38360   11.00    3.00    0.00    0.00   14.00     8  ruby
10:26:00 AM  1000     38360   12.00    4.00    0.00    0.00   16.00     0  ruby
10:26:01 AM  1000     38360   10.00    4.00    0.00    0.00   14.00     8  ruby
10:26:02 AM  1000     38360   11.00    4.00    0.00    0.00   15.00     1  ruby
10:26:03 AM  1000     38360   13.00    3.00    0.00    1.00   16.00     0  ruby
10:26:04 AM  1000     38360   12.00    4.00    0.00    0.00   16.00     0  ruby
10:26:05 AM  1000     38360   17.00    4.00    0.00    0.00   21.00    11  ruby
10:26:06 AM  1000     38360   11.00    4.00    0.00    0.00   15.00     4  ruby
10:26:07 AM  1000     38360   14.00    4.00    0.00    0.00   18.00     6  ruby
10:26:08 AM  1000     38360   10.00    4.00    0.00    0.00   14.00     2  ruby
10:26:09 AM  1000     38360   12.00    4.00    0.00    2.00   16.00    10  ruby
10:26:10 AM  1000     38360   10.00    4.00    0.00    0.00   14.00     8  ruby
10:26:11 AM  1000     38360   12.00    4.00    0.00    0.00   16.00    10  ruby
10:26:12 AM  1000     38360   10.00    4.00    0.00    0.00   14.00     9  ruby
10:26:13 AM  1000     38360   12.00    5.00    0.00    1.00   17.00     8  ruby
10:26:14 AM  1000     38360    9.00    4.00    0.00    0.00   13.00    10  ruby
10:26:15 AM  1000     38360    9.00    6.00    0.00    0.00   15.00     0  ruby
10:26:16 AM  1000     38360   12.00    4.00    0.00    0.00   16.00     9  ruby
10:26:17 AM  1000     38360   13.00    2.00    0.00    0.00   15.00     8  ruby
10:26:18 AM  1000     38360   11.00    4.00    0.00    0.00   15.00     9  ruby
10:26:19 AM  1000     38360   11.00    4.00    0.00    0.00   15.00    11  ruby
10:26:20 AM  1000     38360   12.00    4.00    0.00    0.00   16.00     0  ruby
10:26:21 AM  1000     38360   13.00    3.00    0.00    0.00   16.00    10  ruby
10:26:22 AM  1000     38360   13.00    4.00    0.00    0.00   17.00    10  ruby
10:26:23 AM  1000     38360   11.00    4.00    0.00    0.00   15.00     0  ruby
10:26:24 AM  1000     38360   11.00    5.00    0.00    0.00   16.00     7  ruby
10:26:25 AM  1000     38360   13.00    5.00    0.00    1.00   18.00     6  ruby
10:26:26 AM  1000     38360   11.00    4.00    0.00    0.00   15.00    10  ruby
10:26:27 AM  1000     38360   12.00    3.00    0.00    0.00   15.00     2  ruby
10:26:28 AM  1000     38360   15.00    3.00    0.00    0.00   18.00     0  ruby
10:26:29 AM  1000     38360   11.00    4.00    0.00    0.00   15.00     8  ruby
10:26:30 AM  1000     38360   11.00    4.00    0.00    1.00   15.00     6  ruby
10:26:31 AM  1000     38360   13.00    4.00    0.00    0.00   17.00     6  ruby
10:26:32 AM  1000     38360   11.00    4.00    0.00    0.00   15.00    11  ruby
10:26:33 AM  1000     38360   10.00    4.00    0.00    0.00   14.00    11  ruby
10:26:34 AM  1000     38360   11.00    4.00    0.00    0.00   15.00     0  ruby
10:26:35 AM  1000     38360   12.00    4.00    0.00    0.00   16.00     8  ruby
10:26:36 AM  1000     38360   12.00    3.00    0.00    0.00   15.00     8  ruby
10:26:37 AM  1000     38360   14.00    4.00    0.00    0.00   18.00     4  ruby
10:26:38 AM  1000     38360   11.00    3.00    0.00    0.00   14.00    11  ruby
10:26:39 AM  1000     38360   11.00    4.00    0.00    0.00   15.00     8  ruby
10:26:40 AM  1000     38360   13.00    4.00    0.00    0.00   17.00     6  ruby
10:26:41 AM  1000     38360   12.00    4.00    0.00    0.00   16.00     0  ruby
10:26:42 AM  1000     38360   11.00    3.00    0.00    1.00   14.00     8  ruby
10:26:43 AM  1000     38360   12.00    5.00    0.00    0.00   17.00     0  ruby
10:26:44 AM  1000     38360    8.00    6.00    0.00    0.00   14.00     4  ruby
10:26:45 AM  1000     38360   12.00    3.00    0.00    0.00   15.00    10  ruby
10:26:46 AM  1000     38360   12.00    4.00    0.00    0.00   16.00     8  ruby
10:26:47 AM  1000     38360   11.00    4.00    0.00    0.00   15.00     2  ruby
10:26:48 AM  1000     38360   12.00    4.00    0.00    0.00   16.00     9  ruby
10:26:49 AM  1000     38360   10.00    4.00    0.00    0.00   14.00     8  ruby
10:26:50 AM  1000     38360    9.00    6.00    0.00    0.00   15.00    10  ruby
10:26:51 AM  1000     38360   13.00    3.00    0.00    0.00   16.00     2  ruby
10:26:52 AM  1000     38360   11.00    5.00    0.00    0.00   16.00    10  ruby
10:26:53 AM  1000     38360   13.00    3.00    0.00    0.00   16.00     8  ruby
10:26:54 AM  1000     38360   12.00    3.00    0.00    0.00   15.00    11  ruby
10:26:55 AM  1000     38360   13.86    1.98    0.00    0.99   15.84    11  ruby
10:26:56 AM  1000     38360   10.00    4.00    0.00    0.00   14.00    10  ruby
10:26:57 AM  1000     38360   11.00    5.00    0.00    0.00   16.00     8  ruby
10:26:58 AM  1000     38360   10.00    5.00    0.00    0.00   15.00    10  ruby
10:26:59 AM  1000     38360   10.00    5.00    0.00    0.00   15.00     9  ruby
10:27:00 AM  1000     38360    9.00    5.00    0.00    0.00   14.00    10  ruby
10:27:01 AM  1000     38360   10.00    5.00    0.00    0.00   15.00     4  ruby
10:27:02 AM  1000     38360   13.00    4.00    0.00    0.00   17.00     9  ruby
10:27:03 AM  1000     38360   11.00    5.00    0.00    0.00   16.00     9  ruby
10:27:04 AM  1000     38360   12.00    3.00    0.00    1.00   15.00    10  ruby
10:27:05 AM  1000     38360   10.00    6.00    0.00    0.00   16.00    10  ruby
10:27:06 AM  1000     38360   10.00    5.00    0.00    0.00   15.00    10  ruby
10:27:07 AM  1000     38360   11.00    4.00    0.00    0.00   15.00     8  ruby
10:27:08 AM  1000     38360   11.00    4.00    0.00    0.00   15.00     8  ruby
10:27:09 AM  1000     38360   12.00    3.00    0.00    0.00   15.00     6  ruby
10:27:10 AM  1000     38360   10.00    4.00    0.00    0.00   14.00     6  ruby
10:27:11 AM  1000     38360    9.00    5.00    0.00    0.00   14.00     8  ruby
10:27:12 AM  1000     38360   13.00    3.00    0.00    0.00   16.00     9  ruby
10:27:13 AM  1000     38360   13.00    4.00    0.00    0.00   17.00    10  ruby
10:27:14 AM  1000     38360   10.00    4.00    0.00    0.00   14.00    10  ruby
10:27:15 AM  1000     38360   10.00    7.00    0.00    0.00   17.00     0  ruby
10:27:16 AM  1000     38360   13.00    3.00    0.00    0.00   16.00     9  ruby
10:27:17 AM  1000     38360   10.00    5.00    0.00    1.00   15.00     2  ruby
10:27:18 AM  1000     38360   13.00    4.00    0.00    0.00   17.00    10  ruby
10:27:19 AM  1000     38360    9.00    5.00    0.00    0.00   14.00     8  ruby
10:27:20 AM  1000     38360    9.00    5.00    0.00    1.00   14.00     8  ruby
10:27:21 AM  1000     38360   11.00    4.00    0.00    0.00   15.00     0  ruby
10:27:22 AM  1000     38360   11.00    3.00    0.00    0.00   14.00    10  ruby
10:27:23 AM  1000     38360   11.00    5.00    0.00    1.00   16.00     0  ruby
10:27:24 AM  1000     38360   11.00    3.00    0.00    0.00   14.00     0  ruby
10:27:25 AM  1000     38360   13.00    4.00    0.00    1.00   17.00     9  ruby
10:27:26 AM  1000     38360   11.00    4.00    0.00    0.00   15.00    10  ruby
10:27:27 AM  1000     38360   11.00    4.00    0.00    1.00   15.00     2  ruby
10:27:28 AM  1000     38360   12.00    4.00    0.00    0.00   16.00     8  ruby
10:27:29 AM  1000     38360   10.00    5.00    0.00    0.00   15.00     4  ruby
10:27:30 AM  1000     38360   15.00    2.00    0.00    0.00   17.00    11  ruby
10:27:31 AM  1000     38360   13.00    3.00    0.00    0.00   16.00     0  ruby
10:27:32 AM  1000     38360   13.00    3.00    0.00    1.00   16.00     7  ruby
10:27:33 AM  1000     38360   16.00    3.00    0.00    0.00   19.00     0  ruby
10:27:34 AM  1000     38360   18.00    5.00    0.00    1.00   23.00     2  ruby
10:27:35 AM  1000     38360   11.00    3.00    0.00    1.00   14.00     9  ruby
10:27:36 AM  1000     38360    9.00    4.00    0.00    0.00   13.00     7  ruby
10:27:37 AM  1000     38360   10.00    4.00    0.00    0.00   14.00     6  ruby
10:27:38 AM  1000     38360   11.00    4.00    0.00    0.00   15.00    10  ruby
10:27:39 AM  1000     38360   11.00    3.00    0.00    0.00   14.00    10  ruby
10:27:40 AM  1000     38360   11.00    3.00    0.00    0.00   14.00     8  ruby
10:27:41 AM  1000     38360   13.00    3.00    0.00    0.00   16.00     8  ruby
10:27:42 AM  1000     38360    9.00    5.00    0.00    0.00   14.00    11  ruby
10:27:43 AM  1000     38360   12.00    4.00    0.00    0.00   16.00    11  ruby
10:27:44 AM  1000     38360   15.00    3.00    0.00    0.00   18.00     8  ruby
10:27:45 AM  1000     38360   12.00    4.00    0.00    2.00   16.00     7  ruby
10:27:46 AM  1000     38360   12.00    2.00    0.00    0.00   14.00     6  ruby
10:27:47 AM  1000     38360   10.00    5.00    0.00    0.00   15.00    10  ruby
10:27:48 AM  1000     38360   11.00    5.00    0.00    0.00   16.00     7  ruby
10:27:49 AM  1000     38360   11.00    3.00    0.00    0.00   14.00    11  ruby
10:27:50 AM  1000     38360    9.00    5.00    0.00    0.00   14.00     2  ruby
10:27:51 AM  1000     38360   13.00    5.00    0.00    1.00   18.00    11  ruby
10:27:52 AM  1000     38360   10.00    3.00    0.00    0.00   13.00     8  ruby
10:27:53 AM  1000     38360   15.00    2.00    0.00    0.00   17.00    10  ruby
10:27:54 AM  1000     38360   11.00    3.00    0.00    0.00   14.00     7  ruby
10:27:55 AM  1000     38360   11.00    6.00    0.00    0.00   17.00     2  ruby
10:27:56 AM  1000     38360   11.00    3.00    0.00    0.00   14.00     0  ruby
10:27:57 AM  1000     38360   10.00    5.00    0.00    0.00   15.00     1  ruby
10:27:58 AM  1000     38360   13.00    3.00    0.00    0.00   16.00     3  ruby
10:27:59 AM  1000     38360   12.00    3.00    0.00    0.00   15.00     4  ruby
10:28:00 AM  1000     38360   13.00    4.00    0.00    0.00   17.00     8  ruby
10:28:01 AM  1000     38360   11.00    5.00    0.00    2.00   16.00     6  ruby
10:28:02 AM  1000     38360   10.00    3.00    0.00    0.00   13.00    10  ruby
10:28:03 AM  1000     38360   12.00    4.00    0.00    0.00   16.00    11  ruby
10:28:04 AM  1000     38360   13.00    2.00    0.00    0.00   15.00    11  ruby
10:28:05 AM  1000     38360   10.00    4.00    0.00    0.00   14.00     2  ruby
10:28:06 AM  1000     38360    9.00    2.00    0.00    1.00   11.00     5  ruby
10:28:07 AM  1000     38360   10.00    5.00    0.00    1.00   15.00     5  ruby
10:28:08 AM  1000     38360   10.00    5.00    0.00    0.00   15.00     0  ruby
10:28:09 AM  1000     38360   13.00    3.00    0.00    0.00   16.00     7  ruby
10:28:10 AM  1000     38360   11.00    5.00    0.00    0.00   16.00     2  ruby
10:28:11 AM  1000     38360   10.00    4.00    0.00    0.00   14.00     9  ruby
10:28:12 AM  1000     38360   12.00    3.00    0.00    1.00   15.00     4  ruby
10:28:13 AM  1000     38360   11.00    5.00    0.00    0.00   16.00     0  ruby
10:28:14 AM  1000     38360   13.00    3.00    0.00    0.00   16.00     8  ruby
10:28:15 AM  1000     38360   10.00    5.00    0.00    0.00   15.00     2  ruby
10:28:16 AM  1000     38360   13.00    3.00    0.00    1.00   16.00    10  ruby
10:28:17 AM  1000     38360   12.00    4.00    0.00    0.00   16.00    11  ruby
10:28:18 AM  1000     38360   12.00    4.00    0.00    1.00   16.00     7  ruby
10:28:19 AM  1000     38360   14.00    4.00    0.00    0.00   18.00     9  ruby
10:28:20 AM  1000     38360   10.00    4.00    0.00    0.00   14.00    10  ruby
10:28:21 AM  1000     38360   17.00    3.00    0.00    0.00   20.00    10  ruby
10:28:22 AM  1000     38360   15.00    3.00    0.00    0.00   18.00    10  ruby
10:28:23 AM  1000     38360   14.00    3.00    0.00    1.00   17.00     8  ruby
10:28:24 AM  1000     38360   14.00    3.00    0.00    0.00   17.00     0  ruby
10:28:25 AM  1000     38360   13.00    3.00    0.00    0.00   16.00    10  ruby
10:28:26 AM  1000     38360   13.00    3.00    0.00    0.00   16.00     8  ruby
10:28:27 AM  1000     38360   11.00    4.00    0.00    0.00   15.00     9  ruby
10:28:28 AM  1000     38360   11.00    4.00    0.00    0.00   15.00    11  ruby
10:28:29 AM  1000     38360   11.00    4.00    0.00    0.00   15.00     8  ruby
10:28:30 AM  1000     38360   11.00    5.00    0.00    0.00   16.00     0  ruby
10:28:31 AM  1000     38360   12.00    3.00    0.00    0.00   15.00    10  ruby
10:28:32 AM  1000     38360   13.00    4.00    0.00    1.00   17.00    10  ruby
10:28:33 AM  1000     38360   13.00    4.00    0.00    0.00   17.00     8  ruby
10:28:34 AM  1000     38360   14.00    4.00    0.00    0.00   18.00     5  ruby
10:28:35 AM  1000     38360   16.00    4.00    0.00    0.00   20.00     4  ruby
10:28:36 AM  1000     38360   12.00    3.00    0.00    0.00   15.00    11  ruby
10:28:37 AM  1000     38360   11.00    4.00    0.00    1.00   15.00     4  ruby
10:28:38 AM  1000     38360   12.00    3.00    0.00    0.00   15.00    10  ruby
10:28:39 AM  1000     38360    9.00    4.00    0.00    0.00   13.00     0  ruby
10:28:40 AM  1000     38360   12.00    4.00    0.00    0.00   16.00     2  ruby
10:28:41 AM  1000     38360   14.00    3.00    0.00    0.00   17.00     6  ruby
10:28:42 AM  1000     38360   13.00    3.00    0.00    1.00   16.00     0  ruby
10:28:43 AM  1000     38360   14.00    3.00    0.00    0.00   17.00     6  ruby
10:28:44 AM  1000     38360   12.00    4.00    0.00    0.00   16.00     6  ruby
10:28:45 AM  1000     38360   12.00    3.00    0.00    0.00   15.00    10  ruby

Average:     1000     38360   11.44    3.87    0.00    0.13   15.30     -  ruby
